[0.010s] Invoking command in '/home/benjamin/Documents/seniorProject/ros_ws/build/robot_localization': CMAKE_PREFIX_PATH=${CMAKE_PREFIX_PATH}:/home/benjamin/Documents/seniorProject/ros_ws/install/x3_pathing:/opt/ros/jazzy DEBUGINFOD_URLS=https://debuginfod.ubuntu.com /usr/bin/cmake /home/benjamin/Documents/seniorProject/ros_ws/src/ros_gz_project_template/robot_localization -DCMAKE_INSTALL_PREFIX=/home/benjamin/Documents/seniorProject/ros_ws/install/robot_localization
[0.113s] -- The C compiler identification is GNU 13.3.0
[0.194s] -- The CXX compiler identification is GNU 13.3.0
[0.208s] -- Detecting C compiler ABI info
[0.261s] -- Detecting C compiler ABI info - done
[0.268s] -- Check for working C compiler: /usr/bin/cc - skipped
[0.268s] -- Detecting C compile features
[0.269s] -- Detecting C compile features - done
[0.275s] -- Detecting CXX compiler ABI info
[0.331s] -- Detecting CXX compiler ABI info - done
[0.336s] -- Check for working CXX compiler: /usr/bin/c++ - skipped
[0.336s] -- Detecting CXX compile features
[0.337s] -- Detecting CXX compile features - done
[0.337s] -- robot_localization: You did not request a specific build type: selecting 'RelWithDebInfo'.
[0.341s] -- Found ament_cmake: 2.5.3 (/opt/ros/jazzy/share/ament_cmake/cmake)
[0.429s] -- Found Python3: /usr/bin/python3 (found version "3.12.3") found components: Interpreter 
[0.503s] -- Found angles: 1.16.0 (/opt/ros/jazzy/share/angles/cmake)
[0.518s] -- Found Boost: /usr/lib/aarch64-linux-gnu/cmake/Boost-1.83.0/BoostConfig.cmake (found version "1.83.0")  
[0.521s] -- Found builtin_interfaces: 2.0.2 (/opt/ros/jazzy/share/builtin_interfaces/cmake)
[0.554s] -- Found rosidl_generator_c: 4.6.5 (/opt/ros/jazzy/share/rosidl_generator_c/cmake)
[0.566s] -- Found rosidl_generator_cpp: 4.6.5 (/opt/ros/jazzy/share/rosidl_generator_cpp/cmake)
[0.580s] -- Using all available rosidl_typesupport_c: rosidl_typesupport_fastrtps_c;rosidl_typesupport_introspection_c
[0.595s] -- Using all available rosidl_typesupport_cpp: rosidl_typesupport_fastrtps_cpp;rosidl_typesupport_introspection_cpp
[0.608s] -- Found diagnostic_msgs: 5.3.5 (/opt/ros/jazzy/share/diagnostic_msgs/cmake)
[0.649s] [31mCMake Error at CMakeLists.txt:22 (find_package):
[0.649s]   By not providing "Finddiagnostic_updater.cmake" in CMAKE_MODULE_PATH this
[0.649s]   project has asked CMake to find a package configuration file provided by
[0.649s]   "diagnostic_updater", but CMake did not find one.
[0.649s] 
[0.649s]   Could not find a package configuration file provided by
[0.649s]   "diagnostic_updater" with any of the following names:
[0.649s] 
[0.649s]     diagnostic_updaterConfig.cmake
[0.649s]     diagnostic_updater-config.cmake
[0.649s] 
[0.649s]   Add the installation prefix of "diagnostic_updater" to CMAKE_PREFIX_PATH or
[0.649s]   set "diagnostic_updater_DIR" to a directory containing one of the above
[0.649s]   files.  If "diagnostic_updater" provides a separate development package or
[0.650s]   SDK, be sure it has been installed.
[0.650s] 
[0.650s] [0m
[0.650s] -- Configuring incomplete, errors occurred!
[0.652s] Invoked command in '/home/benjamin/Documents/seniorProject/ros_ws/build/robot_localization' returned '1': CMAKE_PREFIX_PATH=${CMAKE_PREFIX_PATH}:/home/benjamin/Documents/seniorProject/ros_ws/install/x3_pathing:/opt/ros/jazzy DEBUGINFOD_URLS=https://debuginfod.ubuntu.com /usr/bin/cmake /home/benjamin/Documents/seniorProject/ros_ws/src/ros_gz_project_template/robot_localization -DCMAKE_INSTALL_PREFIX=/home/benjamin/Documents/seniorProject/ros_ws/install/robot_localization
