[0.061s] DEBUG:colcon:Command line arguments: ['/usr/bin/colcon', 'build']
[0.061s] DEBUG:colcon:Parsed command line arguments: Namespace(log_base=None, log_level=None, verb_name='build', build_base='build', install_base='install', merge_install=False, symlink_install=False, test_result_base=None, continue_on_error=False, executor='parallel', parallel_workers=6, event_handlers=None, ignore_user_meta=False, metas=['./colcon.meta'], base_paths=['.'], packages_ignore=None, packages_ignore_regex=None, paths=None, packages_up_to=None, packages_up_to_regex=None, packages_above=None, packages_above_and_dependencies=None, packages_above_depth=None, packages_select_by_dep=None, packages_skip_by_dep=None, packages_skip_up_to=None, packages_select_build_failed=False, packages_skip_build_finished=False, packages_select_test_failures=False, packages_skip_test_passed=False, packages_select=None, packages_skip=None, packages_select_regex=None, packages_skip_regex=None, packages_start=None, packages_end=None, allow_overriding=[], cmake_args=None, cmake_target=None, cmake_target_skip_unavailable=False, cmake_clean_cache=False, cmake_clean_first=False, cmake_force_configure=False, ament_cmake_args=None, catkin_cmake_args=None, catkin_skip_building_tests=False, mixin_files=None, mixin=None, verb_parser=<colcon_mixin.mixin.mixin_argument.MixinArgumentDecorator object at 0xe257c23671a0>, verb_extension=<colcon_core.verb.build.BuildVerb object at 0xe257c1463dd0>, main=<bound method BuildVerb.main of <colcon_core.verb.build.BuildVerb object at 0xe257c1463dd0>>, mixin_verb=('build',))
[0.089s] Level 1:colcon.colcon_core.package_discovery:discover_packages(colcon_meta) check parameters
[0.089s] Level 1:colcon.colcon_core.package_discovery:discover_packages(recursive) check parameters
[0.089s] Level 1:colcon.colcon_core.package_discovery:discover_packages(ignore) check parameters
[0.089s] Level 1:colcon.colcon_core.package_discovery:discover_packages(path) check parameters
[0.089s] Level 1:colcon.colcon_core.package_discovery:discover_packages(colcon_meta) discover
[0.089s] Level 1:colcon.colcon_core.package_discovery:discover_packages(recursive) discover
[0.089s] INFO:colcon.colcon_core.package_discovery:Crawling recursively for packages in '/home/benjamin/Documents/seniorProject/ros_ws'
[0.089s] Level 1:colcon.colcon_core.package_identification:_identify(.) by extensions ['ignore', 'ignore_ament_install']
[0.089s] Level 1:colcon.colcon_core.package_identification:_identify(.) by extension 'ignore'
[0.089s] Level 1:colcon.colcon_core.package_identification:_identify(.) by extension 'ignore_ament_install'
[0.089s] Level 1:colcon.colcon_core.package_identification:_identify(.) by extensions ['colcon_pkg']
[0.089s] Level 1:colcon.colcon_core.package_identification:_identify(.) by extension 'colcon_pkg'
[0.089s] Level 1:colcon.colcon_core.package_identification:_identify(.) by extensions ['colcon_meta']
[0.089s] Level 1:colcon.colcon_core.package_identification:_identify(.) by extension 'colcon_meta'
[0.089s] Level 1:colcon.colcon_core.package_identification:_identify(.) by extensions ['ros']
[0.089s] Level 1:colcon.colcon_core.package_identification:_identify(.) by extension 'ros'
[0.111s] Level 1:colcon.colcon_core.package_identification:_identify(.) by extensions ['cmake', 'python']
[0.111s] Level 1:colcon.colcon_core.package_identification:_identify(.) by extension 'cmake'
[0.111s] Level 1:colcon.colcon_core.package_identification:_identify(.) by extension 'python'
[0.111s] Level 1:colcon.colcon_core.package_identification:_identify(.) by extensions ['python_setup_py']
[0.111s] Level 1:colcon.colcon_core.package_identification:_identify(.) by extension 'python_setup_py'
[0.111s] Level 1:colcon.colcon_core.package_identification:_identify(build) by extensions ['ignore', 'ignore_ament_install']
[0.111s] Level 1:colcon.colcon_core.package_identification:_identify(build) by extension 'ignore'
[0.112s] Level 1:colcon.colcon_core.package_identification:_identify(build) ignored
[0.112s] Level 1:colcon.colcon_core.package_identification:_identify(install) by extensions ['ignore', 'ignore_ament_install']
[0.112s] Level 1:colcon.colcon_core.package_identification:_identify(install) by extension 'ignore'
[0.112s] Level 1:colcon.colcon_core.package_identification:_identify(install) ignored
[0.112s] Level 1:colcon.colcon_core.package_identification:_identify(log) by extensions ['ignore', 'ignore_ament_install']
[0.112s] Level 1:colcon.colcon_core.package_identification:_identify(log) by extension 'ignore'
[0.112s] Level 1:colcon.colcon_core.package_identification:_identify(log) ignored
[0.112s] Level 1:colcon.colcon_core.package_identification:_identify(src) by extensions ['ignore', 'ignore_ament_install']
[0.112s] Level 1:colcon.colcon_core.package_identification:_identify(src) by extension 'ignore'
[0.112s] Level 1:colcon.colcon_core.package_identification:_identify(src) by extension 'ignore_ament_install'
[0.112s] Level 1:colcon.colcon_core.package_identification:_identify(src) by extensions ['colcon_pkg']
[0.112s] Level 1:colcon.colcon_core.package_identification:_identify(src) by extension 'colcon_pkg'
[0.112s] Level 1:colcon.colcon_core.package_identification:_identify(src) by extensions ['colcon_meta']
[0.112s] Level 1:colcon.colcon_core.package_identification:_identify(src) by extension 'colcon_meta'
[0.112s] Level 1:colcon.colcon_core.package_identification:_identify(src) by extensions ['ros']
[0.112s] Level 1:colcon.colcon_core.package_identification:_identify(src) by extension 'ros'
[0.112s] Level 1:colcon.colcon_core.package_identification:_identify(src) by extensions ['cmake', 'python']
[0.112s] Level 1:colcon.colcon_core.package_identification:_identify(src) by extension 'cmake'
[0.112s] Level 1:colcon.colcon_core.package_identification:_identify(src) by extension 'python'
[0.112s] Level 1:colcon.colcon_core.package_identification:_identify(src) by extensions ['python_setup_py']
[0.112s] Level 1:colcon.colcon_core.package_identification:_identify(src) by extension 'python_setup_py'
[0.112s] Level 1:colcon.colcon_core.package_identification:_identify(src/ros_gz_project_template) by extensions ['ignore', 'ignore_ament_install']
[0.112s] Level 1:colcon.colcon_core.package_identification:_identify(src/ros_gz_project_template) by extension 'ignore'
[0.112s] Level 1:colcon.colcon_core.package_identification:_identify(src/ros_gz_project_template) by extension 'ignore_ament_install'
[0.112s] Level 1:colcon.colcon_core.package_identification:_identify(src/ros_gz_project_template) by extensions ['colcon_pkg']
[0.112s] Level 1:colcon.colcon_core.package_identification:_identify(src/ros_gz_project_template) by extension 'colcon_pkg'
[0.112s] Level 1:colcon.colcon_core.package_identification:_identify(src/ros_gz_project_template) by extensions ['colcon_meta']
[0.112s] Level 1:colcon.colcon_core.package_identification:_identify(src/ros_gz_project_template) by extension 'colcon_meta'
[0.112s] Level 1:colcon.colcon_core.package_identification:_identify(src/ros_gz_project_template) by extensions ['ros']
[0.112s] Level 1:colcon.colcon_core.package_identification:_identify(src/ros_gz_project_template) by extension 'ros'
[0.112s] Level 1:colcon.colcon_core.package_identification:_identify(src/ros_gz_project_template) by extensions ['cmake', 'python']
[0.112s] Level 1:colcon.colcon_core.package_identification:_identify(src/ros_gz_project_template) by extension 'cmake'
[0.112s] Level 1:colcon.colcon_core.package_identification:_identify(src/ros_gz_project_template) by extension 'python'
[0.112s] Level 1:colcon.colcon_core.package_identification:_identify(src/ros_gz_project_template) by extensions ['python_setup_py']
[0.112s] Level 1:colcon.colcon_core.package_identification:_identify(src/ros_gz_project_template) by extension 'python_setup_py'
[0.112s] Level 1:colcon.colcon_core.package_identification:_identify(src/ros_gz_project_template/ros_gz_example_bringup) by extensions ['ignore', 'ignore_ament_install']
[0.113s] Level 1:colcon.colcon_core.package_identification:_identify(src/ros_gz_project_template/ros_gz_example_bringup) by extension 'ignore'
[0.113s] Level 1:colcon.colcon_core.package_identification:_identify(src/ros_gz_project_template/ros_gz_example_bringup) by extension 'ignore_ament_install'
[0.113s] Level 1:colcon.colcon_core.package_identification:_identify(src/ros_gz_project_template/ros_gz_example_bringup) by extensions ['colcon_pkg']
[0.113s] Level 1:colcon.colcon_core.package_identification:_identify(src/ros_gz_project_template/ros_gz_example_bringup) by extension 'colcon_pkg'
[0.113s] Level 1:colcon.colcon_core.package_identification:_identify(src/ros_gz_project_template/ros_gz_example_bringup) by extensions ['colcon_meta']
[0.113s] Level 1:colcon.colcon_core.package_identification:_identify(src/ros_gz_project_template/ros_gz_example_bringup) by extension 'colcon_meta'
[0.113s] Level 1:colcon.colcon_core.package_identification:_identify(src/ros_gz_project_template/ros_gz_example_bringup) by extensions ['ros']
[0.113s] Level 1:colcon.colcon_core.package_identification:_identify(src/ros_gz_project_template/ros_gz_example_bringup) by extension 'ros'
[0.114s] DEBUG:colcon.colcon_core.package_identification:Package 'src/ros_gz_project_template/ros_gz_example_bringup' with type 'ros.ament_cmake' and name 'ros_gz_example_bringup'
[0.114s] Level 1:colcon.colcon_core.package_identification:_identify(src/ros_gz_project_template/ros_gz_example_description) by extensions ['ignore', 'ignore_ament_install']
[0.115s] Level 1:colcon.colcon_core.package_identification:_identify(src/ros_gz_project_template/ros_gz_example_description) by extension 'ignore'
[0.115s] Level 1:colcon.colcon_core.package_identification:_identify(src/ros_gz_project_template/ros_gz_example_description) by extension 'ignore_ament_install'
[0.115s] Level 1:colcon.colcon_core.package_identification:_identify(src/ros_gz_project_template/ros_gz_example_description) by extensions ['colcon_pkg']
[0.115s] Level 1:colcon.colcon_core.package_identification:_identify(src/ros_gz_project_template/ros_gz_example_description) by extension 'colcon_pkg'
[0.115s] Level 1:colcon.colcon_core.package_identification:_identify(src/ros_gz_project_template/ros_gz_example_description) by extensions ['colcon_meta']
[0.115s] Level 1:colcon.colcon_core.package_identification:_identify(src/ros_gz_project_template/ros_gz_example_description) by extension 'colcon_meta'
[0.115s] Level 1:colcon.colcon_core.package_identification:_identify(src/ros_gz_project_template/ros_gz_example_description) by extensions ['ros']
[0.115s] Level 1:colcon.colcon_core.package_identification:_identify(src/ros_gz_project_template/ros_gz_example_description) by extension 'ros'
[0.115s] DEBUG:colcon.colcon_core.package_identification:Package 'src/ros_gz_project_template/ros_gz_example_description' with type 'ros.ament_cmake' and name 'ros_gz_example_description'
[0.115s] Level 1:colcon.colcon_core.package_identification:_identify(src/ros_gz_project_template/ros_gz_example_gazebo) by extensions ['ignore', 'ignore_ament_install']
[0.115s] Level 1:colcon.colcon_core.package_identification:_identify(src/ros_gz_project_template/ros_gz_example_gazebo) by extension 'ignore'
[0.115s] Level 1:colcon.colcon_core.package_identification:_identify(src/ros_gz_project_template/ros_gz_example_gazebo) by extension 'ignore_ament_install'
[0.115s] Level 1:colcon.colcon_core.package_identification:_identify(src/ros_gz_project_template/ros_gz_example_gazebo) by extensions ['colcon_pkg']
[0.115s] Level 1:colcon.colcon_core.package_identification:_identify(src/ros_gz_project_template/ros_gz_example_gazebo) by extension 'colcon_pkg'
[0.115s] Level 1:colcon.colcon_core.package_identification:_identify(src/ros_gz_project_template/ros_gz_example_gazebo) by extensions ['colcon_meta']
[0.115s] Level 1:colcon.colcon_core.package_identification:_identify(src/ros_gz_project_template/ros_gz_example_gazebo) by extension 'colcon_meta'
[0.115s] Level 1:colcon.colcon_core.package_identification:_identify(src/ros_gz_project_template/ros_gz_example_gazebo) by extensions ['ros']
[0.115s] Level 1:colcon.colcon_core.package_identification:_identify(src/ros_gz_project_template/ros_gz_example_gazebo) by extension 'ros'
[0.116s] DEBUG:colcon.colcon_core.package_identification:Package 'src/ros_gz_project_template/ros_gz_example_gazebo' with type 'ros.ament_cmake' and name 'ros_gz_example_gazebo'
[0.116s] Level 1:colcon.colcon_core.package_identification:_identify(src/ros_gz_project_template/x3_pathing) by extensions ['ignore', 'ignore_ament_install']
[0.116s] Level 1:colcon.colcon_core.package_identification:_identify(src/ros_gz_project_template/x3_pathing) by extension 'ignore'
[0.116s] Level 1:colcon.colcon_core.package_identification:_identify(src/ros_gz_project_template/x3_pathing) by extension 'ignore_ament_install'
[0.116s] Level 1:colcon.colcon_core.package_identification:_identify(src/ros_gz_project_template/x3_pathing) by extensions ['colcon_pkg']
[0.116s] Level 1:colcon.colcon_core.package_identification:_identify(src/ros_gz_project_template/x3_pathing) by extension 'colcon_pkg'
[0.116s] Level 1:colcon.colcon_core.package_identification:_identify(src/ros_gz_project_template/x3_pathing) by extensions ['colcon_meta']
[0.116s] Level 1:colcon.colcon_core.package_identification:_identify(src/ros_gz_project_template/x3_pathing) by extension 'colcon_meta'
[0.116s] Level 1:colcon.colcon_core.package_identification:_identify(src/ros_gz_project_template/x3_pathing) by extensions ['ros']
[0.116s] Level 1:colcon.colcon_core.package_identification:_identify(src/ros_gz_project_template/x3_pathing) by extension 'ros'
[0.116s] DEBUG:colcon.colcon_core.package_identification:Package 'src/ros_gz_project_template/x3_pathing' with type 'ros.ament_python' and name 'x3_pathing'
[0.116s] Level 1:colcon.colcon_core.package_discovery:discover_packages(recursive) using defaults
[0.116s] Level 1:colcon.colcon_core.package_discovery:discover_packages(ignore) discover
[0.116s] Level 1:colcon.colcon_core.package_discovery:discover_packages(ignore) using defaults
[0.116s] Level 1:colcon.colcon_core.package_discovery:discover_packages(path) discover
[0.116s] Level 1:colcon.colcon_core.package_discovery:discover_packages(path) using defaults
[0.129s] Level 1:colcon.colcon_core.package_discovery:discover_packages(prefix_path) check parameters
[0.129s] Level 1:colcon.colcon_core.package_discovery:discover_packages(prefix_path) discover
[0.131s] DEBUG:colcon.colcon_installed_package_information.package_discovery:Found 5 installed packages in /home/benjamin/Documents/seniorProject/ros_ws/install
[0.132s] DEBUG:colcon.colcon_installed_package_information.package_discovery:Found 318 installed packages in /opt/ros/jazzy
[0.132s] Level 1:colcon.colcon_core.package_discovery:discover_packages(prefix_path) using defaults
[0.159s] Level 5:colcon.colcon_core.verb:set package 'ros_gz_example_description' build argument 'cmake_args' from command line to 'None'
[0.159s] Level 5:colcon.colcon_core.verb:set package 'ros_gz_example_description' build argument 'cmake_target' from command line to 'None'
[0.159s] Level 5:colcon.colcon_core.verb:set package 'ros_gz_example_description' build argument 'cmake_target_skip_unavailable' from command line to 'False'
[0.159s] Level 5:colcon.colcon_core.verb:set package 'ros_gz_example_description' build argument 'cmake_clean_cache' from command line to 'False'
[0.159s] Level 5:colcon.colcon_core.verb:set package 'ros_gz_example_description' build argument 'cmake_clean_first' from command line to 'False'
[0.159s] Level 5:colcon.colcon_core.verb:set package 'ros_gz_example_description' build argument 'cmake_force_configure' from command line to 'False'
[0.159s] Level 5:colcon.colcon_core.verb:set package 'ros_gz_example_description' build argument 'ament_cmake_args' from command line to 'None'
[0.159s] Level 5:colcon.colcon_core.verb:set package 'ros_gz_example_description' build argument 'catkin_cmake_args' from command line to 'None'
[0.159s] Level 5:colcon.colcon_core.verb:set package 'ros_gz_example_description' build argument 'catkin_skip_building_tests' from command line to 'False'
[0.159s] DEBUG:colcon.colcon_core.verb:Building package 'ros_gz_example_description' with the following arguments: {'ament_cmake_args': None, 'build_base': '/home/benjamin/Documents/seniorProject/ros_ws/build/ros_gz_example_description', 'catkin_cmake_args': None, 'catkin_skip_building_tests': False, 'cmake_args': None, 'cmake_clean_cache': False, 'cmake_clean_first': False, 'cmake_force_configure': False, 'cmake_target': None, 'cmake_target_skip_unavailable': False, 'install_base': '/home/benjamin/Documents/seniorProject/ros_ws/install/ros_gz_example_description', 'merge_install': False, 'path': '/home/benjamin/Documents/seniorProject/ros_ws/src/ros_gz_project_template/ros_gz_example_description', 'symlink_install': False, 'test_result_base': None}
[0.159s] Level 5:colcon.colcon_core.verb:set package 'x3_pathing' build argument 'cmake_args' from command line to 'None'
[0.160s] Level 5:colcon.colcon_core.verb:set package 'x3_pathing' build argument 'cmake_target' from command line to 'None'
[0.160s] Level 5:colcon.colcon_core.verb:set package 'x3_pathing' build argument 'cmake_target_skip_unavailable' from command line to 'False'
[0.160s] Level 5:colcon.colcon_core.verb:set package 'x3_pathing' build argument 'cmake_clean_cache' from command line to 'False'
[0.160s] Level 5:colcon.colcon_core.verb:set package 'x3_pathing' build argument 'cmake_clean_first' from command line to 'False'
[0.160s] Level 5:colcon.colcon_core.verb:set package 'x3_pathing' build argument 'cmake_force_configure' from command line to 'False'
[0.160s] Level 5:colcon.colcon_core.verb:set package 'x3_pathing' build argument 'ament_cmake_args' from command line to 'None'
[0.160s] Level 5:colcon.colcon_core.verb:set package 'x3_pathing' build argument 'catkin_cmake_args' from command line to 'None'
[0.160s] Level 5:colcon.colcon_core.verb:set package 'x3_pathing' build argument 'catkin_skip_building_tests' from command line to 'False'
[0.160s] DEBUG:colcon.colcon_core.verb:Building package 'x3_pathing' with the following arguments: {'ament_cmake_args': None, 'build_base': '/home/benjamin/Documents/seniorProject/ros_ws/build/x3_pathing', 'catkin_cmake_args': None, 'catkin_skip_building_tests': False, 'cmake_args': None, 'cmake_clean_cache': False, 'cmake_clean_first': False, 'cmake_force_configure': False, 'cmake_target': None, 'cmake_target_skip_unavailable': False, 'install_base': '/home/benjamin/Documents/seniorProject/ros_ws/install/x3_pathing', 'merge_install': False, 'path': '/home/benjamin/Documents/seniorProject/ros_ws/src/ros_gz_project_template/x3_pathing', 'symlink_install': False, 'test_result_base': None}
[0.160s] Level 5:colcon.colcon_core.verb:set package 'ros_gz_example_gazebo' build argument 'cmake_args' from command line to 'None'
[0.160s] Level 5:colcon.colcon_core.verb:set package 'ros_gz_example_gazebo' build argument 'cmake_target' from command line to 'None'
[0.160s] Level 5:colcon.colcon_core.verb:set package 'ros_gz_example_gazebo' build argument 'cmake_target_skip_unavailable' from command line to 'False'
[0.160s] Level 5:colcon.colcon_core.verb:set package 'ros_gz_example_gazebo' build argument 'cmake_clean_cache' from command line to 'False'
[0.160s] Level 5:colcon.colcon_core.verb:set package 'ros_gz_example_gazebo' build argument 'cmake_clean_first' from command line to 'False'
[0.160s] Level 5:colcon.colcon_core.verb:set package 'ros_gz_example_gazebo' build argument 'cmake_force_configure' from command line to 'False'
[0.160s] Level 5:colcon.colcon_core.verb:set package 'ros_gz_example_gazebo' build argument 'ament_cmake_args' from command line to 'None'
[0.160s] Level 5:colcon.colcon_core.verb:set package 'ros_gz_example_gazebo' build argument 'catkin_cmake_args' from command line to 'None'
[0.160s] Level 5:colcon.colcon_core.verb:set package 'ros_gz_example_gazebo' build argument 'catkin_skip_building_tests' from command line to 'False'
[0.160s] DEBUG:colcon.colcon_core.verb:Building package 'ros_gz_example_gazebo' with the following arguments: {'ament_cmake_args': None, 'build_base': '/home/benjamin/Documents/seniorProject/ros_ws/build/ros_gz_example_gazebo', 'catkin_cmake_args': None, 'catkin_skip_building_tests': False, 'cmake_args': None, 'cmake_clean_cache': False, 'cmake_clean_first': False, 'cmake_force_configure': False, 'cmake_target': None, 'cmake_target_skip_unavailable': False, 'install_base': '/home/benjamin/Documents/seniorProject/ros_ws/install/ros_gz_example_gazebo', 'merge_install': False, 'path': '/home/benjamin/Documents/seniorProject/ros_ws/src/ros_gz_project_template/ros_gz_example_gazebo', 'symlink_install': False, 'test_result_base': None}
[0.160s] Level 5:colcon.colcon_core.verb:set package 'ros_gz_example_bringup' build argument 'cmake_args' from command line to 'None'
[0.160s] Level 5:colcon.colcon_core.verb:set package 'ros_gz_example_bringup' build argument 'cmake_target' from command line to 'None'
[0.160s] Level 5:colcon.colcon_core.verb:set package 'ros_gz_example_bringup' build argument 'cmake_target_skip_unavailable' from command line to 'False'
[0.160s] Level 5:colcon.colcon_core.verb:set package 'ros_gz_example_bringup' build argument 'cmake_clean_cache' from command line to 'False'
[0.160s] Level 5:colcon.colcon_core.verb:set package 'ros_gz_example_bringup' build argument 'cmake_clean_first' from command line to 'False'
[0.160s] Level 5:colcon.colcon_core.verb:set package 'ros_gz_example_bringup' build argument 'cmake_force_configure' from command line to 'False'
[0.160s] Level 5:colcon.colcon_core.verb:set package 'ros_gz_example_bringup' build argument 'ament_cmake_args' from command line to 'None'
[0.160s] Level 5:colcon.colcon_core.verb:set package 'ros_gz_example_bringup' build argument 'catkin_cmake_args' from command line to 'None'
[0.160s] Level 5:colcon.colcon_core.verb:set package 'ros_gz_example_bringup' build argument 'catkin_skip_building_tests' from command line to 'False'
[0.160s] DEBUG:colcon.colcon_core.verb:Building package 'ros_gz_example_bringup' with the following arguments: {'ament_cmake_args': None, 'build_base': '/home/benjamin/Documents/seniorProject/ros_ws/build/ros_gz_example_bringup', 'catkin_cmake_args': None, 'catkin_skip_building_tests': False, 'cmake_args': None, 'cmake_clean_cache': False, 'cmake_clean_first': False, 'cmake_force_configure': False, 'cmake_target': None, 'cmake_target_skip_unavailable': False, 'install_base': '/home/benjamin/Documents/seniorProject/ros_ws/install/ros_gz_example_bringup', 'merge_install': False, 'path': '/home/benjamin/Documents/seniorProject/ros_ws/src/ros_gz_project_template/ros_gz_example_bringup', 'symlink_install': False, 'test_result_base': None}
[0.160s] INFO:colcon.colcon_core.executor:Executing jobs using 'parallel' executor
[0.161s] DEBUG:colcon.colcon_parallel_executor.executor.parallel:run_until_complete
[0.161s] INFO:colcon.colcon_ros.task.ament_cmake.build:Building ROS package in '/home/benjamin/Documents/seniorProject/ros_ws/src/ros_gz_project_template/ros_gz_example_description' with build type 'ament_cmake'
[0.161s] INFO:colcon.colcon_cmake.task.cmake.build:Building CMake package in '/home/benjamin/Documents/seniorProject/ros_ws/src/ros_gz_project_template/ros_gz_example_description'
[0.162s] INFO:colcon.colcon_core.plugin_system:Skipping extension 'colcon_core.shell.bat': Not used on non-Windows systems
[0.162s] INFO:colcon.colcon_core.shell:Skip shell extension 'powershell' for command environment: Not usable outside of PowerShell
[0.162s] DEBUG:colcon.colcon_core.shell:Skip shell extension 'dsv' for command environment
[0.164s] INFO:colcon.colcon_ros.task.ament_python.build:Building ROS package in '/home/benjamin/Documents/seniorProject/ros_ws/src/ros_gz_project_template/x3_pathing' with build type 'ament_python'
[0.164s] Level 1:colcon.colcon_core.shell:create_environment_hook('x3_pathing', 'ament_prefix_path')
[0.164s] INFO:colcon.colcon_core.shell:Creating environment hook '/home/benjamin/Documents/seniorProject/ros_ws/install/x3_pathing/share/x3_pathing/hook/ament_prefix_path.ps1'
[0.165s] INFO:colcon.colcon_core.shell:Creating environment descriptor '/home/benjamin/Documents/seniorProject/ros_ws/install/x3_pathing/share/x3_pathing/hook/ament_prefix_path.dsv'
[0.165s] INFO:colcon.colcon_core.shell:Creating environment hook '/home/benjamin/Documents/seniorProject/ros_ws/install/x3_pathing/share/x3_pathing/hook/ament_prefix_path.sh'
[0.166s] INFO:colcon.colcon_core.shell:Skip shell extension 'powershell' for command environment: Not usable outside of PowerShell
[0.166s] DEBUG:colcon.colcon_core.shell:Skip shell extension 'dsv' for command environment
[0.172s] DEBUG:colcon.colcon_core.event_handler.log_command:Invoking command in '/home/benjamin/Documents/seniorProject/ros_ws/build/ros_gz_example_description': CMAKE_PREFIX_PATH=${CMAKE_PREFIX_PATH}:/home/benjamin/Documents/seniorProject/ros_ws/install/x3_pathing:/opt/ros/jazzy DEBUGINFOD_URLS=https://debuginfod.ubuntu.com /usr/bin/cmake --build /home/benjamin/Documents/seniorProject/ros_ws/build/ros_gz_example_description -- -j6 -l6
[0.288s] INFO:colcon.colcon_core.task.python.build:Building Python package in '/home/benjamin/Documents/seniorProject/ros_ws/src/ros_gz_project_template/x3_pathing'
[0.289s] INFO:colcon.colcon_core.shell:Skip shell extension 'powershell' for command environment: Not usable outside of PowerShell
[0.289s] DEBUG:colcon.colcon_core.shell:Skip shell extension 'dsv' for command environment
[0.291s] DEBUG:colcon.colcon_core.event_handler.log_command:Invoked command in '/home/benjamin/Documents/seniorProject/ros_ws/build/ros_gz_example_description' returned '0': CMAKE_PREFIX_PATH=${CMAKE_PREFIX_PATH}:/home/benjamin/Documents/seniorProject/ros_ws/install/x3_pathing:/opt/ros/jazzy DEBUGINFOD_URLS=https://debuginfod.ubuntu.com /usr/bin/cmake --build /home/benjamin/Documents/seniorProject/ros_ws/build/ros_gz_example_description -- -j6 -l6
[0.297s] DEBUG:colcon.colcon_core.event_handler.log_command:Invoking command in '/home/benjamin/Documents/seniorProject/ros_ws/build/ros_gz_example_description': CMAKE_PREFIX_PATH=${CMAKE_PREFIX_PATH}:/home/benjamin/Documents/seniorProject/ros_ws/install/x3_pathing:/opt/ros/jazzy DEBUGINFOD_URLS=https://debuginfod.ubuntu.com /usr/bin/cmake --install /home/benjamin/Documents/seniorProject/ros_ws/build/ros_gz_example_description
[0.306s] Level 1:colcon.colcon_core.environment:create_environment_scripts_only(ros_gz_example_description)
[0.311s] Level 1:colcon.colcon_core.environment:checking '/home/benjamin/Documents/seniorProject/ros_ws/install/ros_gz_example_description' for CMake module files
[0.312s] Level 1:colcon.colcon_core.environment:checking '/home/benjamin/Documents/seniorProject/ros_ws/install/ros_gz_example_description' for CMake config files
[0.313s] DEBUG:colcon.colcon_core.event_handler.log_command:Invoked command in '/home/benjamin/Documents/seniorProject/ros_ws/build/ros_gz_example_description' returned '0': CMAKE_PREFIX_PATH=${CMAKE_PREFIX_PATH}:/home/benjamin/Documents/seniorProject/ros_ws/install/x3_pathing:/opt/ros/jazzy DEBUGINFOD_URLS=https://debuginfod.ubuntu.com /usr/bin/cmake --install /home/benjamin/Documents/seniorProject/ros_ws/build/ros_gz_example_description
[0.313s] Level 1:colcon.colcon_core.shell:create_environment_hook('ros_gz_example_description', 'cmake_prefix_path')
[0.313s] INFO:colcon.colcon_core.shell:Creating environment hook '/home/benjamin/Documents/seniorProject/ros_ws/install/ros_gz_example_description/share/ros_gz_example_description/hook/cmake_prefix_path.ps1'
[0.313s] INFO:colcon.colcon_core.shell:Creating environment descriptor '/home/benjamin/Documents/seniorProject/ros_ws/install/ros_gz_example_description/share/ros_gz_example_description/hook/cmake_prefix_path.dsv'
[0.313s] INFO:colcon.colcon_core.shell:Creating environment hook '/home/benjamin/Documents/seniorProject/ros_ws/install/ros_gz_example_description/share/ros_gz_example_description/hook/cmake_prefix_path.sh'
[0.314s] Level 1:colcon.colcon_core.environment:checking '/home/benjamin/Documents/seniorProject/ros_ws/install/ros_gz_example_description/bin'
[0.314s] Level 1:colcon.colcon_core.environment:checking '/home/benjamin/Documents/seniorProject/ros_ws/install/ros_gz_example_description/lib/pkgconfig/ros_gz_example_description.pc'
[0.314s] Level 1:colcon.colcon_core.environment:checking '/home/benjamin/Documents/seniorProject/ros_ws/install/ros_gz_example_description/lib/python3.12/site-packages'
[0.314s] Level 1:colcon.colcon_core.environment:checking '/home/benjamin/Documents/seniorProject/ros_ws/install/ros_gz_example_description/bin'
[0.314s] INFO:colcon.colcon_core.shell:Creating package script '/home/benjamin/Documents/seniorProject/ros_ws/install/ros_gz_example_description/share/ros_gz_example_description/package.ps1'
[0.314s] INFO:colcon.colcon_core.shell:Creating package descriptor '/home/benjamin/Documents/seniorProject/ros_ws/install/ros_gz_example_description/share/ros_gz_example_description/package.dsv'
[0.315s] INFO:colcon.colcon_core.shell:Creating package script '/home/benjamin/Documents/seniorProject/ros_ws/install/ros_gz_example_description/share/ros_gz_example_description/package.sh'
[0.315s] INFO:colcon.colcon_core.shell:Creating package script '/home/benjamin/Documents/seniorProject/ros_ws/install/ros_gz_example_description/share/ros_gz_example_description/package.bash'
[0.315s] INFO:colcon.colcon_core.shell:Creating package script '/home/benjamin/Documents/seniorProject/ros_ws/install/ros_gz_example_description/share/ros_gz_example_description/package.zsh'
[0.315s] Level 1:colcon.colcon_core.environment:create_file_with_runtime_dependencies(/home/benjamin/Documents/seniorProject/ros_ws/install/ros_gz_example_description/share/colcon-core/packages/ros_gz_example_description)
[0.316s] Level 1:colcon.colcon_core.environment:create_environment_scripts_only(ros_gz_example_description)
[0.316s] Level 1:colcon.colcon_core.environment:checking '/home/benjamin/Documents/seniorProject/ros_ws/install/ros_gz_example_description' for CMake module files
[0.316s] Level 1:colcon.colcon_core.environment:checking '/home/benjamin/Documents/seniorProject/ros_ws/install/ros_gz_example_description' for CMake config files
[0.316s] Level 1:colcon.colcon_core.shell:create_environment_hook('ros_gz_example_description', 'cmake_prefix_path')
[0.316s] INFO:colcon.colcon_core.shell:Creating environment hook '/home/benjamin/Documents/seniorProject/ros_ws/install/ros_gz_example_description/share/ros_gz_example_description/hook/cmake_prefix_path.ps1'
[0.316s] INFO:colcon.colcon_core.shell:Creating environment descriptor '/home/benjamin/Documents/seniorProject/ros_ws/install/ros_gz_example_description/share/ros_gz_example_description/hook/cmake_prefix_path.dsv'
[0.316s] INFO:colcon.colcon_core.shell:Creating environment hook '/home/benjamin/Documents/seniorProject/ros_ws/install/ros_gz_example_description/share/ros_gz_example_description/hook/cmake_prefix_path.sh'
[0.317s] Level 1:colcon.colcon_core.environment:checking '/home/benjamin/Documents/seniorProject/ros_ws/install/ros_gz_example_description/bin'
[0.317s] Level 1:colcon.colcon_core.environment:checking '/home/benjamin/Documents/seniorProject/ros_ws/install/ros_gz_example_description/lib/pkgconfig/ros_gz_example_description.pc'
[0.317s] Level 1:colcon.colcon_core.environment:checking '/home/benjamin/Documents/seniorProject/ros_ws/install/ros_gz_example_description/lib/python3.12/site-packages'
[0.317s] Level 1:colcon.colcon_core.environment:checking '/home/benjamin/Documents/seniorProject/ros_ws/install/ros_gz_example_description/bin'
[0.317s] INFO:colcon.colcon_core.shell:Creating package script '/home/benjamin/Documents/seniorProject/ros_ws/install/ros_gz_example_description/share/ros_gz_example_description/package.ps1'
[0.317s] INFO:colcon.colcon_core.shell:Creating package descriptor '/home/benjamin/Documents/seniorProject/ros_ws/install/ros_gz_example_description/share/ros_gz_example_description/package.dsv'
[0.318s] INFO:colcon.colcon_core.shell:Creating package script '/home/benjamin/Documents/seniorProject/ros_ws/install/ros_gz_example_description/share/ros_gz_example_description/package.sh'
[0.318s] INFO:colcon.colcon_core.shell:Creating package script '/home/benjamin/Documents/seniorProject/ros_ws/install/ros_gz_example_description/share/ros_gz_example_description/package.bash'
[0.318s] INFO:colcon.colcon_core.shell:Creating package script '/home/benjamin/Documents/seniorProject/ros_ws/install/ros_gz_example_description/share/ros_gz_example_description/package.zsh'
[0.318s] Level 1:colcon.colcon_core.environment:create_file_with_runtime_dependencies(/home/benjamin/Documents/seniorProject/ros_ws/install/ros_gz_example_description/share/colcon-core/packages/ros_gz_example_description)
[0.318s] INFO:colcon.colcon_ros.task.ament_cmake.build:Building ROS package in '/home/benjamin/Documents/seniorProject/ros_ws/src/ros_gz_project_template/ros_gz_example_gazebo' with build type 'ament_cmake'
[0.318s] INFO:colcon.colcon_cmake.task.cmake.build:Building CMake package in '/home/benjamin/Documents/seniorProject/ros_ws/src/ros_gz_project_template/ros_gz_example_gazebo'
[0.318s] INFO:colcon.colcon_core.shell:Skip shell extension 'powershell' for command environment: Not usable outside of PowerShell
[0.318s] DEBUG:colcon.colcon_core.shell:Skip shell extension 'dsv' for command environment
[0.325s] DEBUG:colcon.colcon_core.event_handler.log_command:Invoking command in '/home/benjamin/Documents/seniorProject/ros_ws/build/ros_gz_example_gazebo': CMAKE_PREFIX_PATH=/home/benjamin/Documents/seniorProject/ros_ws/install/ros_gz_example_description:/home/benjamin/Documents/seniorProject/ros_ws/install/ros_gz_example_bringup:/home/benjamin/Documents/seniorProject/ros_ws/install/ros_gz_example_gazebo:/home/benjamin/Documents/seniorProject/ros_ws/install/ros_gz_example_application:/opt/ros/jazzy/opt/gz_sim_vendor:/opt/ros/jazzy/opt/gz_sensors_vendor:/opt/ros/jazzy/opt/gz_physics_vendor:/opt/ros/jazzy/opt/sdformat_vendor:/opt/ros/jazzy/opt/gz_gui_vendor:/opt/ros/jazzy/opt/gz_transport_vendor:/opt/ros/jazzy/opt/gz_rendering_vendor:/opt/ros/jazzy/opt/gz_plugin_vendor:/opt/ros/jazzy/opt/gz_fuel_tools_vendor:/opt/ros/jazzy/opt/gz_msgs_vendor:/opt/ros/jazzy/opt/gz_common_vendor:/opt/ros/jazzy/opt/gz_math_vendor:/opt/ros/jazzy/opt/gz_utils_vendor:/opt/ros/jazzy/opt/gz_tools_vendor:/opt/ros/jazzy/opt/gz_ogre_next_vendor:/opt/ros/jazzy/opt/gz_dartsim_vendor:/opt/ros/jazzy/opt/gz_cmake_vendor:/home/benjamin/Documents/seniorProject/ros_ws/install/x3_pathing:/opt/ros/jazzy DEBUGINFOD_URLS=https://debuginfod.ubuntu.com GZ_SIM_RESOURCE_PATH=/home/benjamin/Documents/seniorProject/ros_ws/install/ros_gz_example_description/share/ros_gz_example_description/models:${GZ_SIM_RESOURCE_PATH} /usr/bin/cmake --build /home/benjamin/Documents/seniorProject/ros_ws/build/ros_gz_example_gazebo -- -j6 -l6
[0.388s] DEBUG:colcon.colcon_core.event_handler.log_command:Invoked command in '/home/benjamin/Documents/seniorProject/ros_ws/build/ros_gz_example_gazebo' returned '0': CMAKE_PREFIX_PATH=/home/benjamin/Documents/seniorProject/ros_ws/install/ros_gz_example_description:/home/benjamin/Documents/seniorProject/ros_ws/install/ros_gz_example_bringup:/home/benjamin/Documents/seniorProject/ros_ws/install/ros_gz_example_gazebo:/home/benjamin/Documents/seniorProject/ros_ws/install/ros_gz_example_application:/opt/ros/jazzy/opt/gz_sim_vendor:/opt/ros/jazzy/opt/gz_sensors_vendor:/opt/ros/jazzy/opt/gz_physics_vendor:/opt/ros/jazzy/opt/sdformat_vendor:/opt/ros/jazzy/opt/gz_gui_vendor:/opt/ros/jazzy/opt/gz_transport_vendor:/opt/ros/jazzy/opt/gz_rendering_vendor:/opt/ros/jazzy/opt/gz_plugin_vendor:/opt/ros/jazzy/opt/gz_fuel_tools_vendor:/opt/ros/jazzy/opt/gz_msgs_vendor:/opt/ros/jazzy/opt/gz_common_vendor:/opt/ros/jazzy/opt/gz_math_vendor:/opt/ros/jazzy/opt/gz_utils_vendor:/opt/ros/jazzy/opt/gz_tools_vendor:/opt/ros/jazzy/opt/gz_ogre_next_vendor:/opt/ros/jazzy/opt/gz_dartsim_vendor:/opt/ros/jazzy/opt/gz_cmake_vendor:/home/benjamin/Documents/seniorProject/ros_ws/install/x3_pathing:/opt/ros/jazzy DEBUGINFOD_URLS=https://debuginfod.ubuntu.com GZ_SIM_RESOURCE_PATH=/home/benjamin/Documents/seniorProject/ros_ws/install/ros_gz_example_description/share/ros_gz_example_description/models:${GZ_SIM_RESOURCE_PATH} /usr/bin/cmake --build /home/benjamin/Documents/seniorProject/ros_ws/build/ros_gz_example_gazebo -- -j6 -l6
[0.389s] DEBUG:colcon.colcon_core.event_handler.log_command:Invoking command in '/home/benjamin/Documents/seniorProject/ros_ws/build/ros_gz_example_gazebo': CMAKE_PREFIX_PATH=/home/benjamin/Documents/seniorProject/ros_ws/install/ros_gz_example_description:/home/benjamin/Documents/seniorProject/ros_ws/install/ros_gz_example_bringup:/home/benjamin/Documents/seniorProject/ros_ws/install/ros_gz_example_gazebo:/home/benjamin/Documents/seniorProject/ros_ws/install/ros_gz_example_application:/opt/ros/jazzy/opt/gz_sim_vendor:/opt/ros/jazzy/opt/gz_sensors_vendor:/opt/ros/jazzy/opt/gz_physics_vendor:/opt/ros/jazzy/opt/sdformat_vendor:/opt/ros/jazzy/opt/gz_gui_vendor:/opt/ros/jazzy/opt/gz_transport_vendor:/opt/ros/jazzy/opt/gz_rendering_vendor:/opt/ros/jazzy/opt/gz_plugin_vendor:/opt/ros/jazzy/opt/gz_fuel_tools_vendor:/opt/ros/jazzy/opt/gz_msgs_vendor:/opt/ros/jazzy/opt/gz_common_vendor:/opt/ros/jazzy/opt/gz_math_vendor:/opt/ros/jazzy/opt/gz_utils_vendor:/opt/ros/jazzy/opt/gz_tools_vendor:/opt/ros/jazzy/opt/gz_ogre_next_vendor:/opt/ros/jazzy/opt/gz_dartsim_vendor:/opt/ros/jazzy/opt/gz_cmake_vendor:/home/benjamin/Documents/seniorProject/ros_ws/install/x3_pathing:/opt/ros/jazzy DEBUGINFOD_URLS=https://debuginfod.ubuntu.com GZ_SIM_RESOURCE_PATH=/home/benjamin/Documents/seniorProject/ros_ws/install/ros_gz_example_description/share/ros_gz_example_description/models:${GZ_SIM_RESOURCE_PATH} /usr/bin/cmake --install /home/benjamin/Documents/seniorProject/ros_ws/build/ros_gz_example_gazebo
[0.398s] Level 1:colcon.colcon_core.environment:create_environment_scripts_only(ros_gz_example_gazebo)
[0.398s] Level 1:colcon.colcon_core.environment:checking '/home/benjamin/Documents/seniorProject/ros_ws/install/ros_gz_example_gazebo' for CMake module files
[0.398s] DEBUG:colcon.colcon_core.event_handler.log_command:Invoked command in '/home/benjamin/Documents/seniorProject/ros_ws/build/ros_gz_example_gazebo' returned '0': CMAKE_PREFIX_PATH=/home/benjamin/Documents/seniorProject/ros_ws/install/ros_gz_example_description:/home/benjamin/Documents/seniorProject/ros_ws/install/ros_gz_example_bringup:/home/benjamin/Documents/seniorProject/ros_ws/install/ros_gz_example_gazebo:/home/benjamin/Documents/seniorProject/ros_ws/install/ros_gz_example_application:/opt/ros/jazzy/opt/gz_sim_vendor:/opt/ros/jazzy/opt/gz_sensors_vendor:/opt/ros/jazzy/opt/gz_physics_vendor:/opt/ros/jazzy/opt/sdformat_vendor:/opt/ros/jazzy/opt/gz_gui_vendor:/opt/ros/jazzy/opt/gz_transport_vendor:/opt/ros/jazzy/opt/gz_rendering_vendor:/opt/ros/jazzy/opt/gz_plugin_vendor:/opt/ros/jazzy/opt/gz_fuel_tools_vendor:/opt/ros/jazzy/opt/gz_msgs_vendor:/opt/ros/jazzy/opt/gz_common_vendor:/opt/ros/jazzy/opt/gz_math_vendor:/opt/ros/jazzy/opt/gz_utils_vendor:/opt/ros/jazzy/opt/gz_tools_vendor:/opt/ros/jazzy/opt/gz_ogre_next_vendor:/opt/ros/jazzy/opt/gz_dartsim_vendor:/opt/ros/jazzy/opt/gz_cmake_vendor:/home/benjamin/Documents/seniorProject/ros_ws/install/x3_pathing:/opt/ros/jazzy DEBUGINFOD_URLS=https://debuginfod.ubuntu.com GZ_SIM_RESOURCE_PATH=/home/benjamin/Documents/seniorProject/ros_ws/install/ros_gz_example_description/share/ros_gz_example_description/models:${GZ_SIM_RESOURCE_PATH} /usr/bin/cmake --install /home/benjamin/Documents/seniorProject/ros_ws/build/ros_gz_example_gazebo
[0.399s] Level 1:colcon.colcon_core.environment:checking '/home/benjamin/Documents/seniorProject/ros_ws/install/ros_gz_example_gazebo' for CMake config files
[0.399s] Level 1:colcon.colcon_core.shell:create_environment_hook('ros_gz_example_gazebo', 'cmake_prefix_path')
[0.399s] INFO:colcon.colcon_core.shell:Creating environment hook '/home/benjamin/Documents/seniorProject/ros_ws/install/ros_gz_example_gazebo/share/ros_gz_example_gazebo/hook/cmake_prefix_path.ps1'
[0.399s] INFO:colcon.colcon_core.shell:Creating environment descriptor '/home/benjamin/Documents/seniorProject/ros_ws/install/ros_gz_example_gazebo/share/ros_gz_example_gazebo/hook/cmake_prefix_path.dsv'
[0.399s] INFO:colcon.colcon_core.shell:Creating environment hook '/home/benjamin/Documents/seniorProject/ros_ws/install/ros_gz_example_gazebo/share/ros_gz_example_gazebo/hook/cmake_prefix_path.sh'
[0.400s] Level 1:colcon.colcon_core.environment:checking '/home/benjamin/Documents/seniorProject/ros_ws/install/ros_gz_example_gazebo/lib'
[0.400s] Level 1:colcon.colcon_core.environment:checking '/home/benjamin/Documents/seniorProject/ros_ws/install/ros_gz_example_gazebo/bin'
[0.400s] Level 1:colcon.colcon_core.environment:checking '/home/benjamin/Documents/seniorProject/ros_ws/install/ros_gz_example_gazebo/lib/pkgconfig/ros_gz_example_gazebo.pc'
[0.400s] Level 1:colcon.colcon_core.environment:checking '/home/benjamin/Documents/seniorProject/ros_ws/install/ros_gz_example_gazebo/lib/python3.12/site-packages'
[0.400s] Level 1:colcon.colcon_core.environment:checking '/home/benjamin/Documents/seniorProject/ros_ws/install/ros_gz_example_gazebo/bin'
[0.400s] INFO:colcon.colcon_core.shell:Creating package script '/home/benjamin/Documents/seniorProject/ros_ws/install/ros_gz_example_gazebo/share/ros_gz_example_gazebo/package.ps1'
[0.400s] INFO:colcon.colcon_core.shell:Creating package descriptor '/home/benjamin/Documents/seniorProject/ros_ws/install/ros_gz_example_gazebo/share/ros_gz_example_gazebo/package.dsv'
[0.401s] INFO:colcon.colcon_core.shell:Creating package script '/home/benjamin/Documents/seniorProject/ros_ws/install/ros_gz_example_gazebo/share/ros_gz_example_gazebo/package.sh'
[0.401s] INFO:colcon.colcon_core.shell:Creating package script '/home/benjamin/Documents/seniorProject/ros_ws/install/ros_gz_example_gazebo/share/ros_gz_example_gazebo/package.bash'
[0.402s] INFO:colcon.colcon_core.shell:Creating package script '/home/benjamin/Documents/seniorProject/ros_ws/install/ros_gz_example_gazebo/share/ros_gz_example_gazebo/package.zsh'
[0.402s] Level 1:colcon.colcon_core.environment:create_file_with_runtime_dependencies(/home/benjamin/Documents/seniorProject/ros_ws/install/ros_gz_example_gazebo/share/colcon-core/packages/ros_gz_example_gazebo)
[0.403s] Level 1:colcon.colcon_core.environment:create_environment_scripts_only(ros_gz_example_gazebo)
[0.403s] Level 1:colcon.colcon_core.environment:checking '/home/benjamin/Documents/seniorProject/ros_ws/install/ros_gz_example_gazebo' for CMake module files
[0.403s] Level 1:colcon.colcon_core.environment:checking '/home/benjamin/Documents/seniorProject/ros_ws/install/ros_gz_example_gazebo' for CMake config files
[0.403s] Level 1:colcon.colcon_core.shell:create_environment_hook('ros_gz_example_gazebo', 'cmake_prefix_path')
[0.403s] INFO:colcon.colcon_core.shell:Creating environment hook '/home/benjamin/Documents/seniorProject/ros_ws/install/ros_gz_example_gazebo/share/ros_gz_example_gazebo/hook/cmake_prefix_path.ps1'
[0.403s] INFO:colcon.colcon_core.shell:Creating environment descriptor '/home/benjamin/Documents/seniorProject/ros_ws/install/ros_gz_example_gazebo/share/ros_gz_example_gazebo/hook/cmake_prefix_path.dsv'
[0.403s] INFO:colcon.colcon_core.shell:Creating environment hook '/home/benjamin/Documents/seniorProject/ros_ws/install/ros_gz_example_gazebo/share/ros_gz_example_gazebo/hook/cmake_prefix_path.sh'
[0.404s] Level 1:colcon.colcon_core.environment:checking '/home/benjamin/Documents/seniorProject/ros_ws/install/ros_gz_example_gazebo/lib'
[0.404s] Level 1:colcon.colcon_core.environment:checking '/home/benjamin/Documents/seniorProject/ros_ws/install/ros_gz_example_gazebo/bin'
[0.404s] Level 1:colcon.colcon_core.environment:checking '/home/benjamin/Documents/seniorProject/ros_ws/install/ros_gz_example_gazebo/lib/pkgconfig/ros_gz_example_gazebo.pc'
[0.404s] Level 1:colcon.colcon_core.environment:checking '/home/benjamin/Documents/seniorProject/ros_ws/install/ros_gz_example_gazebo/lib/python3.12/site-packages'
[0.404s] Level 1:colcon.colcon_core.environment:checking '/home/benjamin/Documents/seniorProject/ros_ws/install/ros_gz_example_gazebo/bin'
[0.404s] INFO:colcon.colcon_core.shell:Creating package script '/home/benjamin/Documents/seniorProject/ros_ws/install/ros_gz_example_gazebo/share/ros_gz_example_gazebo/package.ps1'
[0.405s] INFO:colcon.colcon_core.shell:Creating package descriptor '/home/benjamin/Documents/seniorProject/ros_ws/install/ros_gz_example_gazebo/share/ros_gz_example_gazebo/package.dsv'
[0.405s] INFO:colcon.colcon_core.shell:Creating package script '/home/benjamin/Documents/seniorProject/ros_ws/install/ros_gz_example_gazebo/share/ros_gz_example_gazebo/package.sh'
[0.406s] INFO:colcon.colcon_core.shell:Creating package script '/home/benjamin/Documents/seniorProject/ros_ws/install/ros_gz_example_gazebo/share/ros_gz_example_gazebo/package.bash'
[0.407s] INFO:colcon.colcon_core.shell:Creating package script '/home/benjamin/Documents/seniorProject/ros_ws/install/ros_gz_example_gazebo/share/ros_gz_example_gazebo/package.zsh'
[0.407s] Level 1:colcon.colcon_core.environment:create_file_with_runtime_dependencies(/home/benjamin/Documents/seniorProject/ros_ws/install/ros_gz_example_gazebo/share/colcon-core/packages/ros_gz_example_gazebo)
[0.408s] INFO:colcon.colcon_ros.task.ament_cmake.build:Building ROS package in '/home/benjamin/Documents/seniorProject/ros_ws/src/ros_gz_project_template/ros_gz_example_bringup' with build type 'ament_cmake'
[0.408s] INFO:colcon.colcon_cmake.task.cmake.build:Building CMake package in '/home/benjamin/Documents/seniorProject/ros_ws/src/ros_gz_project_template/ros_gz_example_bringup'
[0.408s] INFO:colcon.colcon_core.shell:Skip shell extension 'powershell' for command environment: Not usable outside of PowerShell
[0.408s] DEBUG:colcon.colcon_core.shell:Skip shell extension 'dsv' for command environment
[0.418s] DEBUG:colcon.colcon_core.event_handler.log_command:Invoking command in '/home/benjamin/Documents/seniorProject/ros_ws/build/ros_gz_example_bringup': CMAKE_PREFIX_PATH=/home/benjamin/Documents/seniorProject/ros_ws/install/ros_gz_example_gazebo:/home/benjamin/Documents/seniorProject/ros_ws/install/ros_gz_example_description:/home/benjamin/Documents/seniorProject/ros_ws/install/ros_gz_example_bringup:/home/benjamin/Documents/seniorProject/ros_ws/install/ros_gz_example_application:/opt/ros/jazzy/opt/gz_sim_vendor:/opt/ros/jazzy/opt/gz_sensors_vendor:/opt/ros/jazzy/opt/gz_physics_vendor:/opt/ros/jazzy/opt/sdformat_vendor:/opt/ros/jazzy/opt/gz_gui_vendor:/opt/ros/jazzy/opt/gz_transport_vendor:/opt/ros/jazzy/opt/gz_rendering_vendor:/opt/ros/jazzy/opt/gz_plugin_vendor:/opt/ros/jazzy/opt/gz_fuel_tools_vendor:/opt/ros/jazzy/opt/gz_msgs_vendor:/opt/ros/jazzy/opt/gz_common_vendor:/opt/ros/jazzy/opt/gz_math_vendor:/opt/ros/jazzy/opt/gz_utils_vendor:/opt/ros/jazzy/opt/gz_tools_vendor:/opt/ros/jazzy/opt/gz_ogre_next_vendor:/opt/ros/jazzy/opt/gz_dartsim_vendor:/opt/ros/jazzy/opt/gz_cmake_vendor:/home/benjamin/Documents/seniorProject/ros_ws/install/x3_pathing:/opt/ros/jazzy DEBUGINFOD_URLS=https://debuginfod.ubuntu.com GZ_SIM_PLUGIN_PATH=/home/benjamin/Documents/seniorProject/ros_ws/install/ros_gz_example_gazebo/lib/ros_gz_example_gazebo GZ_SIM_RESOURCE_PATH=/home/benjamin/Documents/seniorProject/ros_ws/install/ros_gz_example_description/share/ros_gz_example_description/models:${GZ_SIM_RESOURCE_PATH} /usr/bin/cmake --build /home/benjamin/Documents/seniorProject/ros_ws/build/ros_gz_example_bringup -- -j6 -l6
[0.450s] DEBUG:colcon.colcon_core.event_handler.log_command:Invoked command in '/home/benjamin/Documents/seniorProject/ros_ws/build/ros_gz_example_bringup' returned '0': CMAKE_PREFIX_PATH=/home/benjamin/Documents/seniorProject/ros_ws/install/ros_gz_example_gazebo:/home/benjamin/Documents/seniorProject/ros_ws/install/ros_gz_example_description:/home/benjamin/Documents/seniorProject/ros_ws/install/ros_gz_example_bringup:/home/benjamin/Documents/seniorProject/ros_ws/install/ros_gz_example_application:/opt/ros/jazzy/opt/gz_sim_vendor:/opt/ros/jazzy/opt/gz_sensors_vendor:/opt/ros/jazzy/opt/gz_physics_vendor:/opt/ros/jazzy/opt/sdformat_vendor:/opt/ros/jazzy/opt/gz_gui_vendor:/opt/ros/jazzy/opt/gz_transport_vendor:/opt/ros/jazzy/opt/gz_rendering_vendor:/opt/ros/jazzy/opt/gz_plugin_vendor:/opt/ros/jazzy/opt/gz_fuel_tools_vendor:/opt/ros/jazzy/opt/gz_msgs_vendor:/opt/ros/jazzy/opt/gz_common_vendor:/opt/ros/jazzy/opt/gz_math_vendor:/opt/ros/jazzy/opt/gz_utils_vendor:/opt/ros/jazzy/opt/gz_tools_vendor:/opt/ros/jazzy/opt/gz_ogre_next_vendor:/opt/ros/jazzy/opt/gz_dartsim_vendor:/opt/ros/jazzy/opt/gz_cmake_vendor:/home/benjamin/Documents/seniorProject/ros_ws/install/x3_pathing:/opt/ros/jazzy DEBUGINFOD_URLS=https://debuginfod.ubuntu.com GZ_SIM_PLUGIN_PATH=/home/benjamin/Documents/seniorProject/ros_ws/install/ros_gz_example_gazebo/lib/ros_gz_example_gazebo GZ_SIM_RESOURCE_PATH=/home/benjamin/Documents/seniorProject/ros_ws/install/ros_gz_example_description/share/ros_gz_example_description/models:${GZ_SIM_RESOURCE_PATH} /usr/bin/cmake --build /home/benjamin/Documents/seniorProject/ros_ws/build/ros_gz_example_bringup -- -j6 -l6
[0.450s] DEBUG:colcon.colcon_core.event_handler.log_command:Invoking command in '/home/benjamin/Documents/seniorProject/ros_ws/build/ros_gz_example_bringup': CMAKE_PREFIX_PATH=/home/benjamin/Documents/seniorProject/ros_ws/install/ros_gz_example_gazebo:/home/benjamin/Documents/seniorProject/ros_ws/install/ros_gz_example_description:/home/benjamin/Documents/seniorProject/ros_ws/install/ros_gz_example_bringup:/home/benjamin/Documents/seniorProject/ros_ws/install/ros_gz_example_application:/opt/ros/jazzy/opt/gz_sim_vendor:/opt/ros/jazzy/opt/gz_sensors_vendor:/opt/ros/jazzy/opt/gz_physics_vendor:/opt/ros/jazzy/opt/sdformat_vendor:/opt/ros/jazzy/opt/gz_gui_vendor:/opt/ros/jazzy/opt/gz_transport_vendor:/opt/ros/jazzy/opt/gz_rendering_vendor:/opt/ros/jazzy/opt/gz_plugin_vendor:/opt/ros/jazzy/opt/gz_fuel_tools_vendor:/opt/ros/jazzy/opt/gz_msgs_vendor:/opt/ros/jazzy/opt/gz_common_vendor:/opt/ros/jazzy/opt/gz_math_vendor:/opt/ros/jazzy/opt/gz_utils_vendor:/opt/ros/jazzy/opt/gz_tools_vendor:/opt/ros/jazzy/opt/gz_ogre_next_vendor:/opt/ros/jazzy/opt/gz_dartsim_vendor:/opt/ros/jazzy/opt/gz_cmake_vendor:/home/benjamin/Documents/seniorProject/ros_ws/install/x3_pathing:/opt/ros/jazzy DEBUGINFOD_URLS=https://debuginfod.ubuntu.com GZ_SIM_PLUGIN_PATH=/home/benjamin/Documents/seniorProject/ros_ws/install/ros_gz_example_gazebo/lib/ros_gz_example_gazebo GZ_SIM_RESOURCE_PATH=/home/benjamin/Documents/seniorProject/ros_ws/install/ros_gz_example_description/share/ros_gz_example_description/models:${GZ_SIM_RESOURCE_PATH} /usr/bin/cmake --install /home/benjamin/Documents/seniorProject/ros_ws/build/ros_gz_example_bringup
[0.458s] Level 1:colcon.colcon_core.environment:create_environment_scripts_only(ros_gz_example_bringup)
[0.458s] Level 1:colcon.colcon_core.environment:checking '/home/benjamin/Documents/seniorProject/ros_ws/install/ros_gz_example_bringup' for CMake module files
[0.458s] Level 1:colcon.colcon_core.environment:checking '/home/benjamin/Documents/seniorProject/ros_ws/install/ros_gz_example_bringup' for CMake config files
[0.458s] DEBUG:colcon.colcon_core.event_handler.log_command:Invoked command in '/home/benjamin/Documents/seniorProject/ros_ws/build/ros_gz_example_bringup' returned '0': CMAKE_PREFIX_PATH=/home/benjamin/Documents/seniorProject/ros_ws/install/ros_gz_example_gazebo:/home/benjamin/Documents/seniorProject/ros_ws/install/ros_gz_example_description:/home/benjamin/Documents/seniorProject/ros_ws/install/ros_gz_example_bringup:/home/benjamin/Documents/seniorProject/ros_ws/install/ros_gz_example_application:/opt/ros/jazzy/opt/gz_sim_vendor:/opt/ros/jazzy/opt/gz_sensors_vendor:/opt/ros/jazzy/opt/gz_physics_vendor:/opt/ros/jazzy/opt/sdformat_vendor:/opt/ros/jazzy/opt/gz_gui_vendor:/opt/ros/jazzy/opt/gz_transport_vendor:/opt/ros/jazzy/opt/gz_rendering_vendor:/opt/ros/jazzy/opt/gz_plugin_vendor:/opt/ros/jazzy/opt/gz_fuel_tools_vendor:/opt/ros/jazzy/opt/gz_msgs_vendor:/opt/ros/jazzy/opt/gz_common_vendor:/opt/ros/jazzy/opt/gz_math_vendor:/opt/ros/jazzy/opt/gz_utils_vendor:/opt/ros/jazzy/opt/gz_tools_vendor:/opt/ros/jazzy/opt/gz_ogre_next_vendor:/opt/ros/jazzy/opt/gz_dartsim_vendor:/opt/ros/jazzy/opt/gz_cmake_vendor:/home/benjamin/Documents/seniorProject/ros_ws/install/x3_pathing:/opt/ros/jazzy DEBUGINFOD_URLS=https://debuginfod.ubuntu.com GZ_SIM_PLUGIN_PATH=/home/benjamin/Documents/seniorProject/ros_ws/install/ros_gz_example_gazebo/lib/ros_gz_example_gazebo GZ_SIM_RESOURCE_PATH=/home/benjamin/Documents/seniorProject/ros_ws/install/ros_gz_example_description/share/ros_gz_example_description/models:${GZ_SIM_RESOURCE_PATH} /usr/bin/cmake --install /home/benjamin/Documents/seniorProject/ros_ws/build/ros_gz_example_bringup
[0.459s] Level 1:colcon.colcon_core.shell:create_environment_hook('ros_gz_example_bringup', 'cmake_prefix_path')
[0.459s] INFO:colcon.colcon_core.shell:Creating environment hook '/home/benjamin/Documents/seniorProject/ros_ws/install/ros_gz_example_bringup/share/ros_gz_example_bringup/hook/cmake_prefix_path.ps1'
[0.459s] INFO:colcon.colcon_core.shell:Creating environment descriptor '/home/benjamin/Documents/seniorProject/ros_ws/install/ros_gz_example_bringup/share/ros_gz_example_bringup/hook/cmake_prefix_path.dsv'
[0.460s] INFO:colcon.colcon_core.shell:Creating environment hook '/home/benjamin/Documents/seniorProject/ros_ws/install/ros_gz_example_bringup/share/ros_gz_example_bringup/hook/cmake_prefix_path.sh'
[0.460s] Level 1:colcon.colcon_core.environment:checking '/home/benjamin/Documents/seniorProject/ros_ws/install/ros_gz_example_bringup/bin'
[0.460s] Level 1:colcon.colcon_core.environment:checking '/home/benjamin/Documents/seniorProject/ros_ws/install/ros_gz_example_bringup/lib/pkgconfig/ros_gz_example_bringup.pc'
[0.460s] Level 1:colcon.colcon_core.environment:checking '/home/benjamin/Documents/seniorProject/ros_ws/install/ros_gz_example_bringup/lib/python3.12/site-packages'
[0.460s] Level 1:colcon.colcon_core.environment:checking '/home/benjamin/Documents/seniorProject/ros_ws/install/ros_gz_example_bringup/bin'
[0.460s] INFO:colcon.colcon_core.shell:Creating package script '/home/benjamin/Documents/seniorProject/ros_ws/install/ros_gz_example_bringup/share/ros_gz_example_bringup/package.ps1'
[0.461s] INFO:colcon.colcon_core.shell:Creating package descriptor '/home/benjamin/Documents/seniorProject/ros_ws/install/ros_gz_example_bringup/share/ros_gz_example_bringup/package.dsv'
[0.461s] INFO:colcon.colcon_core.shell:Creating package script '/home/benjamin/Documents/seniorProject/ros_ws/install/ros_gz_example_bringup/share/ros_gz_example_bringup/package.sh'
[0.461s] INFO:colcon.colcon_core.shell:Creating package script '/home/benjamin/Documents/seniorProject/ros_ws/install/ros_gz_example_bringup/share/ros_gz_example_bringup/package.bash'
[0.461s] INFO:colcon.colcon_core.shell:Creating package script '/home/benjamin/Documents/seniorProject/ros_ws/install/ros_gz_example_bringup/share/ros_gz_example_bringup/package.zsh'
[0.462s] Level 1:colcon.colcon_core.environment:create_file_with_runtime_dependencies(/home/benjamin/Documents/seniorProject/ros_ws/install/ros_gz_example_bringup/share/colcon-core/packages/ros_gz_example_bringup)
[0.462s] Level 1:colcon.colcon_core.environment:create_environment_scripts_only(ros_gz_example_bringup)
[0.462s] Level 1:colcon.colcon_core.environment:checking '/home/benjamin/Documents/seniorProject/ros_ws/install/ros_gz_example_bringup' for CMake module files
[0.462s] Level 1:colcon.colcon_core.environment:checking '/home/benjamin/Documents/seniorProject/ros_ws/install/ros_gz_example_bringup' for CMake config files
[0.462s] Level 1:colcon.colcon_core.shell:create_environment_hook('ros_gz_example_bringup', 'cmake_prefix_path')
[0.462s] INFO:colcon.colcon_core.shell:Creating environment hook '/home/benjamin/Documents/seniorProject/ros_ws/install/ros_gz_example_bringup/share/ros_gz_example_bringup/hook/cmake_prefix_path.ps1'
[0.462s] INFO:colcon.colcon_core.shell:Creating environment descriptor '/home/benjamin/Documents/seniorProject/ros_ws/install/ros_gz_example_bringup/share/ros_gz_example_bringup/hook/cmake_prefix_path.dsv'
[0.463s] INFO:colcon.colcon_core.shell:Creating environment hook '/home/benjamin/Documents/seniorProject/ros_ws/install/ros_gz_example_bringup/share/ros_gz_example_bringup/hook/cmake_prefix_path.sh'
[0.463s] Level 1:colcon.colcon_core.environment:checking '/home/benjamin/Documents/seniorProject/ros_ws/install/ros_gz_example_bringup/bin'
[0.463s] Level 1:colcon.colcon_core.environment:checking '/home/benjamin/Documents/seniorProject/ros_ws/install/ros_gz_example_bringup/lib/pkgconfig/ros_gz_example_bringup.pc'
[0.463s] Level 1:colcon.colcon_core.environment:checking '/home/benjamin/Documents/seniorProject/ros_ws/install/ros_gz_example_bringup/lib/python3.12/site-packages'
[0.463s] Level 1:colcon.colcon_core.environment:checking '/home/benjamin/Documents/seniorProject/ros_ws/install/ros_gz_example_bringup/bin'
[0.463s] INFO:colcon.colcon_core.shell:Creating package script '/home/benjamin/Documents/seniorProject/ros_ws/install/ros_gz_example_bringup/share/ros_gz_example_bringup/package.ps1'
[0.463s] INFO:colcon.colcon_core.shell:Creating package descriptor '/home/benjamin/Documents/seniorProject/ros_ws/install/ros_gz_example_bringup/share/ros_gz_example_bringup/package.dsv'
[0.464s] INFO:colcon.colcon_core.shell:Creating package script '/home/benjamin/Documents/seniorProject/ros_ws/install/ros_gz_example_bringup/share/ros_gz_example_bringup/package.sh'
[0.464s] INFO:colcon.colcon_core.shell:Creating package script '/home/benjamin/Documents/seniorProject/ros_ws/install/ros_gz_example_bringup/share/ros_gz_example_bringup/package.bash'
[0.464s] INFO:colcon.colcon_core.shell:Creating package script '/home/benjamin/Documents/seniorProject/ros_ws/install/ros_gz_example_bringup/share/ros_gz_example_bringup/package.zsh'
[0.464s] Level 1:colcon.colcon_core.environment:create_file_with_runtime_dependencies(/home/benjamin/Documents/seniorProject/ros_ws/install/ros_gz_example_bringup/share/colcon-core/packages/ros_gz_example_bringup)
[0.613s] DEBUG:colcon.colcon_core.event_handler.log_command:Invoking command in '/home/benjamin/Documents/seniorProject/ros_ws/src/ros_gz_project_template/x3_pathing': DEBUGINFOD_URLS=https://debuginfod.ubuntu.com PYTHONPATH=/home/benjamin/Documents/seniorProject/ros_ws/build/x3_pathing/prefix_override:/usr/lib/python3/dist-packages/colcon_core/task/python/colcon_distutils_commands:/home/benjamin/Documents/seniorProject/ros_ws/install/x3_pathing/lib/python3.12/site-packages:${PYTHONPATH} /usr/bin/python3 -W ignore:setup.py install is deprecated -W ignore:easy_install command is deprecated setup.py egg_info --egg-base ../../../build/x3_pathing build --build-base /home/benjamin/Documents/seniorProject/ros_ws/build/x3_pathing/build install --record /home/benjamin/Documents/seniorProject/ros_ws/build/x3_pathing/install.log --single-version-externally-managed install_data
[0.861s] Level 1:colcon.colcon_core.environment:checking '/home/benjamin/Documents/seniorProject/ros_ws/install/x3_pathing' for CMake module files
[0.861s] DEBUG:colcon.colcon_core.event_handler.log_command:Invoked command in '/home/benjamin/Documents/seniorProject/ros_ws/src/ros_gz_project_template/x3_pathing' returned '0': DEBUGINFOD_URLS=https://debuginfod.ubuntu.com PYTHONPATH=/home/benjamin/Documents/seniorProject/ros_ws/build/x3_pathing/prefix_override:/usr/lib/python3/dist-packages/colcon_core/task/python/colcon_distutils_commands:/home/benjamin/Documents/seniorProject/ros_ws/install/x3_pathing/lib/python3.12/site-packages:${PYTHONPATH} /usr/bin/python3 -W ignore:setup.py install is deprecated -W ignore:easy_install command is deprecated setup.py egg_info --egg-base ../../../build/x3_pathing build --build-base /home/benjamin/Documents/seniorProject/ros_ws/build/x3_pathing/build install --record /home/benjamin/Documents/seniorProject/ros_ws/build/x3_pathing/install.log --single-version-externally-managed install_data
[0.861s] Level 1:colcon.colcon_core.environment:checking '/home/benjamin/Documents/seniorProject/ros_ws/install/x3_pathing' for CMake config files
[0.862s] Level 1:colcon.colcon_core.environment:checking '/home/benjamin/Documents/seniorProject/ros_ws/install/x3_pathing/lib'
[0.862s] Level 1:colcon.colcon_core.environment:checking '/home/benjamin/Documents/seniorProject/ros_ws/install/x3_pathing/bin'
[0.862s] Level 1:colcon.colcon_core.environment:checking '/home/benjamin/Documents/seniorProject/ros_ws/install/x3_pathing/lib/pkgconfig/x3_pathing.pc'
[0.862s] Level 1:colcon.colcon_core.environment:checking '/home/benjamin/Documents/seniorProject/ros_ws/install/x3_pathing/lib/python3.12/site-packages'
[0.862s] Level 1:colcon.colcon_core.shell:create_environment_hook('x3_pathing', 'pythonpath')
[0.862s] INFO:colcon.colcon_core.shell:Creating environment hook '/home/benjamin/Documents/seniorProject/ros_ws/install/x3_pathing/share/x3_pathing/hook/pythonpath.ps1'
[0.862s] INFO:colcon.colcon_core.shell:Creating environment descriptor '/home/benjamin/Documents/seniorProject/ros_ws/install/x3_pathing/share/x3_pathing/hook/pythonpath.dsv'
[0.863s] INFO:colcon.colcon_core.shell:Creating environment hook '/home/benjamin/Documents/seniorProject/ros_ws/install/x3_pathing/share/x3_pathing/hook/pythonpath.sh'
[0.863s] Level 1:colcon.colcon_core.environment:checking '/home/benjamin/Documents/seniorProject/ros_ws/install/x3_pathing/bin'
[0.863s] Level 1:colcon.colcon_core.environment:create_environment_scripts_only(x3_pathing)
[0.863s] INFO:colcon.colcon_core.shell:Creating package script '/home/benjamin/Documents/seniorProject/ros_ws/install/x3_pathing/share/x3_pathing/package.ps1'
[0.864s] INFO:colcon.colcon_core.shell:Creating package descriptor '/home/benjamin/Documents/seniorProject/ros_ws/install/x3_pathing/share/x3_pathing/package.dsv'
[0.864s] INFO:colcon.colcon_core.shell:Creating package script '/home/benjamin/Documents/seniorProject/ros_ws/install/x3_pathing/share/x3_pathing/package.sh'
[0.864s] INFO:colcon.colcon_core.shell:Creating package script '/home/benjamin/Documents/seniorProject/ros_ws/install/x3_pathing/share/x3_pathing/package.bash'
[0.864s] INFO:colcon.colcon_core.shell:Creating package script '/home/benjamin/Documents/seniorProject/ros_ws/install/x3_pathing/share/x3_pathing/package.zsh'
[0.864s] Level 1:colcon.colcon_core.environment:create_file_with_runtime_dependencies(/home/benjamin/Documents/seniorProject/ros_ws/install/x3_pathing/share/colcon-core/packages/x3_pathing)
[0.865s] DEBUG:colcon.colcon_parallel_executor.executor.parallel:closing loop
[0.865s] DEBUG:colcon.colcon_parallel_executor.executor.parallel:loop closed
[0.865s] DEBUG:colcon.colcon_parallel_executor.executor.parallel:run_until_complete finished with '0'
[0.865s] DEBUG:colcon.colcon_core.event_reactor:joining thread
[0.869s] INFO:colcon.colcon_core.plugin_system:Skipping extension 'colcon_notification.desktop_notification.terminal_notifier': Not used on non-Darwin systems
[0.869s] INFO:colcon.colcon_core.plugin_system:Skipping extension 'colcon_notification.desktop_notification.win32': Not used on non-Windows systems
[0.869s] INFO:colcon.colcon_notification.desktop_notification:Sending desktop notification using 'notify2'
[0.886s] DEBUG:colcon.colcon_core.event_reactor:joined thread
[0.886s] INFO:colcon.colcon_core.shell:Creating prefix script '/home/benjamin/Documents/seniorProject/ros_ws/install/local_setup.ps1'
[0.886s] INFO:colcon.colcon_core.shell:Creating prefix util module '/home/benjamin/Documents/seniorProject/ros_ws/install/_local_setup_util_ps1.py'
[0.887s] INFO:colcon.colcon_core.shell:Creating prefix chain script '/home/benjamin/Documents/seniorProject/ros_ws/install/setup.ps1'
[0.888s] INFO:colcon.colcon_core.shell:Creating prefix script '/home/benjamin/Documents/seniorProject/ros_ws/install/local_setup.sh'
[0.888s] INFO:colcon.colcon_core.shell:Creating prefix util module '/home/benjamin/Documents/seniorProject/ros_ws/install/_local_setup_util_sh.py'
[0.888s] INFO:colcon.colcon_core.shell:Creating prefix chain script '/home/benjamin/Documents/seniorProject/ros_ws/install/setup.sh'
[0.889s] INFO:colcon.colcon_core.shell:Creating prefix script '/home/benjamin/Documents/seniorProject/ros_ws/install/local_setup.bash'
[0.889s] INFO:colcon.colcon_core.shell:Creating prefix chain script '/home/benjamin/Documents/seniorProject/ros_ws/install/setup.bash'
[0.890s] INFO:colcon.colcon_core.shell:Creating prefix script '/home/benjamin/Documents/seniorProject/ros_ws/install/local_setup.zsh'
[0.890s] INFO:colcon.colcon_core.shell:Creating prefix chain script '/home/benjamin/Documents/seniorProject/ros_ws/install/setup.zsh'
