[0.009s] Invoking command in '/home/benjamin/Documents/seniorProject/ros_ws/build/ros_gz_example_description': CMAKE_PREFIX_PATH=${CMAKE_PREFIX_PATH}:/opt/ros/jazzy DEBUGINFOD_URLS=https://debuginfod.ubuntu.com /usr/bin/cmake --build /home/benjamin/Documents/seniorProject/ros_ws/build/ros_gz_example_description -- -j6 -l6
[0.121s] Invoked command in '/home/benjamin/Documents/seniorProject/ros_ws/build/ros_gz_example_description' returned '0': CMAKE_PREFIX_PATH=${CMAKE_PREFIX_PATH}:/opt/ros/jazzy DEBUGINFOD_URLS=https://debuginfod.ubuntu.com /usr/bin/cmake --build /home/benjamin/Documents/seniorProject/ros_ws/build/ros_gz_example_description -- -j6 -l6
[0.126s] Invoking command in '/home/benjamin/Documents/seniorProject/ros_ws/build/ros_gz_example_description': CMAKE_PREFIX_PATH=${CMAKE_PREFIX_PATH}:/opt/ros/jazzy DEBUGINFOD_URLS=https://debuginfod.ubuntu.com /usr/bin/cmake --install /home/benjamin/Documents/seniorProject/ros_ws/build/ros_gz_example_description
[0.130s] -- Install configuration: ""
[0.131s] -- Up-to-date: /home/benjamin/Documents/seniorProject/ros_ws/install/ros_gz_example_description/share/ros_gz_example_description/models
[0.131s] -- Up-to-date: /home/benjamin/Documents/seniorProject/ros_ws/install/ros_gz_example_description/share/ros_gz_example_description/models/X3 old
[0.131s] -- Up-to-date: /home/benjamin/Documents/seniorProject/ros_ws/install/ros_gz_example_description/share/ros_gz_example_description/models/X3 old/thumbnails
[0.131s] -- Up-to-date: /home/benjamin/Documents/seniorProject/ros_ws/install/ros_gz_example_description/share/ros_gz_example_description/models/X3 old/thumbnails/1.jpg
[0.131s] -- Up-to-date: /home/benjamin/Documents/seniorProject/ros_ws/install/ros_gz_example_description/share/ros_gz_example_description/models/X3 old/thumbnails/4.jpg
[0.131s] -- Up-to-date: /home/benjamin/Documents/seniorProject/ros_ws/install/ros_gz_example_description/share/ros_gz_example_description/models/X3 old/thumbnails/2.jpg
[0.131s] -- Up-to-date: /home/benjamin/Documents/seniorProject/ros_ws/install/ros_gz_example_description/share/ros_gz_example_description/models/X3 old/thumbnails/3.jpg
[0.131s] -- Up-to-date: /home/benjamin/Documents/seniorProject/ros_ws/install/ros_gz_example_description/share/ros_gz_example_description/models/X3 old/thumbnails/5.jpg
[0.131s] -- Up-to-date: /home/benjamin/Documents/seniorProject/ros_ws/install/ros_gz_example_description/share/ros_gz_example_description/models/X3 old/materials
[0.131s] -- Up-to-date: /home/benjamin/Documents/seniorProject/ros_ws/install/ros_gz_example_description/share/ros_gz_example_description/models/X3 old/materials/textures
[0.131s] -- Up-to-date: /home/benjamin/Documents/seniorProject/ros_ws/install/ros_gz_example_description/share/ros_gz_example_description/models/X3 old/materials/textures/spotlight.jpg
[0.131s] -- Up-to-date: /home/benjamin/Documents/seniorProject/ros_ws/install/ros_gz_example_description/share/ros_gz_example_description/models/X3 old/materials/textures/led.jpg
[0.131s] -- Up-to-date: /home/benjamin/Documents/seniorProject/ros_ws/install/ros_gz_example_description/share/ros_gz_example_description/models/X3 old/model.sdf
[0.131s] -- Up-to-date: /home/benjamin/Documents/seniorProject/ros_ws/install/ros_gz_example_description/share/ros_gz_example_description/models/X3 old/meshes
[0.132s] -- Up-to-date: /home/benjamin/Documents/seniorProject/ros_ws/install/ros_gz_example_description/share/ros_gz_example_description/models/X3 old/meshes/vi_sensor.dae
[0.132s] -- Up-to-date: /home/benjamin/Documents/seniorProject/ros_ws/install/ros_gz_example_description/share/ros_gz_example_description/models/X3 old/meshes/led_lamp.dae
[0.132s] -- Up-to-date: /home/benjamin/Documents/seniorProject/ros_ws/install/ros_gz_example_description/share/ros_gz_example_description/models/X3 old/meshes/propeller_cw.dae
[0.132s] -- Up-to-date: /home/benjamin/Documents/seniorProject/ros_ws/install/ros_gz_example_description/share/ros_gz_example_description/models/X3 old/meshes/propeller_ccw.dae
[0.132s] -- Up-to-date: /home/benjamin/Documents/seniorProject/ros_ws/install/ros_gz_example_description/share/ros_gz_example_description/models/X3 old/meshes/iris.dae
[0.132s] -- Up-to-date: /home/benjamin/Documents/seniorProject/ros_ws/install/ros_gz_example_description/share/ros_gz_example_description/models/X3 old/meshes/spotlight.dae
[0.132s] -- Up-to-date: /home/benjamin/Documents/seniorProject/ros_ws/install/ros_gz_example_description/share/ros_gz_example_description/models/X3 old/meshes/vi_sensor.jpg
[0.132s] -- Up-to-date: /home/benjamin/Documents/seniorProject/ros_ws/install/ros_gz_example_description/share/ros_gz_example_description/models/X3 old/meshes/x3.dae
[0.132s] -- Up-to-date: /home/benjamin/Documents/seniorProject/ros_ws/install/ros_gz_example_description/share/ros_gz_example_description/models/X3 old/meshes/x3.jpg
[0.132s] -- Up-to-date: /home/benjamin/Documents/seniorProject/ros_ws/install/ros_gz_example_description/share/ros_gz_example_description/models/X3 old/meshes/led.dae
[0.133s] -- Up-to-date: /home/benjamin/Documents/seniorProject/ros_ws/install/ros_gz_example_description/share/ros_gz_example_description/models/X3 old/meshes/vi_camera.jpg
[0.133s] -- Up-to-date: /home/benjamin/Documents/seniorProject/ros_ws/install/ros_gz_example_description/share/ros_gz_example_description/models/X3 old/meshes/vi_camera.dae
[0.133s] -- Up-to-date: /home/benjamin/Documents/seniorProject/ros_ws/install/ros_gz_example_description/share/ros_gz_example_description/models/X3 old/model.config
[0.133s] -- Up-to-date: /home/benjamin/Documents/seniorProject/ros_ws/install/ros_gz_example_description/share/ros_gz_example_description/models/rrbot
[0.133s] -- Up-to-date: /home/benjamin/Documents/seniorProject/ros_ws/install/ros_gz_example_description/share/ros_gz_example_description/models/rrbot/model.sdf
[0.133s] -- Up-to-date: /home/benjamin/Documents/seniorProject/ros_ws/install/ros_gz_example_description/share/ros_gz_example_description/models/x3_url
[0.133s] -- Up-to-date: /home/benjamin/Documents/seniorProject/ros_ws/install/ros_gz_example_description/share/ros_gz_example_description/models/x3_url/thumbnails
[0.133s] -- Up-to-date: /home/benjamin/Documents/seniorProject/ros_ws/install/ros_gz_example_description/share/ros_gz_example_description/models/x3_url/thumbnails/1.jpg
[0.133s] -- Up-to-date: /home/benjamin/Documents/seniorProject/ros_ws/install/ros_gz_example_description/share/ros_gz_example_description/models/x3_url/thumbnails/4.jpg
[0.133s] -- Up-to-date: /home/benjamin/Documents/seniorProject/ros_ws/install/ros_gz_example_description/share/ros_gz_example_description/models/x3_url/thumbnails/2.jpg
[0.133s] -- Up-to-date: /home/benjamin/Documents/seniorProject/ros_ws/install/ros_gz_example_description/share/ros_gz_example_description/models/x3_url/thumbnails/3.jpg
[0.133s] -- Up-to-date: /home/benjamin/Documents/seniorProject/ros_ws/install/ros_gz_example_description/share/ros_gz_example_description/models/x3_url/thumbnails/5.jpg
[0.133s] -- Up-to-date: /home/benjamin/Documents/seniorProject/ros_ws/install/ros_gz_example_description/share/ros_gz_example_description/models/x3_url/materials
[0.133s] -- Up-to-date: /home/benjamin/Documents/seniorProject/ros_ws/install/ros_gz_example_description/share/ros_gz_example_description/models/x3_url/materials/textures
[0.133s] -- Up-to-date: /home/benjamin/Documents/seniorProject/ros_ws/install/ros_gz_example_description/share/ros_gz_example_description/models/x3_url/materials/textures/spotlight.jpg
[0.133s] -- Up-to-date: /home/benjamin/Documents/seniorProject/ros_ws/install/ros_gz_example_description/share/ros_gz_example_description/models/x3_url/materials/textures/led.jpg
[0.133s] -- Up-to-date: /home/benjamin/Documents/seniorProject/ros_ws/install/ros_gz_example_description/share/ros_gz_example_description/models/x3_url/model.sdf
[0.134s] -- Up-to-date: /home/benjamin/Documents/seniorProject/ros_ws/install/ros_gz_example_description/share/ros_gz_example_description/models/x3_url/meshes
[0.134s] -- Up-to-date: /home/benjamin/Documents/seniorProject/ros_ws/install/ros_gz_example_description/share/ros_gz_example_description/models/x3_url/meshes/vi_sensor.dae
[0.134s] -- Up-to-date: /home/benjamin/Documents/seniorProject/ros_ws/install/ros_gz_example_description/share/ros_gz_example_description/models/x3_url/meshes/led_lamp.dae
[0.134s] -- Up-to-date: /home/benjamin/Documents/seniorProject/ros_ws/install/ros_gz_example_description/share/ros_gz_example_description/models/x3_url/meshes/propeller_cw.dae
[0.134s] -- Up-to-date: /home/benjamin/Documents/seniorProject/ros_ws/install/ros_gz_example_description/share/ros_gz_example_description/models/x3_url/meshes/propeller_ccw.dae
[0.134s] -- Up-to-date: /home/benjamin/Documents/seniorProject/ros_ws/install/ros_gz_example_description/share/ros_gz_example_description/models/x3_url/meshes/iris.dae
[0.134s] -- Up-to-date: /home/benjamin/Documents/seniorProject/ros_ws/install/ros_gz_example_description/share/ros_gz_example_description/models/x3_url/meshes/spotlight.dae
[0.134s] -- Up-to-date: /home/benjamin/Documents/seniorProject/ros_ws/install/ros_gz_example_description/share/ros_gz_example_description/models/x3_url/meshes/vi_sensor.jpg
[0.134s] -- Up-to-date: /home/benjamin/Documents/seniorProject/ros_ws/install/ros_gz_example_description/share/ros_gz_example_description/models/x3_url/meshes/x3.dae
[0.134s] -- Up-to-date: /home/benjamin/Documents/seniorProject/ros_ws/install/ros_gz_example_description/share/ros_gz_example_description/models/x3_url/meshes/x3.jpg
[0.135s] -- Up-to-date: /home/benjamin/Documents/seniorProject/ros_ws/install/ros_gz_example_description/share/ros_gz_example_description/models/x3_url/meshes/led.dae
[0.135s] -- Up-to-date: /home/benjamin/Documents/seniorProject/ros_ws/install/ros_gz_example_description/share/ros_gz_example_description/models/x3_url/meshes/vi_camera.jpg
[0.135s] -- Up-to-date: /home/benjamin/Documents/seniorProject/ros_ws/install/ros_gz_example_description/share/ros_gz_example_description/models/x3_url/meshes/vi_camera.dae
[0.135s] -- Up-to-date: /home/benjamin/Documents/seniorProject/ros_ws/install/ros_gz_example_description/share/ros_gz_example_description/models/x3_url/model.config
[0.135s] -- Up-to-date: /home/benjamin/Documents/seniorProject/ros_ws/install/ros_gz_example_description/share/ros_gz_example_description/models/diff_drive
[0.135s] -- Up-to-date: /home/benjamin/Documents/seniorProject/ros_ws/install/ros_gz_example_description/share/ros_gz_example_description/models/diff_drive/model.sdf
[0.135s] -- Up-to-date: /home/benjamin/Documents/seniorProject/ros_ws/install/ros_gz_example_description/share/ros_gz_example_description/models/diff_drive/model.config
[0.135s] -- Up-to-date: /home/benjamin/Documents/seniorProject/ros_ws/install/ros_gz_example_description/share/ros_gz_example_description/models/x3
[0.136s] -- Up-to-date: /home/benjamin/Documents/seniorProject/ros_ws/install/ros_gz_example_description/share/ros_gz_example_description/models/x3/thumbnails
[0.136s] -- Up-to-date: /home/benjamin/Documents/seniorProject/ros_ws/install/ros_gz_example_description/share/ros_gz_example_description/models/x3/thumbnails/1.jpg
[0.136s] -- Up-to-date: /home/benjamin/Documents/seniorProject/ros_ws/install/ros_gz_example_description/share/ros_gz_example_description/models/x3/thumbnails/4.jpg
[0.136s] -- Up-to-date: /home/benjamin/Documents/seniorProject/ros_ws/install/ros_gz_example_description/share/ros_gz_example_description/models/x3/thumbnails/2.jpg
[0.136s] -- Up-to-date: /home/benjamin/Documents/seniorProject/ros_ws/install/ros_gz_example_description/share/ros_gz_example_description/models/x3/thumbnails/3.jpg
[0.136s] -- Up-to-date: /home/benjamin/Documents/seniorProject/ros_ws/install/ros_gz_example_description/share/ros_gz_example_description/models/x3/thumbnails/5.jpg
[0.136s] -- Up-to-date: /home/benjamin/Documents/seniorProject/ros_ws/install/ros_gz_example_description/share/ros_gz_example_description/models/x3/model.sdf
[0.136s] -- Up-to-date: /home/benjamin/Documents/seniorProject/ros_ws/install/ros_gz_example_description/share/ros_gz_example_description/models/x3/meshes
[0.136s] -- Up-to-date: /home/benjamin/Documents/seniorProject/ros_ws/install/ros_gz_example_description/share/ros_gz_example_description/models/x3/meshes/vi_sensor.dae
[0.137s] -- Up-to-date: /home/benjamin/Documents/seniorProject/ros_ws/install/ros_gz_example_description/share/ros_gz_example_description/models/x3/meshes/neo9_propeller_ccw.dae
[0.137s] -- Up-to-date: /home/benjamin/Documents/seniorProject/ros_ws/install/ros_gz_example_description/share/ros_gz_example_description/models/x3/meshes/propeller_cw.dae
[0.137s] -- Up-to-date: /home/benjamin/Documents/seniorProject/ros_ws/install/ros_gz_example_description/share/ros_gz_example_description/models/x3/meshes/propeller_ccw.dae
[0.137s] -- Up-to-date: /home/benjamin/Documents/seniorProject/ros_ws/install/ros_gz_example_description/share/ros_gz_example_description/models/x3/meshes/iris.dae
[0.137s] -- Up-to-date: /home/benjamin/Documents/seniorProject/ros_ws/install/ros_gz_example_description/share/ros_gz_example_description/models/x3/meshes/vi_sensor.jpg
[0.137s] -- Up-to-date: /home/benjamin/Documents/seniorProject/ros_ws/install/ros_gz_example_description/share/ros_gz_example_description/models/x3/meshes/firefly.dae
[0.137s] -- Up-to-date: /home/benjamin/Documents/seniorProject/ros_ws/install/ros_gz_example_description/share/ros_gz_example_description/models/x3/meshes/x3.dae
[0.137s] -- Up-to-date: /home/benjamin/Documents/seniorProject/ros_ws/install/ros_gz_example_description/share/ros_gz_example_description/models/x3/meshes/neo11_propeller_ccw.dae
[0.137s] -- Up-to-date: /home/benjamin/Documents/seniorProject/ros_ws/install/ros_gz_example_description/share/ros_gz_example_description/models/x3/meshes/x3.jpg
[0.137s] -- Up-to-date: /home/benjamin/Documents/seniorProject/ros_ws/install/ros_gz_example_description/share/ros_gz_example_description/models/x3/meshes/vi_camera.jpg
[0.137s] -- Up-to-date: /home/benjamin/Documents/seniorProject/ros_ws/install/ros_gz_example_description/share/ros_gz_example_description/models/x3/meshes/neo11.dae
[0.137s] -- Up-to-date: /home/benjamin/Documents/seniorProject/ros_ws/install/ros_gz_example_description/share/ros_gz_example_description/models/x3/meshes/neo9.dae
[0.137s] -- Up-to-date: /home/benjamin/Documents/seniorProject/ros_ws/install/ros_gz_example_description/share/ros_gz_example_description/models/x3/meshes/vi_camera.dae
[0.137s] -- Up-to-date: /home/benjamin/Documents/seniorProject/ros_ws/install/ros_gz_example_description/share/ros_gz_example_description/models/x3/meshes/ardrone.dae
[0.137s] -- Up-to-date: /home/benjamin/Documents/seniorProject/ros_ws/install/ros_gz_example_description/share/ros_gz_example_description/models/x3/meshes/neo11_propeller_cw.dae
[0.137s] -- Up-to-date: /home/benjamin/Documents/seniorProject/ros_ws/install/ros_gz_example_description/share/ros_gz_example_description/models/x3/meshes/pelican.dae
[0.137s] -- Up-to-date: /home/benjamin/Documents/seniorProject/ros_ws/install/ros_gz_example_description/share/ros_gz_example_description/models/x3/meshes/neo9_propeller_cw.dae
[0.137s] -- Up-to-date: /home/benjamin/Documents/seniorProject/ros_ws/install/ros_gz_example_description/share/ros_gz_example_description/models/x3/meshes/hummingbird.dae
[0.137s] -- Up-to-date: /home/benjamin/Documents/seniorProject/ros_ws/install/ros_gz_example_description/share/ros_gz_example_description/models/x3/model.config
[0.138s] -- Up-to-date: /home/benjamin/Documents/seniorProject/ros_ws/install/ros_gz_example_description/share/ros_gz_example_description/environment/ros_gz_example_description.dsv
[0.138s] -- Up-to-date: /home/benjamin/Documents/seniorProject/ros_ws/install/ros_gz_example_description/share/ros_gz_example_description/environment/ros_gz_example_description.sh
[0.138s] -- Up-to-date: /home/benjamin/Documents/seniorProject/ros_ws/install/ros_gz_example_description/share/ament_index/resource_index/package_run_dependencies/ros_gz_example_description
[0.138s] -- Up-to-date: /home/benjamin/Documents/seniorProject/ros_ws/install/ros_gz_example_description/share/ament_index/resource_index/parent_prefix_path/ros_gz_example_description
[0.138s] -- Up-to-date: /home/benjamin/Documents/seniorProject/ros_ws/install/ros_gz_example_description/share/ros_gz_example_description/environment/ament_prefix_path.sh
[0.138s] -- Up-to-date: /home/benjamin/Documents/seniorProject/ros_ws/install/ros_gz_example_description/share/ros_gz_example_description/environment/ament_prefix_path.dsv
[0.139s] -- Up-to-date: /home/benjamin/Documents/seniorProject/ros_ws/install/ros_gz_example_description/share/ros_gz_example_description/environment/path.sh
[0.139s] -- Up-to-date: /home/benjamin/Documents/seniorProject/ros_ws/install/ros_gz_example_description/share/ros_gz_example_description/environment/path.dsv
[0.139s] -- Up-to-date: /home/benjamin/Documents/seniorProject/ros_ws/install/ros_gz_example_description/share/ros_gz_example_description/local_setup.bash
[0.139s] -- Up-to-date: /home/benjamin/Documents/seniorProject/ros_ws/install/ros_gz_example_description/share/ros_gz_example_description/local_setup.sh
[0.139s] -- Up-to-date: /home/benjamin/Documents/seniorProject/ros_ws/install/ros_gz_example_description/share/ros_gz_example_description/local_setup.zsh
[0.139s] -- Up-to-date: /home/benjamin/Documents/seniorProject/ros_ws/install/ros_gz_example_description/share/ros_gz_example_description/local_setup.dsv
[0.139s] -- Installing: /home/benjamin/Documents/seniorProject/ros_ws/install/ros_gz_example_description/share/ros_gz_example_description/package.dsv
[0.139s] -- Up-to-date: /home/benjamin/Documents/seniorProject/ros_ws/install/ros_gz_example_description/share/ament_index/resource_index/packages/ros_gz_example_description
[0.139s] -- Up-to-date: /home/benjamin/Documents/seniorProject/ros_ws/install/ros_gz_example_description/share/ros_gz_example_description/cmake/ros_gz_example_descriptionConfig.cmake
[0.140s] -- Up-to-date: /home/benjamin/Documents/seniorProject/ros_ws/install/ros_gz_example_description/share/ros_gz_example_description/cmake/ros_gz_example_descriptionConfig-version.cmake
[0.140s] -- Up-to-date: /home/benjamin/Documents/seniorProject/ros_ws/install/ros_gz_example_description/share/ros_gz_example_description/package.xml
[0.140s] Invoked command in '/home/benjamin/Documents/seniorProject/ros_ws/build/ros_gz_example_description' returned '0': CMAKE_PREFIX_PATH=${CMAKE_PREFIX_PATH}:/opt/ros/jazzy DEBUGINFOD_URLS=https://debuginfod.ubuntu.com /usr/bin/cmake --install /home/benjamin/Documents/seniorProject/ros_ws/build/ros_gz_example_description
