[0.006s] Invoking command in '/home/benjamin/Documents/seniorProject/ros_ws/build/ros_gz_example_application': CMAKE_PREFIX_PATH=${CMAKE_PREFIX_PATH}:/opt/ros/jazzy DEBUGINFOD_URLS=https://debuginfod.ubuntu.com /usr/bin/cmake --build /home/benjamin/Documents/seniorProject/ros_ws/build/ros_gz_example_application -- -j6 -l6
[0.025s] Invoked command in '/home/benjamin/Documents/seniorProject/ros_ws/build/ros_gz_example_application' returned '0': CMAKE_PREFIX_PATH=${CMAKE_PREFIX_PATH}:/opt/ros/jazzy DEBUGINFOD_URLS=https://debuginfod.ubuntu.com /usr/bin/cmake --build /home/benjamin/Documents/seniorProject/ros_ws/build/ros_gz_example_application -- -j6 -l6
[0.032s] Invoking command in '/home/benjamin/Documents/seniorProject/ros_ws/build/ros_gz_example_application': CMAKE_PREFIX_PATH=${CMAKE_PREFIX_PATH}:/opt/ros/jazzy DEBUGINFOD_URLS=https://debuginfod.ubuntu.com /usr/bin/cmake --install /home/benjamin/Documents/seniorProject/ros_ws/build/ros_gz_example_application
[0.036s] -- Install configuration: ""
[0.036s] -- Up-to-date: /home/benjamin/Documents/seniorProject/ros_ws/install/ros_gz_example_application/share/ament_index/resource_index/package_run_dependencies/ros_gz_example_application
[0.036s] -- Up-to-date: /home/benjamin/Documents/seniorProject/ros_ws/install/ros_gz_example_application/share/ament_index/resource_index/parent_prefix_path/ros_gz_example_application
[0.036s] -- Up-to-date: /home/benjamin/Documents/seniorProject/ros_ws/install/ros_gz_example_application/share/ros_gz_example_application/environment/ament_prefix_path.sh
[0.036s] -- Up-to-date: /home/benjamin/Documents/seniorProject/ros_ws/install/ros_gz_example_application/share/ros_gz_example_application/environment/ament_prefix_path.dsv
[0.036s] -- Up-to-date: /home/benjamin/Documents/seniorProject/ros_ws/install/ros_gz_example_application/share/ros_gz_example_application/environment/path.sh
[0.036s] -- Up-to-date: /home/benjamin/Documents/seniorProject/ros_ws/install/ros_gz_example_application/share/ros_gz_example_application/environment/path.dsv
[0.036s] -- Up-to-date: /home/benjamin/Documents/seniorProject/ros_ws/install/ros_gz_example_application/share/ros_gz_example_application/local_setup.bash
[0.036s] -- Up-to-date: /home/benjamin/Documents/seniorProject/ros_ws/install/ros_gz_example_application/share/ros_gz_example_application/local_setup.sh
[0.036s] -- Up-to-date: /home/benjamin/Documents/seniorProject/ros_ws/install/ros_gz_example_application/share/ros_gz_example_application/local_setup.zsh
[0.036s] -- Up-to-date: /home/benjamin/Documents/seniorProject/ros_ws/install/ros_gz_example_application/share/ros_gz_example_application/local_setup.dsv
[0.036s] -- Up-to-date: /home/benjamin/Documents/seniorProject/ros_ws/install/ros_gz_example_application/share/ros_gz_example_application/package.dsv
[0.036s] -- Up-to-date: /home/benjamin/Documents/seniorProject/ros_ws/install/ros_gz_example_application/share/ament_index/resource_index/packages/ros_gz_example_application
[0.037s] -- Up-to-date: /home/benjamin/Documents/seniorProject/ros_ws/install/ros_gz_example_application/share/ros_gz_example_application/cmake/ros_gz_example_applicationConfig.cmake
[0.037s] -- Up-to-date: /home/benjamin/Documents/seniorProject/ros_ws/install/ros_gz_example_application/share/ros_gz_example_application/cmake/ros_gz_example_applicationConfig-version.cmake
[0.037s] -- Up-to-date: /home/benjamin/Documents/seniorProject/ros_ws/install/ros_gz_example_application/share/ros_gz_example_application/package.xml
[0.043s] Invoked command in '/home/benjamin/Documents/seniorProject/ros_ws/build/ros_gz_example_application' returned '0': CMAKE_PREFIX_PATH=${CMAKE_PREFIX_PATH}:/opt/ros/jazzy DEBUGINFOD_URLS=https://debuginfod.ubuntu.com /usr/bin/cmake --install /home/benjamin/Documents/seniorProject/ros_ws/build/ros_gz_example_application
