running egg_info
creating ../../../build/x3_pathing/x3_pathing.egg-info
writing ../../../build/x3_pathing/x3_pathing.egg-info/PKG-INFO
writing dependency_links to ../../../build/x3_pathing/x3_pathing.egg-info/dependency_links.txt
writing entry points to ../../../build/x3_pathing/x3_pathing.egg-info/entry_points.txt
writing requirements to ../../../build/x3_pathing/x3_pathing.egg-info/requires.txt
writing top-level names to ../../../build/x3_pathing/x3_pathing.egg-info/top_level.txt
writing manifest file '../../../build/x3_pathing/x3_pathing.egg-info/SOURCES.txt'
reading manifest file '../../../build/x3_pathing/x3_pathing.egg-info/SOURCES.txt'
writing manifest file '../../../build/x3_pathing/x3_pathing.egg-info/SOURCES.txt'
running build
running build_py
creating /home/benjamin/Documents/seniorProject/ros_ws/build/x3_pathing/build
creating /home/benjamin/Documents/seniorProject/ros_ws/build/x3_pathing/build/lib
creating /home/benjamin/Documents/seniorProject/ros_ws/build/x3_pathing/build/lib/x3_pathing
copying x3_pathing/__init__.py -> /home/benjamin/Documents/seniorProject/ros_ws/build/x3_pathing/build/lib/x3_pathing
copying x3_pathing/draw_square.py -> /home/benjamin/Documents/seniorProject/ros_ws/build/x3_pathing/build/lib/x3_pathing
running install
running install_lib
creating /home/benjamin/Documents/seniorProject/ros_ws/install/x3_pathing/lib/python3.12/site-packages/x3_pathing
copying /home/benjamin/Documents/seniorProject/ros_ws/build/x3_pathing/build/lib/x3_pathing/__init__.py -> /home/benjamin/Documents/seniorProject/ros_ws/install/x3_pathing/lib/python3.12/site-packages/x3_pathing
copying /home/benjamin/Documents/seniorProject/ros_ws/build/x3_pathing/build/lib/x3_pathing/draw_square.py -> /home/benjamin/Documents/seniorProject/ros_ws/install/x3_pathing/lib/python3.12/site-packages/x3_pathing
byte-compiling /home/benjamin/Documents/seniorProject/ros_ws/install/x3_pathing/lib/python3.12/site-packages/x3_pathing/__init__.py to __init__.cpython-312.pyc
byte-compiling /home/benjamin/Documents/seniorProject/ros_ws/install/x3_pathing/lib/python3.12/site-packages/x3_pathing/draw_square.py to draw_square.cpython-312.pyc
running install_data
creating /home/benjamin/Documents/seniorProject/ros_ws/install/x3_pathing/share/ament_index
creating /home/benjamin/Documents/seniorProject/ros_ws/install/x3_pathing/share/ament_index/resource_index
creating /home/benjamin/Documents/seniorProject/ros_ws/install/x3_pathing/share/ament_index/resource_index/packages
copying resource/x3_pathing -> /home/benjamin/Documents/seniorProject/ros_ws/install/x3_pathing/share/ament_index/resource_index/packages
copying package.xml -> /home/benjamin/Documents/seniorProject/ros_ws/install/x3_pathing/share/x3_pathing
running install_egg_info
Copying ../../../build/x3_pathing/x3_pathing.egg-info to /home/benjamin/Documents/seniorProject/ros_ws/install/x3_pathing/lib/python3.12/site-packages/x3_pathing-0.0.0-py3.12.egg-info
running install_scripts
Installing draw_square script to /home/benjamin/Documents/seniorProject/ros_ws/install/x3_pathing/lib/x3_pathing
writing list of installed files to '/home/benjamin/Documents/seniorProject/ros_ws/build/x3_pathing/install.log'
