[0.634s] Invoking command in '/home/benjamin/Documents/seniorProject/ros_ws/src/ros_gz_project_template/x3_pathing': DEBUGINFOD_URLS=https://debuginfod.ubuntu.com PYTHONPATH=/home/benjamin/Documents/seniorProject/ros_ws/build/x3_pathing/prefix_override:/usr/lib/python3/dist-packages/colcon_core/task/python/colcon_distutils_commands:/home/benjamin/Documents/seniorProject/ros_ws/install/x3_pathing/lib/python3.12/site-packages:${PYTHONPATH} /usr/bin/python3 -W ignore:setup.py install is deprecated -W ignore:easy_install command is deprecated setup.py egg_info --egg-base ../../../build/x3_pathing build --build-base /home/benjamin/Documents/seniorProject/ros_ws/build/x3_pathing/build install --record /home/benjamin/Documents/seniorProject/ros_ws/build/x3_pathing/install.log --single-version-externally-managed install_data
[0.754s] running egg_info
[0.754s] creating ../../../build/x3_pathing/x3_pathing.egg-info
[0.761s] writing ../../../build/x3_pathing/x3_pathing.egg-info/PKG-INFO
[0.761s] writing dependency_links to ../../../build/x3_pathing/x3_pathing.egg-info/dependency_links.txt
[0.761s] writing entry points to ../../../build/x3_pathing/x3_pathing.egg-info/entry_points.txt
[0.761s] writing requirements to ../../../build/x3_pathing/x3_pathing.egg-info/requires.txt
[0.761s] writing top-level names to ../../../build/x3_pathing/x3_pathing.egg-info/top_level.txt
[0.761s] writing manifest file '../../../build/x3_pathing/x3_pathing.egg-info/SOURCES.txt'
[0.775s] reading manifest file '../../../build/x3_pathing/x3_pathing.egg-info/SOURCES.txt'
[0.775s] writing manifest file '../../../build/x3_pathing/x3_pathing.egg-info/SOURCES.txt'
[0.775s] running build
[0.776s] running build_py
[0.776s] creating /home/benjamin/Documents/seniorProject/ros_ws/build/x3_pathing/build
[0.776s] creating /home/benjamin/Documents/seniorProject/ros_ws/build/x3_pathing/build/lib
[0.776s] creating /home/benjamin/Documents/seniorProject/ros_ws/build/x3_pathing/build/lib/x3_pathing
[0.776s] copying x3_pathing/__init__.py -> /home/benjamin/Documents/seniorProject/ros_ws/build/x3_pathing/build/lib/x3_pathing
[0.776s] copying x3_pathing/draw_square.py -> /home/benjamin/Documents/seniorProject/ros_ws/build/x3_pathing/build/lib/x3_pathing
[0.776s] running install
[0.779s] running install_lib
[0.786s] creating /home/benjamin/Documents/seniorProject/ros_ws/install/x3_pathing/lib/python3.12/site-packages/x3_pathing
[0.786s] copying /home/benjamin/Documents/seniorProject/ros_ws/build/x3_pathing/build/lib/x3_pathing/__init__.py -> /home/benjamin/Documents/seniorProject/ros_ws/install/x3_pathing/lib/python3.12/site-packages/x3_pathing
[0.786s] copying /home/benjamin/Documents/seniorProject/ros_ws/build/x3_pathing/build/lib/x3_pathing/draw_square.py -> /home/benjamin/Documents/seniorProject/ros_ws/install/x3_pathing/lib/python3.12/site-packages/x3_pathing
[0.786s] byte-compiling /home/benjamin/Documents/seniorProject/ros_ws/install/x3_pathing/lib/python3.12/site-packages/x3_pathing/__init__.py to __init__.cpython-312.pyc
[0.786s] byte-compiling /home/benjamin/Documents/seniorProject/ros_ws/install/x3_pathing/lib/python3.12/site-packages/x3_pathing/draw_square.py to draw_square.cpython-312.pyc
[0.787s] running install_data
[0.787s] creating /home/benjamin/Documents/seniorProject/ros_ws/install/x3_pathing/share/ament_index
[0.787s] creating /home/benjamin/Documents/seniorProject/ros_ws/install/x3_pathing/share/ament_index/resource_index
[0.787s] creating /home/benjamin/Documents/seniorProject/ros_ws/install/x3_pathing/share/ament_index/resource_index/packages
[0.787s] copying resource/x3_pathing -> /home/benjamin/Documents/seniorProject/ros_ws/install/x3_pathing/share/ament_index/resource_index/packages
[0.787s] copying package.xml -> /home/benjamin/Documents/seniorProject/ros_ws/install/x3_pathing/share/x3_pathing
[0.787s] running install_egg_info
[0.795s] Copying ../../../build/x3_pathing/x3_pathing.egg-info to /home/benjamin/Documents/seniorProject/ros_ws/install/x3_pathing/lib/python3.12/site-packages/x3_pathing-0.0.0-py3.12.egg-info
[0.795s] running install_scripts
[0.850s] Installing draw_square script to /home/benjamin/Documents/seniorProject/ros_ws/install/x3_pathing/lib/x3_pathing
[0.850s] writing list of installed files to '/home/benjamin/Documents/seniorProject/ros_ws/build/x3_pathing/install.log'
[0.866s] Invoked command in '/home/benjamin/Documents/seniorProject/ros_ws/src/ros_gz_project_template/x3_pathing' returned '0': DEBUGINFOD_URLS=https://debuginfod.ubuntu.com PYTHONPATH=/home/benjamin/Documents/seniorProject/ros_ws/build/x3_pathing/prefix_override:/usr/lib/python3/dist-packages/colcon_core/task/python/colcon_distutils_commands:/home/benjamin/Documents/seniorProject/ros_ws/install/x3_pathing/lib/python3.12/site-packages:${PYTHONPATH} /usr/bin/python3 -W ignore:setup.py install is deprecated -W ignore:easy_install command is deprecated setup.py egg_info --egg-base ../../../build/x3_pathing build --build-base /home/benjamin/Documents/seniorProject/ros_ws/build/x3_pathing/build install --record /home/benjamin/Documents/seniorProject/ros_ws/build/x3_pathing/install.log --single-version-externally-managed install_data
