[0.393s] Invoking command in '/home/benjamin/Documents/seniorProject/ros_ws/src/ros_gz_project_template/x3_pathing': DEBUGINFOD_URLS=https://debuginfod.ubuntu.com PYTHONPATH=/home/benjamin/Documents/seniorProject/ros_ws/build/x3_pathing/prefix_override:/usr/lib/python3/dist-packages/colcon_core/task/python/colcon_distutils_commands:/home/benjamin/Documents/seniorProject/ros_ws/install/x3_pathing/lib/python3.12/site-packages:${PYTHONPATH} /usr/bin/python3 -W ignore:setup.py install is deprecated -W ignore:easy_install command is deprecated setup.py egg_info --egg-base ../../../build/x3_pathing build --build-base /home/benjamin/Documents/seniorProject/ros_ws/build/x3_pathing/build install --record /home/benjamin/Documents/seniorProject/ros_ws/build/x3_pathing/install.log --single-version-externally-managed install_data
[0.505s] running egg_info
[0.512s] writing ../../../build/x3_pathing/x3_pathing.egg-info/PKG-INFO
[0.513s] writing dependency_links to ../../../build/x3_pathing/x3_pathing.egg-info/dependency_links.txt
[0.513s] writing entry points to ../../../build/x3_pathing/x3_pathing.egg-info/entry_points.txt
[0.513s] writing requirements to ../../../build/x3_pathing/x3_pathing.egg-info/requires.txt
[0.513s] writing top-level names to ../../../build/x3_pathing/x3_pathing.egg-info/top_level.txt
[0.529s] reading manifest file '../../../build/x3_pathing/x3_pathing.egg-info/SOURCES.txt'
[0.530s] writing manifest file '../../../build/x3_pathing/x3_pathing.egg-info/SOURCES.txt'
[0.530s] running build
[0.530s] running build_py
[0.530s] copying x3_pathing/draw_square.py -> /home/benjamin/Documents/seniorProject/ros_ws/build/x3_pathing/build/lib/x3_pathing
[0.530s] running install
[0.533s] running install_lib
[0.541s] copying /home/benjamin/Documents/seniorProject/ros_ws/build/x3_pathing/build/lib/x3_pathing/draw_square.py -> /home/benjamin/Documents/seniorProject/ros_ws/install/x3_pathing/lib/python3.12/site-packages/x3_pathing
[0.541s] byte-compiling /home/benjamin/Documents/seniorProject/ros_ws/install/x3_pathing/lib/python3.12/site-packages/x3_pathing/draw_square.py to draw_square.cpython-312.pyc
[0.541s] running install_data
[0.542s] running install_egg_info
[0.549s] removing '/home/benjamin/Documents/seniorProject/ros_ws/install/x3_pathing/lib/python3.12/site-packages/x3_pathing-0.0.0-py3.12.egg-info' (and everything under it)
[0.549s] Copying ../../../build/x3_pathing/x3_pathing.egg-info to /home/benjamin/Documents/seniorProject/ros_ws/install/x3_pathing/lib/python3.12/site-packages/x3_pathing-0.0.0-py3.12.egg-info
[0.550s] running install_scripts
[0.602s] Installing draw_square script to /home/benjamin/Documents/seniorProject/ros_ws/install/x3_pathing/lib/x3_pathing
[0.602s] writing list of installed files to '/home/benjamin/Documents/seniorProject/ros_ws/build/x3_pathing/install.log'
[0.621s] Invoked command in '/home/benjamin/Documents/seniorProject/ros_ws/src/ros_gz_project_template/x3_pathing' returned '0': DEBUGINFOD_URLS=https://debuginfod.ubuntu.com PYTHONPATH=/home/benjamin/Documents/seniorProject/ros_ws/build/x3_pathing/prefix_override:/usr/lib/python3/dist-packages/colcon_core/task/python/colcon_distutils_commands:/home/benjamin/Documents/seniorProject/ros_ws/install/x3_pathing/lib/python3.12/site-packages:${PYTHONPATH} /usr/bin/python3 -W ignore:setup.py install is deprecated -W ignore:easy_install command is deprecated setup.py egg_info --egg-base ../../../build/x3_pathing build --build-base /home/benjamin/Documents/seniorProject/ros_ws/build/x3_pathing/build install --record /home/benjamin/Documents/seniorProject/ros_ws/build/x3_pathing/install.log --single-version-externally-managed install_data
