[0.398s] Invoking command in '/home/benjamin/Documents/seniorProject/ros_ws/src/ros_gz_project_template/x3_pathing': DEBUGINFOD_URLS=https://debuginfod.ubuntu.com PYTHONPATH=/home/benjamin/Documents/seniorProject/ros_ws/build/x3_pathing/prefix_override:/usr/lib/python3/dist-packages/colcon_core/task/python/colcon_distutils_commands:/home/benjamin/Documents/seniorProject/ros_ws/install/x3_pathing/lib/python3.12/site-packages:${PYTHONPATH} /usr/bin/python3 -W ignore:setup.py install is deprecated -W ignore:easy_install command is deprecated setup.py egg_info --egg-base ../../../build/x3_pathing build --build-base /home/benjamin/Documents/seniorProject/ros_ws/build/x3_pathing/build install --record /home/benjamin/Documents/seniorProject/ros_ws/build/x3_pathing/install.log --single-version-externally-managed install_data
[0.514s] running egg_info
[0.522s] writing ../../../build/x3_pathing/x3_pathing.egg-info/PKG-INFO
[0.523s] writing dependency_links to ../../../build/x3_pathing/x3_pathing.egg-info/dependency_links.txt
[0.523s] writing entry points to ../../../build/x3_pathing/x3_pathing.egg-info/entry_points.txt
[0.523s] writing requirements to ../../../build/x3_pathing/x3_pathing.egg-info/requires.txt
[0.523s] writing top-level names to ../../../build/x3_pathing/x3_pathing.egg-info/top_level.txt
[0.538s] reading manifest file '../../../build/x3_pathing/x3_pathing.egg-info/SOURCES.txt'
[0.538s] writing manifest file '../../../build/x3_pathing/x3_pathing.egg-info/SOURCES.txt'
[0.538s] running build
[0.538s] running build_py
[0.538s] running install
[0.542s] running install_lib
[0.549s] running install_data
[0.549s] running install_egg_info
[0.556s] removing '/home/benjamin/Documents/seniorProject/ros_ws/install/x3_pathing/lib/python3.12/site-packages/x3_pathing-0.0.0-py3.12.egg-info' (and everything under it)
[0.557s] Copying ../../../build/x3_pathing/x3_pathing.egg-info to /home/benjamin/Documents/seniorProject/ros_ws/install/x3_pathing/lib/python3.12/site-packages/x3_pathing-0.0.0-py3.12.egg-info
[0.557s] running install_scripts
[0.612s] Installing draw_square script to /home/benjamin/Documents/seniorProject/ros_ws/install/x3_pathing/lib/x3_pathing
[0.612s] writing list of installed files to '/home/benjamin/Documents/seniorProject/ros_ws/build/x3_pathing/install.log'
[0.628s] Invoked command in '/home/benjamin/Documents/seniorProject/ros_ws/src/ros_gz_project_template/x3_pathing' returned '0': DEBUGINFOD_URLS=https://debuginfod.ubuntu.com PYTHONPATH=/home/benjamin/Documents/seniorProject/ros_ws/build/x3_pathing/prefix_override:/usr/lib/python3/dist-packages/colcon_core/task/python/colcon_distutils_commands:/home/benjamin/Documents/seniorProject/ros_ws/install/x3_pathing/lib/python3.12/site-packages:${PYTHONPATH} /usr/bin/python3 -W ignore:setup.py install is deprecated -W ignore:easy_install command is deprecated setup.py egg_info --egg-base ../../../build/x3_pathing build --build-base /home/benjamin/Documents/seniorProject/ros_ws/build/x3_pathing/build install --record /home/benjamin/Documents/seniorProject/ros_ws/build/x3_pathing/install.log --single-version-externally-managed install_data
