[0.004s] Invoking command in '/home/benjamin/Documents/seniorProject/ros_ws/build/ros_gz_example_gazebo': CMAKE_PREFIX_PATH=/home/benjamin/Documents/seniorProject/ros_ws/install/ros_gz_example_description:/home/benjamin/Documents/seniorProject/ros_ws/install/ros_gz_example_bringup:/home/benjamin/Documents/seniorProject/ros_ws/install/ros_gz_example_gazebo:/home/benjamin/Documents/seniorProject/ros_ws/install/ros_gz_example_application:/opt/ros/jazzy/opt/gz_sim_vendor:/opt/ros/jazzy/opt/gz_sensors_vendor:/opt/ros/jazzy/opt/gz_physics_vendor:/opt/ros/jazzy/opt/sdformat_vendor:/opt/ros/jazzy/opt/gz_gui_vendor:/opt/ros/jazzy/opt/gz_transport_vendor:/opt/ros/jazzy/opt/gz_rendering_vendor:/opt/ros/jazzy/opt/gz_plugin_vendor:/opt/ros/jazzy/opt/gz_fuel_tools_vendor:/opt/ros/jazzy/opt/gz_msgs_vendor:/opt/ros/jazzy/opt/gz_common_vendor:/opt/ros/jazzy/opt/gz_math_vendor:/opt/ros/jazzy/opt/gz_utils_vendor:/opt/ros/jazzy/opt/gz_tools_vendor:/opt/ros/jazzy/opt/gz_ogre_next_vendor:/opt/ros/jazzy/opt/gz_dartsim_vendor:/opt/ros/jazzy/opt/gz_cmake_vendor:/opt/ros/jazzy DEBUGINFOD_URLS=https://debuginfod.ubuntu.com GZ_SIM_RESOURCE_PATH=/home/benjamin/Documents/seniorProject/ros_ws/install/ros_gz_example_description/share/ros_gz_example_description/models:${GZ_SIM_RESOURCE_PATH} /usr/bin/cmake /home/benjamin/Documents/seniorProject/ros_ws/src/ros_gz_project_template/ros_gz_example_gazebo -DCMAKE_INSTALL_PREFIX=/home/benjamin/Documents/seniorProject/ros_ws/install/ros_gz_example_gazebo
[0.014s] -- Found ament_cmake: 2.5.3 (/opt/ros/jazzy/share/ament_cmake/cmake)
[0.132s] -- Found ros_gz_example_description: 0.0.0 (/home/benjamin/Documents/seniorProject/ros_ws/install/ros_gz_example_description/share/ros_gz_example_description/cmake)
[0.136s] -- Looking for gz-plugin2 -- found version 2.0.3
[0.136s] -- Searching for dependencies of gz-plugin2
[0.137s] -- Looking for gz-utils2 -- found version 2.2.0
[0.137s] -- Searching for dependencies of gz-utils2
[0.137s] -- Searching for <gz-utils2> component [cli]
[0.137s] -- Looking for gz-utils2-cli -- found version 2.2.0
[0.138s] -- Searching for dependencies of gz-utils2-cli
[0.138s] -- Searching for <gz-plugin2> component [register]
[0.138s] -- Looking for gz-plugin2-register -- found version 2.0.3
[0.138s] -- Searching for dependencies of gz-plugin2-register
[0.138s] -- Looking for gz-common5 -- found version 5.7.0
[0.138s] -- Searching for dependencies of gz-common5
[0.139s] -- Looking for gz-utils2 -- found version 2.2.0
[0.139s] -- Looking for dlfcn.h - found
[0.139s] -- Looking for libdl - found
[0.142s] -- Checking for module 'uuid'
[0.147s] --   Found uuid, version 2.39.3
[0.159s] -- Searching for <gz-common5> component [profiler]
[0.159s] -- Looking for gz-common5-profiler -- found version 5.7.0
[0.159s] -- Searching for dependencies of gz-common5-profiler
[0.161s] -- Looking for gz-sim8 -- found version 8.8.0
[0.161s] -- Searching for dependencies of gz-sim8
[0.162s] -- Looking for sdformat14 -- found version 14.6.0
[0.162s] -- Searching for dependencies of sdformat14
[0.165s] -- Checking for module 'tinyxml2'
[0.172s] --   Found tinyxml2, version 10.0.0
[0.185s] -- Looking for gz-math7 -- found version 7.5.1
[0.185s] -- Searching for dependencies of gz-math7
[0.185s] -- Looking for gz-utils2 -- found version 2.2.0
[0.185s] -- Looking for gz-utils2 -- found version 2.2.0
[0.186s] -- Looking for gz-plugin2 -- found version 2.0.3
[0.186s] -- Searching for dependencies of gz-plugin2
[0.187s] -- Looking for gz-utils2 -- found version 2.2.0
[0.187s] -- Searching for <gz-plugin2> component [loader]
[0.187s] -- Looking for gz-plugin2-loader -- found version 2.0.3
[0.188s] -- Searching for dependencies of gz-plugin2-loader
[0.188s] -- Searching for <gz-plugin2> component [register]
[0.189s] -- Looking for gz-transport13 -- found version 13.4.0
[0.189s] -- Searching for dependencies of gz-transport13
[0.216s] -- Config-file not installed for ZeroMQ -- checking for pkg-config
[0.218s] -- Checking for module 'libzmq >= 4'
[0.224s] --   Found libzmq, version 4.3.5
[0.247s] -- Looking for gz-utils2 -- found version 2.2.0
[0.248s] -- Looking for gz-msgs10 -- found version 10.3.1
[0.248s] -- Searching for dependencies of gz-msgs10
[0.259s] -- Looking for gz-utils2 -- found version 2.2.0
[0.260s] -- Looking for gz-math7 -- found version 7.5.1
[0.337s] -- Searching for <gz-transport13> component [log]
[0.339s] -- Looking for gz-transport13-log -- found version 13.4.0
[0.339s] -- Searching for dependencies of gz-transport13-log
[0.339s] -- Searching for <gz-transport13> component [parameters]
[0.340s] -- Looking for gz-transport13-parameters -- found version 13.4.0
[0.340s] -- Searching for dependencies of gz-transport13-parameters
[0.341s] -- Looking for gz-msgs10 -- found version 10.3.1
[0.341s] -- Looking for gz-common5 -- found version 5.7.0
[0.341s] -- Searching for dependencies of gz-common5
[0.341s] -- Looking for gz-utils2 -- found version 2.2.0
[0.341s] -- Looking for dlfcn.h - found
[0.342s] -- Looking for libdl - found
[0.346s] -- Searching for <gz-common5> component [av]
[0.346s] -- Looking for gz-common5-av -- found version 5.7.0
[0.346s] -- Searching for dependencies of gz-common5-av
[0.349s] -- Checking for module 'libswscale'
[0.357s] --   Found libswscale, version 7.5.100
[0.372s] -- Checking for module 'libavdevice >= 56.4.100'
[0.380s] --   Found libavdevice, version 60.3.100
[0.405s] -- Checking for module 'libavformat'
[0.411s] --   Found libavformat, version 60.16.100
[0.428s] -- Checking for module 'libavcodec'
[0.434s] --   Found libavcodec, version 60.31.102
[0.450s] -- Checking for module 'libavutil'
[0.456s] --   Found libavutil, version 58.29.100
[0.470s] -- Searching for <gz-common5> component [events]
[0.471s] -- Looking for gz-common5-events -- found version 5.7.0
[0.471s] -- Searching for dependencies of gz-common5-events
[0.471s] -- Looking for gz-math7 -- found version 7.5.1
[0.471s] -- Searching for <gz-common5> component [graphics]
[0.472s] -- Looking for gz-common5-graphics -- found version 5.7.0
[0.472s] -- Searching for dependencies of gz-common5-graphics
[0.472s] -- Looking for gz-math7 -- found version 7.5.1
[0.476s] -- Searching for <gz-common5> component [io]
[0.476s] -- Looking for gz-common5-io -- found version 5.7.0
[0.476s] -- Searching for dependencies of gz-common5-io
[0.477s] -- Searching for <gz-common5> component [profiler]
[0.478s] -- Looking for gz-fuel_tools9 -- found version 9.1.0
[0.478s] -- Searching for dependencies of gz-fuel_tools9
[0.511s] -- Checking for module 'jsoncpp'
[0.518s] --   Found jsoncpp, version 1.9.5
[0.540s] -- Checking for module 'yaml-0.1'
[0.546s] --   Found yaml-0.1, version 0.2.5
[0.561s] -- Checking for module 'libzip'
[0.568s] --   Found libzip, version 1.7.3
[0.581s] -- Looking for gz-utils2 -- found version 2.2.0
[0.581s] -- Looking for gz-common5 -- found version 5.7.0
[0.581s] -- Searching for dependencies of gz-common5
[0.581s] -- Looking for gz-utils2 -- found version 2.2.0
[0.581s] -- Looking for dlfcn.h - found
[0.581s] -- Looking for libdl - found
[0.585s] -- Searching for <gz-common5> component [testing]
[0.586s] -- Looking for gz-common5-testing -- found version 5.7.0
[0.586s] -- Searching for dependencies of gz-common5-testing
[0.587s] -- Looking for gz-math7 -- found version 7.5.1
[0.587s] -- Looking for gz-msgs10 -- found version 10.3.1
[0.589s] -- Looking for gz-gui8 -- found version 8.3.0
[0.589s] -- Searching for dependencies of gz-gui8
[0.602s] -- Looking for gz-utils2 -- found version 2.2.0
[0.602s] -- Looking for gz-math7 -- found version 7.5.1
[0.602s] -- Looking for gz-common5 -- found version 5.7.0
[0.603s] -- Looking for gz-plugin2 -- found version 2.0.3
[0.603s] -- Looking for gz-transport13 -- found version 13.4.0
[0.604s] -- Looking for gz-rendering8 -- found version 8.2.1
[0.604s] -- Searching for dependencies of gz-rendering8
[0.604s] -- Looking for gz-math7 -- found version 7.5.1
[0.604s] -- Searching for dependencies of gz-math7
[0.604s] -- Looking for gz-utils2 -- found version 2.2.0
[0.604s] -- Searching for <gz-math7> component [eigen3]
[0.605s] -- Looking for gz-math7-eigen3 -- found version 7.5.1
[0.605s] -- Searching for dependencies of gz-math7-eigen3
[0.607s] -- Looking for gz-common5 -- found version 5.7.0
[0.608s] -- Searching for dependencies of gz-common5
[0.608s] -- Looking for gz-utils2 -- found version 2.2.0
[0.608s] -- Looking for dlfcn.h - found
[0.608s] -- Looking for libdl - found
[0.612s] -- Searching for <gz-common5> component [graphics]
[0.612s] -- Searching for <gz-common5> component [events]
[0.612s] -- Searching for <gz-common5> component [geospatial]
[0.612s] -- Looking for gz-common5-geospatial -- found version 5.7.0
[0.612s] -- Searching for dependencies of gz-common5-geospatial
[0.612s] -- Looking for gz-math7 -- found version 7.5.1
[0.613s] -- Looking for gz-common5 -- found version 5.7.0
[0.613s] -- Looking for gz-plugin2 -- found version 2.0.3
[0.613s] -- Searching for dependencies of gz-plugin2
[0.613s] -- Looking for gz-utils2 -- found version 2.2.0
[0.614s] -- Searching for <gz-plugin2> component [all]
[0.614s] -- Looking for all libraries of gz-plugin2 -- found version 2.0.3
[0.614s] -- Looking for gz-plugin2 -- found version 2.0.3
[0.615s] -- Looking for gz-utils2 -- found version 2.2.0
[0.621s] -- Looking for gz-msgs10 -- found version 10.3.1
[0.643s] -- Looking for gz-physics7 -- found version 7.4.0
[0.643s] -- Searching for dependencies of gz-physics7
[0.644s] -- Looking for gz-common5 -- found version 5.7.0
[0.644s] -- Looking for gz-math7 -- found version 7.5.1
[0.644s] -- Looking for gz-plugin2 -- found version 2.0.3
[0.644s] -- Looking for gz-utils2 -- found version 2.2.0
[0.646s] -- Searching for <gz-physics7> component [heightmap]
[0.647s] -- Looking for gz-physics7-heightmap -- found version 7.4.0
[0.647s] -- Searching for dependencies of gz-physics7-heightmap
[0.647s] -- Looking for gz-common5 -- found version 5.7.0
[0.648s] -- Searching for <gz-physics7> component [mesh]
[0.648s] -- Looking for gz-physics7-mesh -- found version 7.4.0
[0.648s] -- Searching for dependencies of gz-physics7-mesh
[0.648s] -- Looking for gz-common5 -- found version 5.7.0
[0.649s] -- Searching for <gz-physics7> component [sdf]
[0.649s] -- Looking for gz-physics7-sdf -- found version 7.4.0
[0.649s] -- Searching for dependencies of gz-physics7-sdf
[0.649s] -- Looking for sdformat14 -- found version 14.6.0
[0.650s] -- Looking for gz-sensors8 -- found version 8.2.1
[0.650s] -- Searching for dependencies of gz-sensors8
[0.661s] -- Looking for gz-math7 -- found version 7.5.1
[0.661s] -- Looking for gz-common5 -- found version 5.7.0
[0.661s] -- Looking for gz-transport13 -- found version 13.4.0
[0.661s] -- Looking for gz-rendering8 -- found version 8.2.1
[0.662s] -- Looking for gz-msgs10 -- found version 10.3.1
[0.662s] -- Looking for sdformat14 -- found version 14.6.0
[0.662s] -- Searching for <gz-sensors8> component [air_pressure]
[0.663s] -- Looking for gz-sensors8-air_pressure -- found version 8.2.1
[0.663s] -- Searching for dependencies of gz-sensors8-air_pressure
[0.663s] -- Searching for <gz-sensors8> component [air_speed]
[0.664s] -- Looking for gz-sensors8-air_speed -- found version 8.2.1
[0.664s] -- Searching for dependencies of gz-sensors8-air_speed
[0.665s] -- Searching for <gz-sensors8> component [altimeter]
[0.665s] -- Looking for gz-sensors8-altimeter -- found version 8.2.1
[0.665s] -- Searching for dependencies of gz-sensors8-altimeter
[0.666s] -- Searching for <gz-sensors8> component [imu]
[0.666s] -- Looking for gz-sensors8-imu -- found version 8.2.1
[0.666s] -- Searching for dependencies of gz-sensors8-imu
[0.667s] -- Searching for <gz-sensors8> component [force_torque]
[0.667s] -- Looking for gz-sensors8-force_torque -- found version 8.2.1
[0.667s] -- Searching for dependencies of gz-sensors8-force_torque
[0.668s] -- Searching for <gz-sensors8> component [logical_camera]
[0.668s] -- Looking for gz-sensors8-logical_camera -- found version 8.2.1
[0.668s] -- Searching for dependencies of gz-sensors8-logical_camera
[0.668s] -- Searching for <gz-sensors8> component [magnetometer]
[0.669s] -- Looking for gz-sensors8-magnetometer -- found version 8.2.1
[0.669s] -- Searching for dependencies of gz-sensors8-magnetometer
[0.669s] -- Searching for <gz-sensors8> component [navsat]
[0.670s] -- Looking for gz-sensors8-navsat -- found version 8.2.1
[0.670s] -- Searching for dependencies of gz-sensors8-navsat
[0.670s] -- Searching for <gz-sensors8> component [dvl]
[0.671s] -- Looking for gz-sensors8-dvl -- found version 8.2.1
[0.671s] -- Searching for dependencies of gz-sensors8-dvl
[0.671s] -- Looking for gz-sensors8 -- found version 8.2.1
[0.671s] -- Searching for dependencies of gz-sensors8
[0.683s] -- Looking for gz-math7 -- found version 7.5.1
[0.683s] -- Looking for gz-common5 -- found version 5.7.0
[0.683s] -- Looking for gz-transport13 -- found version 13.4.0
[0.683s] -- Looking for gz-rendering8 -- found version 8.2.1
[0.684s] -- Looking for gz-msgs10 -- found version 10.3.1
[0.684s] -- Looking for sdformat14 -- found version 14.6.0
[0.684s] -- Searching for <gz-sensors8> component [rendering]
[0.684s] -- Looking for gz-sensors8-rendering -- found version 8.2.1
[0.684s] -- Searching for dependencies of gz-sensors8-rendering
[0.685s] -- Searching for <gz-sensors8> component [rendering]
[0.685s] -- Searching for <gz-sensors8> component [lidar]
[0.686s] -- Looking for gz-sensors8-lidar -- found version 8.2.1
[0.686s] -- Searching for dependencies of gz-sensors8-lidar
[0.686s] -- Looking for gz-sensors8 -- found version 8.2.1
[0.686s] -- Searching for <gz-sensors8> component [gpu_lidar]
[0.687s] -- Looking for gz-sensors8-gpu_lidar -- found version 8.2.1
[0.687s] -- Searching for dependencies of gz-sensors8-gpu_lidar
[0.687s] -- Looking for gz-sensors8 -- found version 8.2.1
[0.688s] -- Searching for <gz-sensors8> component [camera]
[0.688s] -- Looking for gz-sensors8-camera -- found version 8.2.1
[0.688s] -- Searching for dependencies of gz-sensors8-camera
[0.689s] -- Looking for gz-sensors8 -- found version 8.2.1
[0.689s] -- Searching for <gz-sensors8> component [boundingbox_camera]
[0.689s] -- Looking for gz-sensors8-boundingbox_camera -- found version 8.2.1
[0.690s] -- Searching for dependencies of gz-sensors8-boundingbox_camera
[0.690s] -- Searching for <gz-sensors8> component [segmentation_camera]
[0.690s] -- Looking for gz-sensors8-segmentation_camera -- found version 8.2.1
[0.690s] -- Searching for dependencies of gz-sensors8-segmentation_camera
[0.691s] -- Searching for <gz-sensors8> component [depth_camera]
[0.691s] -- Looking for gz-sensors8-depth_camera -- found version 8.2.1
[0.691s] -- Searching for dependencies of gz-sensors8-depth_camera
[0.692s] -- Looking for gz-sensors8 -- found version 8.2.1
[0.692s] -- Searching for <gz-sensors8> component [rgbd_camera]
[0.692s] -- Looking for gz-sensors8-rgbd_camera -- found version 8.2.1
[0.693s] -- Searching for dependencies of gz-sensors8-rgbd_camera
[0.693s] -- Looking for gz-sensors8 -- found version 8.2.1
[0.693s] -- Searching for <gz-sensors8> component [thermal_camera]
[0.694s] -- Looking for gz-sensors8-thermal_camera -- found version 8.2.1
[0.694s] -- Searching for dependencies of gz-sensors8-thermal_camera
[0.694s] -- Looking for gz-sensors8 -- found version 8.2.1
[0.694s] -- Searching for <gz-sensors8> component [wide_angle_camera]
[0.695s] -- Looking for gz-sensors8-wide_angle_camera -- found version 8.2.1
[0.695s] -- Searching for dependencies of gz-sensors8-wide_angle_camera
[0.695s] -- Looking for gz-rendering8 -- found version 8.2.1
[0.696s] -- Looking for gz-math7 -- found version 7.5.1
[0.696s] -- Looking for gz-utils2 -- found version 2.2.0
[0.707s] -- Compiling against Gazebo Harmonic
[0.707s] -- Found ament_lint_auto: 0.17.1 (/opt/ros/jazzy/share/ament_lint_auto/cmake)
[0.753s] -- Configuring done (0.7s)
[0.779s] -- Generating done (0.0s)
[0.783s] -- Build files have been written to: /home/benjamin/Documents/seniorProject/ros_ws/build/ros_gz_example_gazebo
[0.791s] Invoked command in '/home/benjamin/Documents/seniorProject/ros_ws/build/ros_gz_example_gazebo' returned '0': CMAKE_PREFIX_PATH=/home/benjamin/Documents/seniorProject/ros_ws/install/ros_gz_example_description:/home/benjamin/Documents/seniorProject/ros_ws/install/ros_gz_example_bringup:/home/benjamin/Documents/seniorProject/ros_ws/install/ros_gz_example_gazebo:/home/benjamin/Documents/seniorProject/ros_ws/install/ros_gz_example_application:/opt/ros/jazzy/opt/gz_sim_vendor:/opt/ros/jazzy/opt/gz_sensors_vendor:/opt/ros/jazzy/opt/gz_physics_vendor:/opt/ros/jazzy/opt/sdformat_vendor:/opt/ros/jazzy/opt/gz_gui_vendor:/opt/ros/jazzy/opt/gz_transport_vendor:/opt/ros/jazzy/opt/gz_rendering_vendor:/opt/ros/jazzy/opt/gz_plugin_vendor:/opt/ros/jazzy/opt/gz_fuel_tools_vendor:/opt/ros/jazzy/opt/gz_msgs_vendor:/opt/ros/jazzy/opt/gz_common_vendor:/opt/ros/jazzy/opt/gz_math_vendor:/opt/ros/jazzy/opt/gz_utils_vendor:/opt/ros/jazzy/opt/gz_tools_vendor:/opt/ros/jazzy/opt/gz_ogre_next_vendor:/opt/ros/jazzy/opt/gz_dartsim_vendor:/opt/ros/jazzy/opt/gz_cmake_vendor:/opt/ros/jazzy DEBUGINFOD_URLS=https://debuginfod.ubuntu.com GZ_SIM_RESOURCE_PATH=/home/benjamin/Documents/seniorProject/ros_ws/install/ros_gz_example_description/share/ros_gz_example_description/models:${GZ_SIM_RESOURCE_PATH} /usr/bin/cmake /home/benjamin/Documents/seniorProject/ros_ws/src/ros_gz_project_template/ros_gz_example_gazebo -DCMAKE_INSTALL_PREFIX=/home/benjamin/Documents/seniorProject/ros_ws/install/ros_gz_example_gazebo
[0.791s] Invoking command in '/home/benjamin/Documents/seniorProject/ros_ws/build/ros_gz_example_gazebo': CMAKE_PREFIX_PATH=/home/benjamin/Documents/seniorProject/ros_ws/install/ros_gz_example_description:/home/benjamin/Documents/seniorProject/ros_ws/install/ros_gz_example_bringup:/home/benjamin/Documents/seniorProject/ros_ws/install/ros_gz_example_gazebo:/home/benjamin/Documents/seniorProject/ros_ws/install/ros_gz_example_application:/opt/ros/jazzy/opt/gz_sim_vendor:/opt/ros/jazzy/opt/gz_sensors_vendor:/opt/ros/jazzy/opt/gz_physics_vendor:/opt/ros/jazzy/opt/sdformat_vendor:/opt/ros/jazzy/opt/gz_gui_vendor:/opt/ros/jazzy/opt/gz_transport_vendor:/opt/ros/jazzy/opt/gz_rendering_vendor:/opt/ros/jazzy/opt/gz_plugin_vendor:/opt/ros/jazzy/opt/gz_fuel_tools_vendor:/opt/ros/jazzy/opt/gz_msgs_vendor:/opt/ros/jazzy/opt/gz_common_vendor:/opt/ros/jazzy/opt/gz_math_vendor:/opt/ros/jazzy/opt/gz_utils_vendor:/opt/ros/jazzy/opt/gz_tools_vendor:/opt/ros/jazzy/opt/gz_ogre_next_vendor:/opt/ros/jazzy/opt/gz_dartsim_vendor:/opt/ros/jazzy/opt/gz_cmake_vendor:/opt/ros/jazzy DEBUGINFOD_URLS=https://debuginfod.ubuntu.com GZ_SIM_RESOURCE_PATH=/home/benjamin/Documents/seniorProject/ros_ws/install/ros_gz_example_description/share/ros_gz_example_description/models:${GZ_SIM_RESOURCE_PATH} /usr/bin/cmake --build /home/benjamin/Documents/seniorProject/ros_ws/build/ros_gz_example_gazebo -- -j6 -l6
[0.823s] [ 50%] Built target FullSystem
[0.823s] [100%] Built target BasicSystem
[0.828s] Invoked command in '/home/benjamin/Documents/seniorProject/ros_ws/build/ros_gz_example_gazebo' returned '0': CMAKE_PREFIX_PATH=/home/benjamin/Documents/seniorProject/ros_ws/install/ros_gz_example_description:/home/benjamin/Documents/seniorProject/ros_ws/install/ros_gz_example_bringup:/home/benjamin/Documents/seniorProject/ros_ws/install/ros_gz_example_gazebo:/home/benjamin/Documents/seniorProject/ros_ws/install/ros_gz_example_application:/opt/ros/jazzy/opt/gz_sim_vendor:/opt/ros/jazzy/opt/gz_sensors_vendor:/opt/ros/jazzy/opt/gz_physics_vendor:/opt/ros/jazzy/opt/sdformat_vendor:/opt/ros/jazzy/opt/gz_gui_vendor:/opt/ros/jazzy/opt/gz_transport_vendor:/opt/ros/jazzy/opt/gz_rendering_vendor:/opt/ros/jazzy/opt/gz_plugin_vendor:/opt/ros/jazzy/opt/gz_fuel_tools_vendor:/opt/ros/jazzy/opt/gz_msgs_vendor:/opt/ros/jazzy/opt/gz_common_vendor:/opt/ros/jazzy/opt/gz_math_vendor:/opt/ros/jazzy/opt/gz_utils_vendor:/opt/ros/jazzy/opt/gz_tools_vendor:/opt/ros/jazzy/opt/gz_ogre_next_vendor:/opt/ros/jazzy/opt/gz_dartsim_vendor:/opt/ros/jazzy/opt/gz_cmake_vendor:/opt/ros/jazzy DEBUGINFOD_URLS=https://debuginfod.ubuntu.com GZ_SIM_RESOURCE_PATH=/home/benjamin/Documents/seniorProject/ros_ws/install/ros_gz_example_description/share/ros_gz_example_description/models:${GZ_SIM_RESOURCE_PATH} /usr/bin/cmake --build /home/benjamin/Documents/seniorProject/ros_ws/build/ros_gz_example_gazebo -- -j6 -l6
[0.828s] Invoking command in '/home/benjamin/Documents/seniorProject/ros_ws/build/ros_gz_example_gazebo': CMAKE_PREFIX_PATH=/home/benjamin/Documents/seniorProject/ros_ws/install/ros_gz_example_description:/home/benjamin/Documents/seniorProject/ros_ws/install/ros_gz_example_bringup:/home/benjamin/Documents/seniorProject/ros_ws/install/ros_gz_example_gazebo:/home/benjamin/Documents/seniorProject/ros_ws/install/ros_gz_example_application:/opt/ros/jazzy/opt/gz_sim_vendor:/opt/ros/jazzy/opt/gz_sensors_vendor:/opt/ros/jazzy/opt/gz_physics_vendor:/opt/ros/jazzy/opt/sdformat_vendor:/opt/ros/jazzy/opt/gz_gui_vendor:/opt/ros/jazzy/opt/gz_transport_vendor:/opt/ros/jazzy/opt/gz_rendering_vendor:/opt/ros/jazzy/opt/gz_plugin_vendor:/opt/ros/jazzy/opt/gz_fuel_tools_vendor:/opt/ros/jazzy/opt/gz_msgs_vendor:/opt/ros/jazzy/opt/gz_common_vendor:/opt/ros/jazzy/opt/gz_math_vendor:/opt/ros/jazzy/opt/gz_utils_vendor:/opt/ros/jazzy/opt/gz_tools_vendor:/opt/ros/jazzy/opt/gz_ogre_next_vendor:/opt/ros/jazzy/opt/gz_dartsim_vendor:/opt/ros/jazzy/opt/gz_cmake_vendor:/opt/ros/jazzy DEBUGINFOD_URLS=https://debuginfod.ubuntu.com GZ_SIM_RESOURCE_PATH=/home/benjamin/Documents/seniorProject/ros_ws/install/ros_gz_example_description/share/ros_gz_example_description/models:${GZ_SIM_RESOURCE_PATH} /usr/bin/cmake --install /home/benjamin/Documents/seniorProject/ros_ws/build/ros_gz_example_gazebo
[0.832s] -- Install configuration: ""
[0.832s] -- Up-to-date: /home/benjamin/Documents/seniorProject/ros_ws/install/ros_gz_example_gazebo/lib/ros_gz_example_gazebo/libBasicSystem.so
[0.833s] -- Up-to-date: /home/benjamin/Documents/seniorProject/ros_ws/install/ros_gz_example_gazebo/lib/ros_gz_example_gazebo/libFullSystem.so
[0.833s] -- Up-to-date: /home/benjamin/Documents/seniorProject/ros_ws/install/ros_gz_example_gazebo/share/ros_gz_example_gazebo/worlds
[0.833s] -- Up-to-date: /home/benjamin/Documents/seniorProject/ros_ws/install/ros_gz_example_gazebo/share/ros_gz_example_gazebo/worlds/diff_drive.sdf
[0.833s] -- Up-to-date: /home/benjamin/Documents/seniorProject/ros_ws/install/ros_gz_example_gazebo/share/ros_gz_example_gazebo/worlds/x3.sdf
[0.833s] -- Up-to-date: /home/benjamin/Documents/seniorProject/ros_ws/install/ros_gz_example_gazebo/share/ros_gz_example_gazebo/environment/ros_gz_example_gazebo.dsv
[0.833s] -- Up-to-date: /home/benjamin/Documents/seniorProject/ros_ws/install/ros_gz_example_gazebo/share/ros_gz_example_gazebo/environment/ros_gz_example_gazebo.sh
[0.834s] -- Up-to-date: /home/benjamin/Documents/seniorProject/ros_ws/install/ros_gz_example_gazebo/share/ament_index/resource_index/package_run_dependencies/ros_gz_example_gazebo
[0.834s] -- Up-to-date: /home/benjamin/Documents/seniorProject/ros_ws/install/ros_gz_example_gazebo/share/ament_index/resource_index/parent_prefix_path/ros_gz_example_gazebo
[0.834s] -- Up-to-date: /home/benjamin/Documents/seniorProject/ros_ws/install/ros_gz_example_gazebo/share/ros_gz_example_gazebo/environment/ament_prefix_path.sh
[0.834s] -- Up-to-date: /home/benjamin/Documents/seniorProject/ros_ws/install/ros_gz_example_gazebo/share/ros_gz_example_gazebo/environment/ament_prefix_path.dsv
[0.834s] -- Up-to-date: /home/benjamin/Documents/seniorProject/ros_ws/install/ros_gz_example_gazebo/share/ros_gz_example_gazebo/environment/path.sh
[0.834s] -- Up-to-date: /home/benjamin/Documents/seniorProject/ros_ws/install/ros_gz_example_gazebo/share/ros_gz_example_gazebo/environment/path.dsv
[0.834s] -- Up-to-date: /home/benjamin/Documents/seniorProject/ros_ws/install/ros_gz_example_gazebo/share/ros_gz_example_gazebo/local_setup.bash
[0.834s] -- Up-to-date: /home/benjamin/Documents/seniorProject/ros_ws/install/ros_gz_example_gazebo/share/ros_gz_example_gazebo/local_setup.sh
[0.834s] -- Up-to-date: /home/benjamin/Documents/seniorProject/ros_ws/install/ros_gz_example_gazebo/share/ros_gz_example_gazebo/local_setup.zsh
[0.834s] -- Up-to-date: /home/benjamin/Documents/seniorProject/ros_ws/install/ros_gz_example_gazebo/share/ros_gz_example_gazebo/local_setup.dsv
[0.834s] -- Installing: /home/benjamin/Documents/seniorProject/ros_ws/install/ros_gz_example_gazebo/share/ros_gz_example_gazebo/package.dsv
[0.834s] -- Up-to-date: /home/benjamin/Documents/seniorProject/ros_ws/install/ros_gz_example_gazebo/share/ament_index/resource_index/packages/ros_gz_example_gazebo
[0.834s] -- Up-to-date: /home/benjamin/Documents/seniorProject/ros_ws/install/ros_gz_example_gazebo/share/ros_gz_example_gazebo/cmake/ros_gz_example_gazeboConfig.cmake
[0.834s] -- Up-to-date: /home/benjamin/Documents/seniorProject/ros_ws/install/ros_gz_example_gazebo/share/ros_gz_example_gazebo/cmake/ros_gz_example_gazeboConfig-version.cmake
[0.834s] -- Up-to-date: /home/benjamin/Documents/seniorProject/ros_ws/install/ros_gz_example_gazebo/share/ros_gz_example_gazebo/package.xml
[0.835s] Invoked command in '/home/benjamin/Documents/seniorProject/ros_ws/build/ros_gz_example_gazebo' returned '0': CMAKE_PREFIX_PATH=/home/benjamin/Documents/seniorProject/ros_ws/install/ros_gz_example_description:/home/benjamin/Documents/seniorProject/ros_ws/install/ros_gz_example_bringup:/home/benjamin/Documents/seniorProject/ros_ws/install/ros_gz_example_gazebo:/home/benjamin/Documents/seniorProject/ros_ws/install/ros_gz_example_application:/opt/ros/jazzy/opt/gz_sim_vendor:/opt/ros/jazzy/opt/gz_sensors_vendor:/opt/ros/jazzy/opt/gz_physics_vendor:/opt/ros/jazzy/opt/sdformat_vendor:/opt/ros/jazzy/opt/gz_gui_vendor:/opt/ros/jazzy/opt/gz_transport_vendor:/opt/ros/jazzy/opt/gz_rendering_vendor:/opt/ros/jazzy/opt/gz_plugin_vendor:/opt/ros/jazzy/opt/gz_fuel_tools_vendor:/opt/ros/jazzy/opt/gz_msgs_vendor:/opt/ros/jazzy/opt/gz_common_vendor:/opt/ros/jazzy/opt/gz_math_vendor:/opt/ros/jazzy/opt/gz_utils_vendor:/opt/ros/jazzy/opt/gz_tools_vendor:/opt/ros/jazzy/opt/gz_ogre_next_vendor:/opt/ros/jazzy/opt/gz_dartsim_vendor:/opt/ros/jazzy/opt/gz_cmake_vendor:/opt/ros/jazzy DEBUGINFOD_URLS=https://debuginfod.ubuntu.com GZ_SIM_RESOURCE_PATH=/home/benjamin/Documents/seniorProject/ros_ws/install/ros_gz_example_description/share/ros_gz_example_description/models:${GZ_SIM_RESOURCE_PATH} /usr/bin/cmake --install /home/benjamin/Documents/seniorProject/ros_ws/build/ros_gz_example_gazebo
