[0.005s] Invoking command in '/home/benjamin/Documents/seniorProject/ros_ws/build/ros_gz_example_gazebo': CMAKE_PREFIX_PATH=/home/benjamin/Documents/seniorProject/ros_ws/install/ros_gz_example_description:/home/benjamin/Documents/seniorProject/ros_ws/install/ros_gz_example_bringup:/home/benjamin/Documents/seniorProject/ros_ws/install/ros_gz_example_gazebo:/opt/ros/jazzy/opt/gz_sim_vendor:/opt/ros/jazzy/opt/gz_sensors_vendor:/opt/ros/jazzy/opt/gz_physics_vendor:/opt/ros/jazzy/opt/sdformat_vendor:/opt/ros/jazzy/opt/gz_gui_vendor:/opt/ros/jazzy/opt/gz_transport_vendor:/opt/ros/jazzy/opt/gz_rendering_vendor:/opt/ros/jazzy/opt/gz_plugin_vendor:/opt/ros/jazzy/opt/gz_fuel_tools_vendor:/opt/ros/jazzy/opt/gz_msgs_vendor:/opt/ros/jazzy/opt/gz_common_vendor:/opt/ros/jazzy/opt/gz_math_vendor:/opt/ros/jazzy/opt/gz_utils_vendor:/opt/ros/jazzy/opt/gz_tools_vendor:/opt/ros/jazzy/opt/gz_ogre_next_vendor:/opt/ros/jazzy/opt/gz_dartsim_vendor:/opt/ros/jazzy/opt/gz_cmake_vendor:/home/benjamin/Documents/seniorProject/ros_ws/install/x3_pathing:/opt/ros/jazzy DEBUGINFOD_URLS=https://debuginfod.ubuntu.com GZ_SIM_RESOURCE_PATH=/home/benjamin/Documents/seniorProject/ros_ws/install/ros_gz_example_description/share/ros_gz_example_description/models:${GZ_SIM_RESOURCE_PATH} /usr/bin/cmake /home/benjamin/Documents/seniorProject/ros_ws/src/ros_gz_project_template/ros_gz_example_gazebo -DCMAKE_INSTALL_PREFIX=/home/benjamin/Documents/seniorProject/ros_ws/install/ros_gz_example_gazebo
[0.012s] -- Found ament_cmake: 2.5.3 (/opt/ros/jazzy/share/ament_cmake/cmake)
[0.120s] -- Found ros_gz_example_description: 0.0.0 (/home/benjamin/Documents/seniorProject/ros_ws/install/ros_gz_example_description/share/ros_gz_example_description/cmake)
[0.123s] -- Looking for gz-plugin2 -- found version 2.0.3
[0.123s] -- Searching for dependencies of gz-plugin2
[0.124s] -- Looking for gz-utils2 -- found version 2.2.0
[0.124s] -- Searching for dependencies of gz-utils2
[0.124s] -- Searching for <gz-utils2> component [cli]
[0.124s] -- Looking for gz-utils2-cli -- found version 2.2.0
[0.124s] -- Searching for dependencies of gz-utils2-cli
[0.125s] -- Searching for <gz-plugin2> component [register]
[0.125s] -- Looking for gz-plugin2-register -- found version 2.0.3
[0.125s] -- Searching for dependencies of gz-plugin2-register
[0.125s] -- Looking for gz-common5 -- found version 5.7.0
[0.126s] -- Searching for dependencies of gz-common5
[0.126s] -- Looking for gz-utils2 -- found version 2.2.0
[0.126s] -- Looking for dlfcn.h - found
[0.126s] -- Looking for libdl - found
[0.129s] -- Checking for module 'uuid'
[0.134s] --   Found uuid, version 2.39.3
[0.144s] -- Searching for <gz-common5> component [profiler]
[0.145s] -- Looking for gz-common5-profiler -- found version 5.7.0
[0.145s] -- Searching for dependencies of gz-common5-profiler
[0.150s] -- Looking for gz-sim8 -- found version 8.8.0
[0.150s] -- Searching for dependencies of gz-sim8
[0.151s] -- Looking for sdformat14 -- found version 14.6.0
[0.151s] -- Searching for dependencies of sdformat14
[0.153s] -- Checking for module 'tinyxml2'
[0.159s] --   Found tinyxml2, version 10.0.0
[0.172s] -- Looking for gz-math7 -- found version 7.5.1
[0.172s] -- Searching for dependencies of gz-math7
[0.172s] -- Looking for gz-utils2 -- found version 2.2.0
[0.173s] -- Looking for gz-utils2 -- found version 2.2.0
[0.174s] -- Looking for gz-plugin2 -- found version 2.0.3
[0.174s] -- Searching for dependencies of gz-plugin2
[0.174s] -- Looking for gz-utils2 -- found version 2.2.0
[0.174s] -- Searching for <gz-plugin2> component [loader]
[0.175s] -- Looking for gz-plugin2-loader -- found version 2.0.3
[0.175s] -- Searching for dependencies of gz-plugin2-loader
[0.176s] -- Searching for <gz-plugin2> component [register]
[0.177s] -- Looking for gz-transport13 -- found version 13.4.0
[0.177s] -- Searching for dependencies of gz-transport13
[0.259s] -- Found Protobuf: /usr/lib/aarch64-linux-gnu/libprotobuf.so (found version "3.21.12") 
[0.267s] -- Config-file not installed for ZeroMQ -- checking for pkg-config
[0.269s] -- Checking for module 'libzmq >= 4'
[0.275s] --   Found libzmq, version 4.3.5
[0.293s] -- Found ZeroMQ: TRUE (Required is at least version "4") 
[0.297s] -- Looking for gz-utils2 -- found version 2.2.0
[0.298s] -- Looking for gz-msgs10 -- found version 10.3.1
[0.298s] -- Searching for dependencies of gz-msgs10
[0.310s] -- Looking for gz-utils2 -- found version 2.2.0
[0.310s] -- Looking for gz-math7 -- found version 7.5.1
[0.382s] -- Searching for <gz-transport13> component [log]
[0.383s] -- Looking for gz-transport13-log -- found version 13.4.0
[0.383s] -- Searching for dependencies of gz-transport13-log
[0.384s] -- Searching for <gz-transport13> component [parameters]
[0.385s] -- Looking for gz-transport13-parameters -- found version 13.4.0
[0.385s] -- Searching for dependencies of gz-transport13-parameters
[0.386s] -- Looking for gz-msgs10 -- found version 10.3.1
[0.386s] -- Looking for gz-common5 -- found version 5.7.0
[0.386s] -- Searching for dependencies of gz-common5
[0.386s] -- Looking for gz-utils2 -- found version 2.2.0
[0.386s] -- Looking for dlfcn.h - found
[0.386s] -- Looking for libdl - found
[0.390s] -- Searching for <gz-common5> component [av]
[0.392s] -- Looking for gz-common5-av -- found version 5.7.0
[0.392s] -- Searching for dependencies of gz-common5-av
[0.394s] -- Checking for module 'libswscale'
[0.400s] --   Found libswscale, version 7.5.100
[0.412s] -- Found SWSCALE: TRUE  
[0.414s] -- Checking for module 'libavdevice >= 56.4.100'
[0.420s] --   Found libavdevice, version 60.3.100
[0.438s] -- Found AVDEVICE: TRUE (Required is at least version "56.4.100") 
[0.440s] -- Checking for module 'libavformat'
[0.445s] --   Found libavformat, version 60.16.100
[0.458s] -- Found AVFORMAT: TRUE  
[0.460s] -- Checking for module 'libavcodec'
[0.466s] --   Found libavcodec, version 60.31.102
[0.480s] -- Found AVCODEC: TRUE  
[0.483s] -- Checking for module 'libavutil'
[0.490s] --   Found libavutil, version 58.29.100
[0.502s] -- Found AVUTIL: TRUE  
[0.502s] -- Searching for <gz-common5> component [events]
[0.504s] -- Looking for gz-common5-events -- found version 5.7.0
[0.504s] -- Searching for dependencies of gz-common5-events
[0.504s] -- Looking for gz-math7 -- found version 7.5.1
[0.504s] -- Searching for <gz-common5> component [graphics]
[0.506s] -- Looking for gz-common5-graphics -- found version 5.7.0
[0.506s] -- Searching for dependencies of gz-common5-graphics
[0.506s] -- Looking for gz-math7 -- found version 7.5.1
[0.510s] -- Found GzAssimp: TRUE (found version "5.3.0") 
[0.510s] -- Searching for <gz-common5> component [io]
[0.511s] -- Looking for gz-common5-io -- found version 5.7.0
[0.511s] -- Searching for dependencies of gz-common5-io
[0.512s] -- Searching for <gz-common5> component [profiler]
[0.513s] -- Looking for gz-fuel_tools9 -- found version 9.1.0
[0.513s] -- Searching for dependencies of gz-fuel_tools9
[0.548s] -- Found CURL: /usr/lib/aarch64-linux-gnu/libcurl.so (found version "8.5.0")  
[0.553s] -- Checking for module 'jsoncpp'
[0.559s] --   Found jsoncpp, version 1.9.5
[0.569s] -- Found JSONCPP: TRUE  
[0.579s] -- Checking for module 'yaml-0.1'
[0.584s] --   Found yaml-0.1, version 0.2.5
[0.596s] -- Found YAML: TRUE  
[0.598s] -- Checking for module 'libzip'
[0.604s] --   Found libzip, version 1.7.3
[0.614s] -- Found ZIP: TRUE  
[0.614s] -- Looking for gz-utils2 -- found version 2.2.0
[0.615s] -- Looking for gz-common5 -- found version 5.7.0
[0.615s] -- Searching for dependencies of gz-common5
[0.615s] -- Looking for gz-utils2 -- found version 2.2.0
[0.615s] -- Looking for dlfcn.h - found
[0.615s] -- Looking for libdl - found
[0.618s] -- Searching for <gz-common5> component [testing]
[0.620s] -- Looking for gz-common5-testing -- found version 5.7.0
[0.620s] -- Searching for dependencies of gz-common5-testing
[0.621s] -- Looking for gz-math7 -- found version 7.5.1
[0.621s] -- Looking for gz-msgs10 -- found version 10.3.1
[0.623s] -- Looking for gz-gui8 -- found version 8.3.0
[0.623s] -- Searching for dependencies of gz-gui8
[0.636s] -- Looking for gz-utils2 -- found version 2.2.0
[0.636s] -- Looking for gz-math7 -- found version 7.5.1
[0.636s] -- Looking for gz-common5 -- found version 5.7.0
[0.636s] -- Looking for gz-plugin2 -- found version 2.0.3
[0.636s] -- Looking for gz-transport13 -- found version 13.4.0
[0.638s] -- Looking for gz-rendering8 -- found version 8.2.1
[0.638s] -- Searching for dependencies of gz-rendering8
[0.638s] -- Looking for gz-math7 -- found version 7.5.1
[0.638s] -- Searching for dependencies of gz-math7
[0.638s] -- Looking for gz-utils2 -- found version 2.2.0
[0.638s] -- Searching for <gz-math7> component [eigen3]
[0.640s] -- Looking for gz-math7-eigen3 -- found version 7.5.1
[0.640s] -- Searching for dependencies of gz-math7-eigen3
[0.647s] -- Looking for gz-common5 -- found version 5.7.0
[0.647s] -- Searching for dependencies of gz-common5
[0.647s] -- Looking for gz-utils2 -- found version 2.2.0
[0.647s] -- Looking for dlfcn.h - found
[0.647s] -- Looking for libdl - found
[0.651s] -- Searching for <gz-common5> component [graphics]
[0.651s] -- Searching for <gz-common5> component [events]
[0.651s] -- Searching for <gz-common5> component [geospatial]
[0.652s] -- Looking for gz-common5-geospatial -- found version 5.7.0
[0.652s] -- Searching for dependencies of gz-common5-geospatial
[0.652s] -- Looking for gz-math7 -- found version 7.5.1
[0.652s] -- Looking for gz-common5 -- found version 5.7.0
[0.653s] -- Looking for gz-plugin2 -- found version 2.0.3
[0.653s] -- Searching for dependencies of gz-plugin2
[0.653s] -- Looking for gz-utils2 -- found version 2.2.0
[0.653s] -- Searching for <gz-plugin2> component [all]
[0.654s] -- Looking for all libraries of gz-plugin2 -- found version 2.0.3
[0.654s] -- Looking for gz-plugin2 -- found version 2.0.3
[0.655s] -- Looking for gz-utils2 -- found version 2.2.0
[0.662s] -- Found OpenGL: /usr/lib/aarch64-linux-gnu/libOpenGL.so  found components: OpenGL 
[0.663s] -- Looking for gz-msgs10 -- found version 10.3.1
[0.690s] -- Looking for gz-physics7 -- found version 7.4.0
[0.690s] -- Searching for dependencies of gz-physics7
[0.690s] -- Looking for gz-common5 -- found version 5.7.0
[0.690s] -- Looking for gz-math7 -- found version 7.5.1
[0.691s] -- Looking for gz-plugin2 -- found version 2.0.3
[0.691s] -- Looking for gz-utils2 -- found version 2.2.0
[0.692s] -- Searching for <gz-physics7> component [heightmap]
[0.693s] -- Looking for gz-physics7-heightmap -- found version 7.4.0
[0.693s] -- Searching for dependencies of gz-physics7-heightmap
[0.693s] -- Looking for gz-common5 -- found version 5.7.0
[0.693s] -- Searching for <gz-physics7> component [mesh]
[0.694s] -- Looking for gz-physics7-mesh -- found version 7.4.0
[0.694s] -- Searching for dependencies of gz-physics7-mesh
[0.694s] -- Looking for gz-common5 -- found version 5.7.0
[0.695s] -- Searching for <gz-physics7> component [sdf]
[0.695s] -- Looking for gz-physics7-sdf -- found version 7.4.0
[0.695s] -- Searching for dependencies of gz-physics7-sdf
[0.696s] -- Looking for sdformat14 -- found version 14.6.0
[0.698s] -- Looking for gz-sensors8 -- found version 8.2.1
[0.698s] -- Searching for dependencies of gz-sensors8
[0.709s] -- Looking for gz-math7 -- found version 7.5.1
[0.710s] -- Looking for gz-common5 -- found version 5.7.0
[0.710s] -- Looking for gz-transport13 -- found version 13.4.0
[0.710s] -- Looking for gz-rendering8 -- found version 8.2.1
[0.710s] -- Looking for gz-msgs10 -- found version 10.3.1
[0.710s] -- Looking for sdformat14 -- found version 14.6.0
[0.711s] -- Searching for <gz-sensors8> component [air_pressure]
[0.712s] -- Looking for gz-sensors8-air_pressure -- found version 8.2.1
[0.712s] -- Searching for dependencies of gz-sensors8-air_pressure
[0.712s] -- Searching for <gz-sensors8> component [air_speed]
[0.713s] -- Looking for gz-sensors8-air_speed -- found version 8.2.1
[0.713s] -- Searching for dependencies of gz-sensors8-air_speed
[0.713s] -- Searching for <gz-sensors8> component [altimeter]
[0.714s] -- Looking for gz-sensors8-altimeter -- found version 8.2.1
[0.714s] -- Searching for dependencies of gz-sensors8-altimeter
[0.714s] -- Searching for <gz-sensors8> component [imu]
[0.715s] -- Looking for gz-sensors8-imu -- found version 8.2.1
[0.715s] -- Searching for dependencies of gz-sensors8-imu
[0.716s] -- Searching for <gz-sensors8> component [force_torque]
[0.716s] -- Looking for gz-sensors8-force_torque -- found version 8.2.1
[0.716s] -- Searching for dependencies of gz-sensors8-force_torque
[0.717s] -- Searching for <gz-sensors8> component [logical_camera]
[0.717s] -- Looking for gz-sensors8-logical_camera -- found version 8.2.1
[0.718s] -- Searching for dependencies of gz-sensors8-logical_camera
[0.718s] -- Searching for <gz-sensors8> component [magnetometer]
[0.719s] -- Looking for gz-sensors8-magnetometer -- found version 8.2.1
[0.719s] -- Searching for dependencies of gz-sensors8-magnetometer
[0.719s] -- Searching for <gz-sensors8> component [navsat]
[0.720s] -- Looking for gz-sensors8-navsat -- found version 8.2.1
[0.720s] -- Searching for dependencies of gz-sensors8-navsat
[0.720s] -- Searching for <gz-sensors8> component [dvl]
[0.721s] -- Looking for gz-sensors8-dvl -- found version 8.2.1
[0.721s] -- Searching for dependencies of gz-sensors8-dvl
[0.721s] -- Looking for gz-sensors8 -- found version 8.2.1
[0.721s] -- Searching for dependencies of gz-sensors8
[0.732s] -- Looking for gz-math7 -- found version 7.5.1
[0.732s] -- Looking for gz-common5 -- found version 5.7.0
[0.732s] -- Looking for gz-transport13 -- found version 13.4.0
[0.732s] -- Looking for gz-rendering8 -- found version 8.2.1
[0.733s] -- Looking for gz-msgs10 -- found version 10.3.1
[0.733s] -- Looking for sdformat14 -- found version 14.6.0
[0.733s] -- Searching for <gz-sensors8> component [rendering]
[0.734s] -- Looking for gz-sensors8-rendering -- found version 8.2.1
[0.734s] -- Searching for dependencies of gz-sensors8-rendering
[0.734s] -- Searching for <gz-sensors8> component [rendering]
[0.735s] -- Searching for <gz-sensors8> component [lidar]
[0.735s] -- Looking for gz-sensors8-lidar -- found version 8.2.1
[0.735s] -- Searching for dependencies of gz-sensors8-lidar
[0.735s] -- Looking for gz-sensors8 -- found version 8.2.1
[0.736s] -- Searching for <gz-sensors8> component [gpu_lidar]
[0.736s] -- Looking for gz-sensors8-gpu_lidar -- found version 8.2.1
[0.737s] -- Searching for dependencies of gz-sensors8-gpu_lidar
[0.737s] -- Looking for gz-sensors8 -- found version 8.2.1
[0.737s] -- Searching for <gz-sensors8> component [camera]
[0.738s] -- Looking for gz-sensors8-camera -- found version 8.2.1
[0.738s] -- Searching for dependencies of gz-sensors8-camera
[0.738s] -- Looking for gz-sensors8 -- found version 8.2.1
[0.739s] -- Searching for <gz-sensors8> component [boundingbox_camera]
[0.739s] -- Looking for gz-sensors8-boundingbox_camera -- found version 8.2.1
[0.739s] -- Searching for dependencies of gz-sensors8-boundingbox_camera
[0.740s] -- Searching for <gz-sensors8> component [segmentation_camera]
[0.740s] -- Looking for gz-sensors8-segmentation_camera -- found version 8.2.1
[0.740s] -- Searching for dependencies of gz-sensors8-segmentation_camera
[0.741s] -- Searching for <gz-sensors8> component [depth_camera]
[0.741s] -- Looking for gz-sensors8-depth_camera -- found version 8.2.1
[0.742s] -- Searching for dependencies of gz-sensors8-depth_camera
[0.742s] -- Looking for gz-sensors8 -- found version 8.2.1
[0.742s] -- Searching for <gz-sensors8> component [rgbd_camera]
[0.743s] -- Looking for gz-sensors8-rgbd_camera -- found version 8.2.1
[0.743s] -- Searching for dependencies of gz-sensors8-rgbd_camera
[0.743s] -- Looking for gz-sensors8 -- found version 8.2.1
[0.743s] -- Searching for <gz-sensors8> component [thermal_camera]
[0.744s] -- Looking for gz-sensors8-thermal_camera -- found version 8.2.1
[0.744s] -- Searching for dependencies of gz-sensors8-thermal_camera
[0.744s] -- Looking for gz-sensors8 -- found version 8.2.1
[0.745s] -- Searching for <gz-sensors8> component [wide_angle_camera]
[0.746s] -- Looking for gz-sensors8-wide_angle_camera -- found version 8.2.1
[0.746s] -- Searching for dependencies of gz-sensors8-wide_angle_camera
[0.746s] -- Looking for gz-rendering8 -- found version 8.2.1
[0.747s] -- Looking for gz-math7 -- found version 7.5.1
[0.747s] -- Looking for gz-utils2 -- found version 2.2.0
[0.758s] -- Compiling against Gazebo Harmonic
[0.760s] -- Found ament_lint_auto: 0.17.1 (/opt/ros/jazzy/share/ament_lint_auto/cmake)
[0.810s] -- Configuring done (0.8s)
[0.825s] -- Generating done (0.0s)
[0.827s] -- Build files have been written to: /home/benjamin/Documents/seniorProject/ros_ws/build/ros_gz_example_gazebo
[0.832s] Invoked command in '/home/benjamin/Documents/seniorProject/ros_ws/build/ros_gz_example_gazebo' returned '0': CMAKE_PREFIX_PATH=/home/benjamin/Documents/seniorProject/ros_ws/install/ros_gz_example_description:/home/benjamin/Documents/seniorProject/ros_ws/install/ros_gz_example_bringup:/home/benjamin/Documents/seniorProject/ros_ws/install/ros_gz_example_gazebo:/opt/ros/jazzy/opt/gz_sim_vendor:/opt/ros/jazzy/opt/gz_sensors_vendor:/opt/ros/jazzy/opt/gz_physics_vendor:/opt/ros/jazzy/opt/sdformat_vendor:/opt/ros/jazzy/opt/gz_gui_vendor:/opt/ros/jazzy/opt/gz_transport_vendor:/opt/ros/jazzy/opt/gz_rendering_vendor:/opt/ros/jazzy/opt/gz_plugin_vendor:/opt/ros/jazzy/opt/gz_fuel_tools_vendor:/opt/ros/jazzy/opt/gz_msgs_vendor:/opt/ros/jazzy/opt/gz_common_vendor:/opt/ros/jazzy/opt/gz_math_vendor:/opt/ros/jazzy/opt/gz_utils_vendor:/opt/ros/jazzy/opt/gz_tools_vendor:/opt/ros/jazzy/opt/gz_ogre_next_vendor:/opt/ros/jazzy/opt/gz_dartsim_vendor:/opt/ros/jazzy/opt/gz_cmake_vendor:/home/benjamin/Documents/seniorProject/ros_ws/install/x3_pathing:/opt/ros/jazzy DEBUGINFOD_URLS=https://debuginfod.ubuntu.com GZ_SIM_RESOURCE_PATH=/home/benjamin/Documents/seniorProject/ros_ws/install/ros_gz_example_description/share/ros_gz_example_description/models:${GZ_SIM_RESOURCE_PATH} /usr/bin/cmake /home/benjamin/Documents/seniorProject/ros_ws/src/ros_gz_project_template/ros_gz_example_gazebo -DCMAKE_INSTALL_PREFIX=/home/benjamin/Documents/seniorProject/ros_ws/install/ros_gz_example_gazebo
[0.833s] Invoking command in '/home/benjamin/Documents/seniorProject/ros_ws/build/ros_gz_example_gazebo': CMAKE_PREFIX_PATH=/home/benjamin/Documents/seniorProject/ros_ws/install/ros_gz_example_description:/home/benjamin/Documents/seniorProject/ros_ws/install/ros_gz_example_bringup:/home/benjamin/Documents/seniorProject/ros_ws/install/ros_gz_example_gazebo:/opt/ros/jazzy/opt/gz_sim_vendor:/opt/ros/jazzy/opt/gz_sensors_vendor:/opt/ros/jazzy/opt/gz_physics_vendor:/opt/ros/jazzy/opt/sdformat_vendor:/opt/ros/jazzy/opt/gz_gui_vendor:/opt/ros/jazzy/opt/gz_transport_vendor:/opt/ros/jazzy/opt/gz_rendering_vendor:/opt/ros/jazzy/opt/gz_plugin_vendor:/opt/ros/jazzy/opt/gz_fuel_tools_vendor:/opt/ros/jazzy/opt/gz_msgs_vendor:/opt/ros/jazzy/opt/gz_common_vendor:/opt/ros/jazzy/opt/gz_math_vendor:/opt/ros/jazzy/opt/gz_utils_vendor:/opt/ros/jazzy/opt/gz_tools_vendor:/opt/ros/jazzy/opt/gz_ogre_next_vendor:/opt/ros/jazzy/opt/gz_dartsim_vendor:/opt/ros/jazzy/opt/gz_cmake_vendor:/home/benjamin/Documents/seniorProject/ros_ws/install/x3_pathing:/opt/ros/jazzy DEBUGINFOD_URLS=https://debuginfod.ubuntu.com GZ_SIM_RESOURCE_PATH=/home/benjamin/Documents/seniorProject/ros_ws/install/ros_gz_example_description/share/ros_gz_example_description/models:${GZ_SIM_RESOURCE_PATH} /usr/bin/cmake --build /home/benjamin/Documents/seniorProject/ros_ws/build/ros_gz_example_gazebo -- -j6 -l6
[0.858s] [ 50%] [32mBuilding CXX object CMakeFiles/BasicSystem.dir/src/BasicSystem.cc.o[0m
[0.858s] [ 50%] [32mBuilding CXX object CMakeFiles/FullSystem.dir/src/FullSystem.cc.o[0m
[2.118s] [ 75%] [32m[1mLinking CXX shared library libBasicSystem.so[0m
[2.183s] [100%] [32m[1mLinking CXX shared library libFullSystem.so[0m
[2.255s] [100%] Built target BasicSystem
[2.275s] [100%] Built target FullSystem
[2.280s] Invoked command in '/home/benjamin/Documents/seniorProject/ros_ws/build/ros_gz_example_gazebo' returned '0': CMAKE_PREFIX_PATH=/home/benjamin/Documents/seniorProject/ros_ws/install/ros_gz_example_description:/home/benjamin/Documents/seniorProject/ros_ws/install/ros_gz_example_bringup:/home/benjamin/Documents/seniorProject/ros_ws/install/ros_gz_example_gazebo:/opt/ros/jazzy/opt/gz_sim_vendor:/opt/ros/jazzy/opt/gz_sensors_vendor:/opt/ros/jazzy/opt/gz_physics_vendor:/opt/ros/jazzy/opt/sdformat_vendor:/opt/ros/jazzy/opt/gz_gui_vendor:/opt/ros/jazzy/opt/gz_transport_vendor:/opt/ros/jazzy/opt/gz_rendering_vendor:/opt/ros/jazzy/opt/gz_plugin_vendor:/opt/ros/jazzy/opt/gz_fuel_tools_vendor:/opt/ros/jazzy/opt/gz_msgs_vendor:/opt/ros/jazzy/opt/gz_common_vendor:/opt/ros/jazzy/opt/gz_math_vendor:/opt/ros/jazzy/opt/gz_utils_vendor:/opt/ros/jazzy/opt/gz_tools_vendor:/opt/ros/jazzy/opt/gz_ogre_next_vendor:/opt/ros/jazzy/opt/gz_dartsim_vendor:/opt/ros/jazzy/opt/gz_cmake_vendor:/home/benjamin/Documents/seniorProject/ros_ws/install/x3_pathing:/opt/ros/jazzy DEBUGINFOD_URLS=https://debuginfod.ubuntu.com GZ_SIM_RESOURCE_PATH=/home/benjamin/Documents/seniorProject/ros_ws/install/ros_gz_example_description/share/ros_gz_example_description/models:${GZ_SIM_RESOURCE_PATH} /usr/bin/cmake --build /home/benjamin/Documents/seniorProject/ros_ws/build/ros_gz_example_gazebo -- -j6 -l6
[2.281s] Invoking command in '/home/benjamin/Documents/seniorProject/ros_ws/build/ros_gz_example_gazebo': CMAKE_PREFIX_PATH=/home/benjamin/Documents/seniorProject/ros_ws/install/ros_gz_example_description:/home/benjamin/Documents/seniorProject/ros_ws/install/ros_gz_example_bringup:/home/benjamin/Documents/seniorProject/ros_ws/install/ros_gz_example_gazebo:/opt/ros/jazzy/opt/gz_sim_vendor:/opt/ros/jazzy/opt/gz_sensors_vendor:/opt/ros/jazzy/opt/gz_physics_vendor:/opt/ros/jazzy/opt/sdformat_vendor:/opt/ros/jazzy/opt/gz_gui_vendor:/opt/ros/jazzy/opt/gz_transport_vendor:/opt/ros/jazzy/opt/gz_rendering_vendor:/opt/ros/jazzy/opt/gz_plugin_vendor:/opt/ros/jazzy/opt/gz_fuel_tools_vendor:/opt/ros/jazzy/opt/gz_msgs_vendor:/opt/ros/jazzy/opt/gz_common_vendor:/opt/ros/jazzy/opt/gz_math_vendor:/opt/ros/jazzy/opt/gz_utils_vendor:/opt/ros/jazzy/opt/gz_tools_vendor:/opt/ros/jazzy/opt/gz_ogre_next_vendor:/opt/ros/jazzy/opt/gz_dartsim_vendor:/opt/ros/jazzy/opt/gz_cmake_vendor:/home/benjamin/Documents/seniorProject/ros_ws/install/x3_pathing:/opt/ros/jazzy DEBUGINFOD_URLS=https://debuginfod.ubuntu.com GZ_SIM_RESOURCE_PATH=/home/benjamin/Documents/seniorProject/ros_ws/install/ros_gz_example_description/share/ros_gz_example_description/models:${GZ_SIM_RESOURCE_PATH} /usr/bin/cmake --install /home/benjamin/Documents/seniorProject/ros_ws/build/ros_gz_example_gazebo
[2.284s] -- Install configuration: ""
[2.285s] -- Installing: /home/benjamin/Documents/seniorProject/ros_ws/install/ros_gz_example_gazebo/lib/ros_gz_example_gazebo/libBasicSystem.so
[2.285s] -- Set non-toolchain portion of runtime path of "/home/benjamin/Documents/seniorProject/ros_ws/install/ros_gz_example_gazebo/lib/ros_gz_example_gazebo/libBasicSystem.so" to ""
[2.285s] -- Installing: /home/benjamin/Documents/seniorProject/ros_ws/install/ros_gz_example_gazebo/lib/ros_gz_example_gazebo/libFullSystem.so
[2.285s] -- Set non-toolchain portion of runtime path of "/home/benjamin/Documents/seniorProject/ros_ws/install/ros_gz_example_gazebo/lib/ros_gz_example_gazebo/libFullSystem.so" to ""
[2.285s] -- Installing: /home/benjamin/Documents/seniorProject/ros_ws/install/ros_gz_example_gazebo/share/ros_gz_example_gazebo/worlds
[2.285s] -- Installing: /home/benjamin/Documents/seniorProject/ros_ws/install/ros_gz_example_gazebo/share/ros_gz_example_gazebo/worlds/thumbnails
[2.286s] -- Installing: /home/benjamin/Documents/seniorProject/ros_ws/install/ros_gz_example_gazebo/share/ros_gz_example_gazebo/worlds/thumbnails/1.png
[2.287s] -- Installing: /home/benjamin/Documents/seniorProject/ros_ws/install/ros_gz_example_gazebo/share/ros_gz_example_gazebo/worlds/thumbnails/3.png
[2.289s] -- Installing: /home/benjamin/Documents/seniorProject/ros_ws/install/ros_gz_example_gazebo/share/ros_gz_example_gazebo/worlds/thumbnails/2.png
[2.291s] -- Installing: /home/benjamin/Documents/seniorProject/ros_ws/install/ros_gz_example_gazebo/share/ros_gz_example_gazebo/worlds/thumbnails/0.png
[2.293s] -- Installing: /home/benjamin/Documents/seniorProject/ros_ws/install/ros_gz_example_gazebo/share/ros_gz_example_gazebo/worlds/thumbnails/4.png
[2.294s] -- Installing: /home/benjamin/Documents/seniorProject/ros_ws/install/ros_gz_example_gazebo/share/ros_gz_example_gazebo/worlds/diff_drive.sdf
[2.295s] -- Installing: /home/benjamin/Documents/seniorProject/ros_ws/install/ros_gz_example_gazebo/share/ros_gz_example_gazebo/worlds/tugbot_warehouse.sdf
[2.295s] -- Installing: /home/benjamin/Documents/seniorProject/ros_ws/install/ros_gz_example_gazebo/share/ros_gz_example_gazebo/worlds/x3.sdf
[2.295s] -- Installing: /home/benjamin/Documents/seniorProject/ros_ws/install/ros_gz_example_gazebo/share/ros_gz_example_gazebo/environment/ros_gz_example_gazebo.dsv
[2.295s] -- Installing: /home/benjamin/Documents/seniorProject/ros_ws/install/ros_gz_example_gazebo/share/ros_gz_example_gazebo/environment/ros_gz_example_gazebo.sh
[2.295s] -- Installing: /home/benjamin/Documents/seniorProject/ros_ws/install/ros_gz_example_gazebo/share/ament_index/resource_index/package_run_dependencies/ros_gz_example_gazebo
[2.296s] -- Installing: /home/benjamin/Documents/seniorProject/ros_ws/install/ros_gz_example_gazebo/share/ament_index/resource_index/parent_prefix_path/ros_gz_example_gazebo
[2.296s] -- Installing: /home/benjamin/Documents/seniorProject/ros_ws/install/ros_gz_example_gazebo/share/ros_gz_example_gazebo/environment/ament_prefix_path.sh
[2.296s] -- Installing: /home/benjamin/Documents/seniorProject/ros_ws/install/ros_gz_example_gazebo/share/ros_gz_example_gazebo/environment/ament_prefix_path.dsv
[2.296s] -- Installing: /home/benjamin/Documents/seniorProject/ros_ws/install/ros_gz_example_gazebo/share/ros_gz_example_gazebo/environment/path.sh
[2.296s] -- Installing: /home/benjamin/Documents/seniorProject/ros_ws/install/ros_gz_example_gazebo/share/ros_gz_example_gazebo/environment/path.dsv
[2.296s] -- Installing: /home/benjamin/Documents/seniorProject/ros_ws/install/ros_gz_example_gazebo/share/ros_gz_example_gazebo/local_setup.bash
[2.296s] -- Installing: /home/benjamin/Documents/seniorProject/ros_ws/install/ros_gz_example_gazebo/share/ros_gz_example_gazebo/local_setup.sh
[2.296s] -- Installing: /home/benjamin/Documents/seniorProject/ros_ws/install/ros_gz_example_gazebo/share/ros_gz_example_gazebo/local_setup.zsh
[2.296s] -- Installing: /home/benjamin/Documents/seniorProject/ros_ws/install/ros_gz_example_gazebo/share/ros_gz_example_gazebo/local_setup.dsv
[2.296s] -- Installing: /home/benjamin/Documents/seniorProject/ros_ws/install/ros_gz_example_gazebo/share/ros_gz_example_gazebo/package.dsv
[2.296s] -- Installing: /home/benjamin/Documents/seniorProject/ros_ws/install/ros_gz_example_gazebo/share/ament_index/resource_index/packages/ros_gz_example_gazebo
[2.296s] -- Installing: /home/benjamin/Documents/seniorProject/ros_ws/install/ros_gz_example_gazebo/share/ros_gz_example_gazebo/cmake/ros_gz_example_gazeboConfig.cmake
[2.296s] -- Installing: /home/benjamin/Documents/seniorProject/ros_ws/install/ros_gz_example_gazebo/share/ros_gz_example_gazebo/cmake/ros_gz_example_gazeboConfig-version.cmake
[2.296s] -- Installing: /home/benjamin/Documents/seniorProject/ros_ws/install/ros_gz_example_gazebo/share/ros_gz_example_gazebo/package.xml
[2.298s] Invoked command in '/home/benjamin/Documents/seniorProject/ros_ws/build/ros_gz_example_gazebo' returned '0': CMAKE_PREFIX_PATH=/home/benjamin/Documents/seniorProject/ros_ws/install/ros_gz_example_description:/home/benjamin/Documents/seniorProject/ros_ws/install/ros_gz_example_bringup:/home/benjamin/Documents/seniorProject/ros_ws/install/ros_gz_example_gazebo:/opt/ros/jazzy/opt/gz_sim_vendor:/opt/ros/jazzy/opt/gz_sensors_vendor:/opt/ros/jazzy/opt/gz_physics_vendor:/opt/ros/jazzy/opt/sdformat_vendor:/opt/ros/jazzy/opt/gz_gui_vendor:/opt/ros/jazzy/opt/gz_transport_vendor:/opt/ros/jazzy/opt/gz_rendering_vendor:/opt/ros/jazzy/opt/gz_plugin_vendor:/opt/ros/jazzy/opt/gz_fuel_tools_vendor:/opt/ros/jazzy/opt/gz_msgs_vendor:/opt/ros/jazzy/opt/gz_common_vendor:/opt/ros/jazzy/opt/gz_math_vendor:/opt/ros/jazzy/opt/gz_utils_vendor:/opt/ros/jazzy/opt/gz_tools_vendor:/opt/ros/jazzy/opt/gz_ogre_next_vendor:/opt/ros/jazzy/opt/gz_dartsim_vendor:/opt/ros/jazzy/opt/gz_cmake_vendor:/home/benjamin/Documents/seniorProject/ros_ws/install/x3_pathing:/opt/ros/jazzy DEBUGINFOD_URLS=https://debuginfod.ubuntu.com GZ_SIM_RESOURCE_PATH=/home/benjamin/Documents/seniorProject/ros_ws/install/ros_gz_example_description/share/ros_gz_example_description/models:${GZ_SIM_RESOURCE_PATH} /usr/bin/cmake --install /home/benjamin/Documents/seniorProject/ros_ws/build/ros_gz_example_gazebo
