[0.007s] Invoking command in '/home/benjamin/Documents/seniorProject/ros_ws/build/ros_gz_example_gazebo': CMAKE_PREFIX_PATH=/home/benjamin/Documents/seniorProject/ros_ws/install/ros_gz_example_description:/home/benjamin/Documents/seniorProject/ros_ws/install/ros_gz_example_bringup:/home/benjamin/Documents/seniorProject/ros_ws/install/ros_gz_example_gazebo:/home/benjamin/Documents/seniorProject/ros_ws/install/ros_gz_example_application:/opt/ros/jazzy/opt/gz_sim_vendor:/opt/ros/jazzy/opt/gz_sensors_vendor:/opt/ros/jazzy/opt/gz_physics_vendor:/opt/ros/jazzy/opt/sdformat_vendor:/opt/ros/jazzy/opt/gz_gui_vendor:/opt/ros/jazzy/opt/gz_transport_vendor:/opt/ros/jazzy/opt/gz_rendering_vendor:/opt/ros/jazzy/opt/gz_plugin_vendor:/opt/ros/jazzy/opt/gz_fuel_tools_vendor:/opt/ros/jazzy/opt/gz_msgs_vendor:/opt/ros/jazzy/opt/gz_common_vendor:/opt/ros/jazzy/opt/gz_math_vendor:/opt/ros/jazzy/opt/gz_utils_vendor:/opt/ros/jazzy/opt/gz_tools_vendor:/opt/ros/jazzy/opt/gz_ogre_next_vendor:/opt/ros/jazzy/opt/gz_dartsim_vendor:/opt/ros/jazzy/opt/gz_cmake_vendor:/opt/ros/jazzy DEBUGINFOD_URLS=https://debuginfod.ubuntu.com GZ_SIM_RESOURCE_PATH=/home/benjamin/Documents/seniorProject/ros_ws/install/ros_gz_example_description/share/ros_gz_example_description/models:${GZ_SIM_RESOURCE_PATH} /usr/bin/cmake /home/benjamin/Documents/seniorProject/ros_ws/src/ros_gz_project_template/ros_gz_example_gazebo -DCMAKE_INSTALL_PREFIX=/home/benjamin/Documents/seniorProject/ros_ws/install/ros_gz_example_gazebo
[0.018s] -- Found ament_cmake: 2.5.3 (/opt/ros/jazzy/share/ament_cmake/cmake)
[0.157s] -- Found ros_gz_example_description: 0.0.0 (/home/benjamin/Documents/seniorProject/ros_ws/install/ros_gz_example_description/share/ros_gz_example_description/cmake)
[0.163s] -- Looking for gz-plugin2 -- found version 2.0.3
[0.163s] -- Searching for dependencies of gz-plugin2
[0.164s] -- Looking for gz-utils2 -- found version 2.2.0
[0.164s] -- Searching for dependencies of gz-utils2
[0.164s] -- Searching for <gz-utils2> component [cli]
[0.167s] -- Looking for gz-utils2-cli -- found version 2.2.0
[0.168s] -- Searching for dependencies of gz-utils2-cli
[0.168s] -- Searching for <gz-plugin2> component [register]
[0.168s] -- Looking for gz-plugin2-register -- found version 2.0.3
[0.168s] -- Searching for dependencies of gz-plugin2-register
[0.169s] -- Looking for gz-common5 -- found version 5.7.0
[0.169s] -- Searching for dependencies of gz-common5
[0.169s] -- Looking for gz-utils2 -- found version 2.2.0
[0.170s] -- Looking for dlfcn.h - found
[0.170s] -- Looking for libdl - found
[0.173s] -- Checking for module 'uuid'
[0.180s] --   Found uuid, version 2.39.3
[0.193s] -- Searching for <gz-common5> component [profiler]
[0.193s] -- Looking for gz-common5-profiler -- found version 5.7.0
[0.194s] -- Searching for dependencies of gz-common5-profiler
[0.202s] [31mCMake Error at CMakeLists.txt:26 (find_package):
[0.202s]   By not providing "Findgz-sim7.cmake" in CMAKE_MODULE_PATH this project has
[0.202s]   asked CMake to find a package configuration file provided by "gz-sim7", but
[0.202s]   CMake did not find one.
[0.203s] 
[0.203s]   Could not find a package configuration file provided by "gz-sim7" with any
[0.203s]   of the following names:
[0.203s] 
[0.203s]     gz-sim7Config.cmake
[0.203s]     gz-sim7-config.cmake
[0.203s] 
[0.203s]   Add the installation prefix of "gz-sim7" to CMAKE_PREFIX_PATH or set
[0.203s]   "gz-sim7_DIR" to a directory containing one of the above files.  If
[0.203s]   "gz-sim7" provides a separate development package or SDK, be sure it has
[0.203s]   been installed.
[0.203s] 
[0.203s] [0m
[0.203s] -- Configuring incomplete, errors occurred!
[0.206s] Invoked command in '/home/benjamin/Documents/seniorProject/ros_ws/build/ros_gz_example_gazebo' returned '1': CMAKE_PREFIX_PATH=/home/benjamin/Documents/seniorProject/ros_ws/install/ros_gz_example_description:/home/benjamin/Documents/seniorProject/ros_ws/install/ros_gz_example_bringup:/home/benjamin/Documents/seniorProject/ros_ws/install/ros_gz_example_gazebo:/home/benjamin/Documents/seniorProject/ros_ws/install/ros_gz_example_application:/opt/ros/jazzy/opt/gz_sim_vendor:/opt/ros/jazzy/opt/gz_sensors_vendor:/opt/ros/jazzy/opt/gz_physics_vendor:/opt/ros/jazzy/opt/sdformat_vendor:/opt/ros/jazzy/opt/gz_gui_vendor:/opt/ros/jazzy/opt/gz_transport_vendor:/opt/ros/jazzy/opt/gz_rendering_vendor:/opt/ros/jazzy/opt/gz_plugin_vendor:/opt/ros/jazzy/opt/gz_fuel_tools_vendor:/opt/ros/jazzy/opt/gz_msgs_vendor:/opt/ros/jazzy/opt/gz_common_vendor:/opt/ros/jazzy/opt/gz_math_vendor:/opt/ros/jazzy/opt/gz_utils_vendor:/opt/ros/jazzy/opt/gz_tools_vendor:/opt/ros/jazzy/opt/gz_ogre_next_vendor:/opt/ros/jazzy/opt/gz_dartsim_vendor:/opt/ros/jazzy/opt/gz_cmake_vendor:/opt/ros/jazzy DEBUGINFOD_URLS=https://debuginfod.ubuntu.com GZ_SIM_RESOURCE_PATH=/home/benjamin/Documents/seniorProject/ros_ws/install/ros_gz_example_description/share/ros_gz_example_description/models:${GZ_SIM_RESOURCE_PATH} /usr/bin/cmake /home/benjamin/Documents/seniorProject/ros_ws/src/ros_gz_project_template/ros_gz_example_gazebo -DCMAKE_INSTALL_PREFIX=/home/benjamin/Documents/seniorProject/ros_ws/install/ros_gz_example_gazebo
