[0.004s] Invoking command in '/home/benjamin/Documents/seniorProject/ros_ws/build/ros_gz_example_gazebo': CMAKE_PREFIX_PATH=/home/benjamin/Documents/seniorProject/ros_ws/install/ros_gz_example_description:/home/benjamin/Documents/seniorProject/ros_ws/install/ros_gz_example_bringup:/home/benjamin/Documents/seniorProject/ros_ws/install/ros_gz_example_gazebo:/home/benjamin/Documents/seniorProject/ros_ws/install/ros_gz_example_application:/opt/ros/jazzy/opt/gz_sim_vendor:/opt/ros/jazzy/opt/gz_sensors_vendor:/opt/ros/jazzy/opt/gz_physics_vendor:/opt/ros/jazzy/opt/sdformat_vendor:/opt/ros/jazzy/opt/gz_gui_vendor:/opt/ros/jazzy/opt/gz_transport_vendor:/opt/ros/jazzy/opt/gz_rendering_vendor:/opt/ros/jazzy/opt/gz_plugin_vendor:/opt/ros/jazzy/opt/gz_fuel_tools_vendor:/opt/ros/jazzy/opt/gz_msgs_vendor:/opt/ros/jazzy/opt/gz_common_vendor:/opt/ros/jazzy/opt/gz_math_vendor:/opt/ros/jazzy/opt/gz_utils_vendor:/opt/ros/jazzy/opt/gz_tools_vendor:/opt/ros/jazzy/opt/gz_ogre_next_vendor:/opt/ros/jazzy/opt/gz_dartsim_vendor:/opt/ros/jazzy/opt/gz_cmake_vendor:/opt/ros/jazzy DEBUGINFOD_URLS=https://debuginfod.ubuntu.com GZ_SIM_RESOURCE_PATH=/home/benjamin/Documents/seniorProject/ros_ws/install/ros_gz_example_description/share/ros_gz_example_description/models:${GZ_SIM_RESOURCE_PATH} /usr/bin/cmake /home/benjamin/Documents/seniorProject/ros_ws/src/ros_gz_project_template/ros_gz_example_gazebo -DBUILD_TESTING=ON -DCMAKE_INSTALL_PREFIX=/home/benjamin/Documents/seniorProject/ros_ws/install/ros_gz_example_gazebo
[0.013s] -- Found ament_cmake: 2.5.3 (/opt/ros/jazzy/share/ament_cmake/cmake)
[0.123s] -- Found ros_gz_example_description: 0.0.0 (/home/benjamin/Documents/seniorProject/ros_ws/install/ros_gz_example_description/share/ros_gz_example_description/cmake)
[0.126s] -- Looking for gz-plugin2 -- found version 2.0.3
[0.126s] -- Searching for dependencies of gz-plugin2
[0.126s] -- Looking for gz-utils2 -- found version 2.2.0
[0.126s] -- Searching for dependencies of gz-utils2
[0.127s] -- Searching for <gz-utils2> component [cli]
[0.127s] -- Looking for gz-utils2-cli -- found version 2.2.0
[0.127s] -- Searching for dependencies of gz-utils2-cli
[0.127s] -- Searching for <gz-plugin2> component [register]
[0.128s] -- Looking for gz-plugin2-register -- found version 2.0.3
[0.128s] -- Searching for dependencies of gz-plugin2-register
[0.128s] -- Looking for gz-common5 -- found version 5.7.0
[0.128s] -- Searching for dependencies of gz-common5
[0.128s] -- Looking for gz-utils2 -- found version 2.2.0
[0.128s] -- Looking for dlfcn.h - found
[0.128s] -- Looking for libdl - found
[0.132s] -- Checking for module 'uuid'
[0.137s] --   Found uuid, version 2.39.3
[0.147s] -- Searching for <gz-common5> component [profiler]
[0.147s] -- Looking for gz-common5-profiler -- found version 5.7.0
[0.148s] -- Searching for dependencies of gz-common5-profiler
[0.153s] -- Looking for gz-sim8 -- found version 8.8.0
[0.153s] -- Searching for dependencies of gz-sim8
[0.155s] -- Looking for sdformat14 -- found version 14.6.0
[0.155s] -- Searching for dependencies of sdformat14
[0.158s] -- Checking for module 'tinyxml2'
[0.163s] --   Found tinyxml2, version 10.0.0
[0.177s] -- Looking for gz-math7 -- found version 7.5.1
[0.177s] -- Searching for dependencies of gz-math7
[0.177s] -- Looking for gz-utils2 -- found version 2.2.0
[0.178s] -- Looking for gz-utils2 -- found version 2.2.0
[0.178s] -- Looking for gz-plugin2 -- found version 2.0.3
[0.178s] -- Searching for dependencies of gz-plugin2
[0.179s] -- Looking for gz-utils2 -- found version 2.2.0
[0.179s] -- Searching for <gz-plugin2> component [loader]
[0.180s] -- Looking for gz-plugin2-loader -- found version 2.0.3
[0.180s] -- Searching for dependencies of gz-plugin2-loader
[0.180s] -- Searching for <gz-plugin2> component [register]
[0.181s] -- Looking for gz-transport13 -- found version 13.4.0
[0.182s] -- Searching for dependencies of gz-transport13
[0.261s] -- Found Protobuf: /usr/lib/aarch64-linux-gnu/libprotobuf.so (found version "3.21.12") 
[0.269s] -- Config-file not installed for ZeroMQ -- checking for pkg-config
[0.271s] -- Checking for module 'libzmq >= 4'
[0.278s] --   Found libzmq, version 4.3.5
[0.295s] -- Found ZeroMQ: TRUE (Required is at least version "4") 
[0.299s] -- Looking for gz-utils2 -- found version 2.2.0
[0.300s] -- Looking for gz-msgs10 -- found version 10.3.1
[0.300s] -- Searching for dependencies of gz-msgs10
[0.311s] -- Looking for gz-utils2 -- found version 2.2.0
[0.311s] -- Looking for gz-math7 -- found version 7.5.1
[0.383s] -- Searching for <gz-transport13> component [log]
[0.384s] -- Looking for gz-transport13-log -- found version 13.4.0
[0.384s] -- Searching for dependencies of gz-transport13-log
[0.385s] -- Searching for <gz-transport13> component [parameters]
[0.386s] -- Looking for gz-transport13-parameters -- found version 13.4.0
[0.386s] -- Searching for dependencies of gz-transport13-parameters
[0.387s] -- Looking for gz-msgs10 -- found version 10.3.1
[0.387s] -- Looking for gz-common5 -- found version 5.7.0
[0.387s] -- Searching for dependencies of gz-common5
[0.387s] -- Looking for gz-utils2 -- found version 2.2.0
[0.387s] -- Looking for dlfcn.h - found
[0.387s] -- Looking for libdl - found
[0.391s] -- Searching for <gz-common5> component [av]
[0.392s] -- Looking for gz-common5-av -- found version 5.7.0
[0.392s] -- Searching for dependencies of gz-common5-av
[0.395s] -- Checking for module 'libswscale'
[0.401s] --   Found libswscale, version 7.5.100
[0.413s] -- Found SWSCALE: TRUE  
[0.416s] -- Checking for module 'libavdevice >= 56.4.100'
[0.423s] --   Found libavdevice, version 60.3.100
[0.441s] -- Found AVDEVICE: TRUE (Required is at least version "56.4.100") 
[0.444s] -- Checking for module 'libavformat'
[0.450s] --   Found libavformat, version 60.16.100
[0.465s] -- Found AVFORMAT: TRUE  
[0.467s] -- Checking for module 'libavcodec'
[0.472s] --   Found libavcodec, version 60.31.102
[0.485s] -- Found AVCODEC: TRUE  
[0.488s] -- Checking for module 'libavutil'
[0.493s] --   Found libavutil, version 58.29.100
[0.504s] -- Found AVUTIL: TRUE  
[0.505s] -- Searching for <gz-common5> component [events]
[0.507s] -- Looking for gz-common5-events -- found version 5.7.0
[0.507s] -- Searching for dependencies of gz-common5-events
[0.507s] -- Looking for gz-math7 -- found version 7.5.1
[0.508s] -- Searching for <gz-common5> component [graphics]
[0.509s] -- Looking for gz-common5-graphics -- found version 5.7.0
[0.509s] -- Searching for dependencies of gz-common5-graphics
[0.509s] -- Looking for gz-math7 -- found version 7.5.1
[0.513s] -- Found GzAssimp: TRUE (found version "5.3.0") 
[0.513s] -- Searching for <gz-common5> component [io]
[0.514s] -- Looking for gz-common5-io -- found version 5.7.0
[0.514s] -- Searching for dependencies of gz-common5-io
[0.514s] -- Searching for <gz-common5> component [profiler]
[0.516s] -- Looking for gz-fuel_tools9 -- found version 9.1.0
[0.516s] -- Searching for dependencies of gz-fuel_tools9
[0.554s] -- Found CURL: /usr/lib/aarch64-linux-gnu/libcurl.so (found version "8.5.0")  
[0.561s] -- Checking for module 'jsoncpp'
[0.567s] --   Found jsoncpp, version 1.9.5
[0.578s] -- Found JSONCPP: TRUE  
[0.589s] -- Checking for module 'yaml-0.1'
[0.596s] --   Found yaml-0.1, version 0.2.5
[0.608s] -- Found YAML: TRUE  
[0.610s] -- Checking for module 'libzip'
[0.617s] --   Found libzip, version 1.7.3
[0.628s] -- Found ZIP: TRUE  
[0.628s] -- Looking for gz-utils2 -- found version 2.2.0
[0.629s] -- Looking for gz-common5 -- found version 5.7.0
[0.629s] -- Searching for dependencies of gz-common5
[0.629s] -- Looking for gz-utils2 -- found version 2.2.0
[0.629s] -- Looking for dlfcn.h - found
[0.629s] -- Looking for libdl - found
[0.633s] -- Searching for <gz-common5> component [testing]
[0.634s] -- Looking for gz-common5-testing -- found version 5.7.0
[0.634s] -- Searching for dependencies of gz-common5-testing
[0.635s] -- Looking for gz-math7 -- found version 7.5.1
[0.635s] -- Looking for gz-msgs10 -- found version 10.3.1
[0.637s] -- Looking for gz-gui8 -- found version 8.3.0
[0.638s] -- Searching for dependencies of gz-gui8
[0.652s] -- Looking for gz-utils2 -- found version 2.2.0
[0.652s] -- Looking for gz-math7 -- found version 7.5.1
[0.652s] -- Looking for gz-common5 -- found version 5.7.0
[0.652s] -- Looking for gz-plugin2 -- found version 2.0.3
[0.653s] -- Looking for gz-transport13 -- found version 13.4.0
[0.655s] -- Looking for gz-rendering8 -- found version 8.2.1
[0.655s] -- Searching for dependencies of gz-rendering8
[0.655s] -- Looking for gz-math7 -- found version 7.5.1
[0.655s] -- Searching for dependencies of gz-math7
[0.655s] -- Looking for gz-utils2 -- found version 2.2.0
[0.656s] -- Searching for <gz-math7> component [eigen3]
[0.657s] -- Looking for gz-math7-eigen3 -- found version 7.5.1
[0.657s] -- Searching for dependencies of gz-math7-eigen3
[0.663s] -- Looking for gz-common5 -- found version 5.7.0
[0.663s] -- Searching for dependencies of gz-common5
[0.663s] -- Looking for gz-utils2 -- found version 2.2.0
[0.663s] -- Looking for dlfcn.h - found
[0.664s] -- Looking for libdl - found
[0.667s] -- Searching for <gz-common5> component [graphics]
[0.667s] -- Searching for <gz-common5> component [events]
[0.667s] -- Searching for <gz-common5> component [geospatial]
[0.668s] -- Looking for gz-common5-geospatial -- found version 5.7.0
[0.669s] -- Searching for dependencies of gz-common5-geospatial
[0.669s] -- Looking for gz-math7 -- found version 7.5.1
[0.669s] -- Looking for gz-common5 -- found version 5.7.0
[0.670s] -- Looking for gz-plugin2 -- found version 2.0.3
[0.670s] -- Searching for dependencies of gz-plugin2
[0.670s] -- Looking for gz-utils2 -- found version 2.2.0
[0.670s] -- Searching for <gz-plugin2> component [all]
[0.671s] -- Looking for all libraries of gz-plugin2 -- found version 2.0.3
[0.671s] -- Looking for gz-plugin2 -- found version 2.0.3
[0.672s] -- Looking for gz-utils2 -- found version 2.2.0
[0.680s] -- Found OpenGL: /usr/lib/aarch64-linux-gnu/libOpenGL.so  found components: OpenGL 
[0.681s] -- Looking for gz-msgs10 -- found version 10.3.1
[0.703s] -- Looking for gz-physics7 -- found version 7.4.0
[0.703s] -- Searching for dependencies of gz-physics7
[0.703s] -- Looking for gz-common5 -- found version 5.7.0
[0.704s] -- Looking for gz-math7 -- found version 7.5.1
[0.704s] -- Looking for gz-plugin2 -- found version 2.0.3
[0.704s] -- Looking for gz-utils2 -- found version 2.2.0
[0.705s] -- Searching for <gz-physics7> component [heightmap]
[0.706s] -- Looking for gz-physics7-heightmap -- found version 7.4.0
[0.706s] -- Searching for dependencies of gz-physics7-heightmap
[0.706s] -- Looking for gz-common5 -- found version 5.7.0
[0.707s] -- Searching for <gz-physics7> component [mesh]
[0.707s] -- Looking for gz-physics7-mesh -- found version 7.4.0
[0.707s] -- Searching for dependencies of gz-physics7-mesh
[0.708s] -- Looking for gz-common5 -- found version 5.7.0
[0.708s] -- Searching for <gz-physics7> component [sdf]
[0.709s] -- Looking for gz-physics7-sdf -- found version 7.4.0
[0.709s] -- Searching for dependencies of gz-physics7-sdf
[0.709s] -- Looking for sdformat14 -- found version 14.6.0
[0.711s] -- Looking for gz-sensors8 -- found version 8.2.1
[0.711s] -- Searching for dependencies of gz-sensors8
[0.722s] -- Looking for gz-math7 -- found version 7.5.1
[0.722s] -- Looking for gz-common5 -- found version 5.7.0
[0.722s] -- Looking for gz-transport13 -- found version 13.4.0
[0.722s] -- Looking for gz-rendering8 -- found version 8.2.1
[0.722s] -- Looking for gz-msgs10 -- found version 10.3.1
[0.723s] -- Looking for sdformat14 -- found version 14.6.0
[0.723s] -- Searching for <gz-sensors8> component [air_pressure]
[0.724s] -- Looking for gz-sensors8-air_pressure -- found version 8.2.1
[0.724s] -- Searching for dependencies of gz-sensors8-air_pressure
[0.724s] -- Searching for <gz-sensors8> component [air_speed]
[0.725s] -- Looking for gz-sensors8-air_speed -- found version 8.2.1
[0.725s] -- Searching for dependencies of gz-sensors8-air_speed
[0.726s] -- Searching for <gz-sensors8> component [altimeter]
[0.726s] -- Looking for gz-sensors8-altimeter -- found version 8.2.1
[0.726s] -- Searching for dependencies of gz-sensors8-altimeter
[0.727s] -- Searching for <gz-sensors8> component [imu]
[0.727s] -- Looking for gz-sensors8-imu -- found version 8.2.1
[0.728s] -- Searching for dependencies of gz-sensors8-imu
[0.728s] -- Searching for <gz-sensors8> component [force_torque]
[0.729s] -- Looking for gz-sensors8-force_torque -- found version 8.2.1
[0.729s] -- Searching for dependencies of gz-sensors8-force_torque
[0.729s] -- Searching for <gz-sensors8> component [logical_camera]
[0.730s] -- Looking for gz-sensors8-logical_camera -- found version 8.2.1
[0.730s] -- Searching for dependencies of gz-sensors8-logical_camera
[0.730s] -- Searching for <gz-sensors8> component [magnetometer]
[0.731s] -- Looking for gz-sensors8-magnetometer -- found version 8.2.1
[0.731s] -- Searching for dependencies of gz-sensors8-magnetometer
[0.731s] -- Searching for <gz-sensors8> component [navsat]
[0.732s] -- Looking for gz-sensors8-navsat -- found version 8.2.1
[0.732s] -- Searching for dependencies of gz-sensors8-navsat
[0.732s] -- Searching for <gz-sensors8> component [dvl]
[0.733s] -- Looking for gz-sensors8-dvl -- found version 8.2.1
[0.733s] -- Searching for dependencies of gz-sensors8-dvl
[0.733s] -- Looking for gz-sensors8 -- found version 8.2.1
[0.733s] -- Searching for dependencies of gz-sensors8
[0.744s] -- Looking for gz-math7 -- found version 7.5.1
[0.744s] -- Looking for gz-common5 -- found version 5.7.0
[0.745s] -- Looking for gz-transport13 -- found version 13.4.0
[0.745s] -- Looking for gz-rendering8 -- found version 8.2.1
[0.745s] -- Looking for gz-msgs10 -- found version 10.3.1
[0.745s] -- Looking for sdformat14 -- found version 14.6.0
[0.745s] -- Searching for <gz-sensors8> component [rendering]
[0.746s] -- Looking for gz-sensors8-rendering -- found version 8.2.1
[0.746s] -- Searching for dependencies of gz-sensors8-rendering
[0.747s] -- Searching for <gz-sensors8> component [rendering]
[0.747s] -- Searching for <gz-sensors8> component [lidar]
[0.748s] -- Looking for gz-sensors8-lidar -- found version 8.2.1
[0.748s] -- Searching for dependencies of gz-sensors8-lidar
[0.748s] -- Looking for gz-sensors8 -- found version 8.2.1
[0.749s] -- Searching for <gz-sensors8> component [gpu_lidar]
[0.749s] -- Looking for gz-sensors8-gpu_lidar -- found version 8.2.1
[0.749s] -- Searching for dependencies of gz-sensors8-gpu_lidar
[0.750s] -- Looking for gz-sensors8 -- found version 8.2.1
[0.750s] -- Searching for <gz-sensors8> component [camera]
[0.751s] -- Looking for gz-sensors8-camera -- found version 8.2.1
[0.751s] -- Searching for dependencies of gz-sensors8-camera
[0.751s] -- Looking for gz-sensors8 -- found version 8.2.1
[0.751s] -- Searching for <gz-sensors8> component [boundingbox_camera]
[0.752s] -- Looking for gz-sensors8-boundingbox_camera -- found version 8.2.1
[0.752s] -- Searching for dependencies of gz-sensors8-boundingbox_camera
[0.753s] -- Searching for <gz-sensors8> component [segmentation_camera]
[0.754s] -- Looking for gz-sensors8-segmentation_camera -- found version 8.2.1
[0.754s] -- Searching for dependencies of gz-sensors8-segmentation_camera
[0.754s] -- Searching for <gz-sensors8> component [depth_camera]
[0.755s] -- Looking for gz-sensors8-depth_camera -- found version 8.2.1
[0.755s] -- Searching for dependencies of gz-sensors8-depth_camera
[0.755s] -- Looking for gz-sensors8 -- found version 8.2.1
[0.756s] -- Searching for <gz-sensors8> component [rgbd_camera]
[0.756s] -- Looking for gz-sensors8-rgbd_camera -- found version 8.2.1
[0.756s] -- Searching for dependencies of gz-sensors8-rgbd_camera
[0.757s] -- Looking for gz-sensors8 -- found version 8.2.1
[0.757s] -- Searching for <gz-sensors8> component [thermal_camera]
[0.758s] -- Looking for gz-sensors8-thermal_camera -- found version 8.2.1
[0.758s] -- Searching for dependencies of gz-sensors8-thermal_camera
[0.758s] -- Looking for gz-sensors8 -- found version 8.2.1
[0.759s] -- Searching for <gz-sensors8> component [wide_angle_camera]
[0.759s] -- Looking for gz-sensors8-wide_angle_camera -- found version 8.2.1
[0.759s] -- Searching for dependencies of gz-sensors8-wide_angle_camera
[0.760s] -- Looking for gz-rendering8 -- found version 8.2.1
[0.760s] -- Looking for gz-math7 -- found version 7.5.1
[0.760s] -- Looking for gz-utils2 -- found version 2.2.0
[0.772s] -- Compiling against Gazebo Harmonic
[0.774s] -- Found ament_lint_auto: 0.17.1 (/opt/ros/jazzy/share/ament_lint_auto/cmake)
[0.818s] -- Configuring done (0.8s)
[0.833s] -- Generating done (0.0s)
[0.836s] -- Build files have been written to: /home/benjamin/Documents/seniorProject/ros_ws/build/ros_gz_example_gazebo
[0.841s] Invoked command in '/home/benjamin/Documents/seniorProject/ros_ws/build/ros_gz_example_gazebo' returned '0': CMAKE_PREFIX_PATH=/home/benjamin/Documents/seniorProject/ros_ws/install/ros_gz_example_description:/home/benjamin/Documents/seniorProject/ros_ws/install/ros_gz_example_bringup:/home/benjamin/Documents/seniorProject/ros_ws/install/ros_gz_example_gazebo:/home/benjamin/Documents/seniorProject/ros_ws/install/ros_gz_example_application:/opt/ros/jazzy/opt/gz_sim_vendor:/opt/ros/jazzy/opt/gz_sensors_vendor:/opt/ros/jazzy/opt/gz_physics_vendor:/opt/ros/jazzy/opt/sdformat_vendor:/opt/ros/jazzy/opt/gz_gui_vendor:/opt/ros/jazzy/opt/gz_transport_vendor:/opt/ros/jazzy/opt/gz_rendering_vendor:/opt/ros/jazzy/opt/gz_plugin_vendor:/opt/ros/jazzy/opt/gz_fuel_tools_vendor:/opt/ros/jazzy/opt/gz_msgs_vendor:/opt/ros/jazzy/opt/gz_common_vendor:/opt/ros/jazzy/opt/gz_math_vendor:/opt/ros/jazzy/opt/gz_utils_vendor:/opt/ros/jazzy/opt/gz_tools_vendor:/opt/ros/jazzy/opt/gz_ogre_next_vendor:/opt/ros/jazzy/opt/gz_dartsim_vendor:/opt/ros/jazzy/opt/gz_cmake_vendor:/opt/ros/jazzy DEBUGINFOD_URLS=https://debuginfod.ubuntu.com GZ_SIM_RESOURCE_PATH=/home/benjamin/Documents/seniorProject/ros_ws/install/ros_gz_example_description/share/ros_gz_example_description/models:${GZ_SIM_RESOURCE_PATH} /usr/bin/cmake /home/benjamin/Documents/seniorProject/ros_ws/src/ros_gz_project_template/ros_gz_example_gazebo -DBUILD_TESTING=ON -DCMAKE_INSTALL_PREFIX=/home/benjamin/Documents/seniorProject/ros_ws/install/ros_gz_example_gazebo
[0.841s] Invoking command in '/home/benjamin/Documents/seniorProject/ros_ws/build/ros_gz_example_gazebo': CMAKE_PREFIX_PATH=/home/benjamin/Documents/seniorProject/ros_ws/install/ros_gz_example_description:/home/benjamin/Documents/seniorProject/ros_ws/install/ros_gz_example_bringup:/home/benjamin/Documents/seniorProject/ros_ws/install/ros_gz_example_gazebo:/home/benjamin/Documents/seniorProject/ros_ws/install/ros_gz_example_application:/opt/ros/jazzy/opt/gz_sim_vendor:/opt/ros/jazzy/opt/gz_sensors_vendor:/opt/ros/jazzy/opt/gz_physics_vendor:/opt/ros/jazzy/opt/sdformat_vendor:/opt/ros/jazzy/opt/gz_gui_vendor:/opt/ros/jazzy/opt/gz_transport_vendor:/opt/ros/jazzy/opt/gz_rendering_vendor:/opt/ros/jazzy/opt/gz_plugin_vendor:/opt/ros/jazzy/opt/gz_fuel_tools_vendor:/opt/ros/jazzy/opt/gz_msgs_vendor:/opt/ros/jazzy/opt/gz_common_vendor:/opt/ros/jazzy/opt/gz_math_vendor:/opt/ros/jazzy/opt/gz_utils_vendor:/opt/ros/jazzy/opt/gz_tools_vendor:/opt/ros/jazzy/opt/gz_ogre_next_vendor:/opt/ros/jazzy/opt/gz_dartsim_vendor:/opt/ros/jazzy/opt/gz_cmake_vendor:/opt/ros/jazzy DEBUGINFOD_URLS=https://debuginfod.ubuntu.com GZ_SIM_RESOURCE_PATH=/home/benjamin/Documents/seniorProject/ros_ws/install/ros_gz_example_description/share/ros_gz_example_description/models:${GZ_SIM_RESOURCE_PATH} /usr/bin/cmake --build /home/benjamin/Documents/seniorProject/ros_ws/build/ros_gz_example_gazebo -- -j6 -l6
[0.877s] [ 25%] [32mBuilding CXX object CMakeFiles/BasicSystem.dir/src/BasicSystem.cc.o[0m
[0.879s] [ 50%] [32mBuilding CXX object CMakeFiles/FullSystem.dir/src/FullSystem.cc.o[0m
[2.339s] [ 75%] [32m[1mLinking CXX shared library libBasicSystem.so[0m
[2.414s] [100%] [32m[1mLinking CXX shared library libFullSystem.so[0m
[2.433s] [100%] Built target BasicSystem
[2.501s] [100%] Built target FullSystem
[2.506s] Invoked command in '/home/benjamin/Documents/seniorProject/ros_ws/build/ros_gz_example_gazebo' returned '0': CMAKE_PREFIX_PATH=/home/benjamin/Documents/seniorProject/ros_ws/install/ros_gz_example_description:/home/benjamin/Documents/seniorProject/ros_ws/install/ros_gz_example_bringup:/home/benjamin/Documents/seniorProject/ros_ws/install/ros_gz_example_gazebo:/home/benjamin/Documents/seniorProject/ros_ws/install/ros_gz_example_application:/opt/ros/jazzy/opt/gz_sim_vendor:/opt/ros/jazzy/opt/gz_sensors_vendor:/opt/ros/jazzy/opt/gz_physics_vendor:/opt/ros/jazzy/opt/sdformat_vendor:/opt/ros/jazzy/opt/gz_gui_vendor:/opt/ros/jazzy/opt/gz_transport_vendor:/opt/ros/jazzy/opt/gz_rendering_vendor:/opt/ros/jazzy/opt/gz_plugin_vendor:/opt/ros/jazzy/opt/gz_fuel_tools_vendor:/opt/ros/jazzy/opt/gz_msgs_vendor:/opt/ros/jazzy/opt/gz_common_vendor:/opt/ros/jazzy/opt/gz_math_vendor:/opt/ros/jazzy/opt/gz_utils_vendor:/opt/ros/jazzy/opt/gz_tools_vendor:/opt/ros/jazzy/opt/gz_ogre_next_vendor:/opt/ros/jazzy/opt/gz_dartsim_vendor:/opt/ros/jazzy/opt/gz_cmake_vendor:/opt/ros/jazzy DEBUGINFOD_URLS=https://debuginfod.ubuntu.com GZ_SIM_RESOURCE_PATH=/home/benjamin/Documents/seniorProject/ros_ws/install/ros_gz_example_description/share/ros_gz_example_description/models:${GZ_SIM_RESOURCE_PATH} /usr/bin/cmake --build /home/benjamin/Documents/seniorProject/ros_ws/build/ros_gz_example_gazebo -- -j6 -l6
[2.508s] Invoking command in '/home/benjamin/Documents/seniorProject/ros_ws/build/ros_gz_example_gazebo': CMAKE_PREFIX_PATH=/home/benjamin/Documents/seniorProject/ros_ws/install/ros_gz_example_description:/home/benjamin/Documents/seniorProject/ros_ws/install/ros_gz_example_bringup:/home/benjamin/Documents/seniorProject/ros_ws/install/ros_gz_example_gazebo:/home/benjamin/Documents/seniorProject/ros_ws/install/ros_gz_example_application:/opt/ros/jazzy/opt/gz_sim_vendor:/opt/ros/jazzy/opt/gz_sensors_vendor:/opt/ros/jazzy/opt/gz_physics_vendor:/opt/ros/jazzy/opt/sdformat_vendor:/opt/ros/jazzy/opt/gz_gui_vendor:/opt/ros/jazzy/opt/gz_transport_vendor:/opt/ros/jazzy/opt/gz_rendering_vendor:/opt/ros/jazzy/opt/gz_plugin_vendor:/opt/ros/jazzy/opt/gz_fuel_tools_vendor:/opt/ros/jazzy/opt/gz_msgs_vendor:/opt/ros/jazzy/opt/gz_common_vendor:/opt/ros/jazzy/opt/gz_math_vendor:/opt/ros/jazzy/opt/gz_utils_vendor:/opt/ros/jazzy/opt/gz_tools_vendor:/opt/ros/jazzy/opt/gz_ogre_next_vendor:/opt/ros/jazzy/opt/gz_dartsim_vendor:/opt/ros/jazzy/opt/gz_cmake_vendor:/opt/ros/jazzy DEBUGINFOD_URLS=https://debuginfod.ubuntu.com GZ_SIM_RESOURCE_PATH=/home/benjamin/Documents/seniorProject/ros_ws/install/ros_gz_example_description/share/ros_gz_example_description/models:${GZ_SIM_RESOURCE_PATH} /usr/bin/cmake --install /home/benjamin/Documents/seniorProject/ros_ws/build/ros_gz_example_gazebo
[2.511s] -- Install configuration: ""
[2.511s] -- Installing: /home/benjamin/Documents/seniorProject/ros_ws/install/ros_gz_example_gazebo/lib/ros_gz_example_gazebo/libBasicSystem.so
[2.511s] -- Set non-toolchain portion of runtime path of "/home/benjamin/Documents/seniorProject/ros_ws/install/ros_gz_example_gazebo/lib/ros_gz_example_gazebo/libBasicSystem.so" to ""
[2.511s] -- Installing: /home/benjamin/Documents/seniorProject/ros_ws/install/ros_gz_example_gazebo/lib/ros_gz_example_gazebo/libFullSystem.so
[2.512s] -- Set non-toolchain portion of runtime path of "/home/benjamin/Documents/seniorProject/ros_ws/install/ros_gz_example_gazebo/lib/ros_gz_example_gazebo/libFullSystem.so" to ""
[2.512s] -- Installing: /home/benjamin/Documents/seniorProject/ros_ws/install/ros_gz_example_gazebo/share/ros_gz_example_gazebo/worlds
[2.512s] -- Installing: /home/benjamin/Documents/seniorProject/ros_ws/install/ros_gz_example_gazebo/share/ros_gz_example_gazebo/worlds/diff_drive.sdf
[2.512s] -- Installing: /home/benjamin/Documents/seniorProject/ros_ws/install/ros_gz_example_gazebo/share/ros_gz_example_gazebo/worlds/x3.sdf
[2.512s] -- Installing: /home/benjamin/Documents/seniorProject/ros_ws/install/ros_gz_example_gazebo/share/ros_gz_example_gazebo/environment/ros_gz_example_gazebo.dsv
[2.512s] -- Installing: /home/benjamin/Documents/seniorProject/ros_ws/install/ros_gz_example_gazebo/share/ros_gz_example_gazebo/environment/ros_gz_example_gazebo.sh
[2.512s] -- Installing: /home/benjamin/Documents/seniorProject/ros_ws/install/ros_gz_example_gazebo/share/ament_index/resource_index/package_run_dependencies/ros_gz_example_gazebo
[2.512s] -- Installing: /home/benjamin/Documents/seniorProject/ros_ws/install/ros_gz_example_gazebo/share/ament_index/resource_index/parent_prefix_path/ros_gz_example_gazebo
[2.512s] -- Installing: /home/benjamin/Documents/seniorProject/ros_ws/install/ros_gz_example_gazebo/share/ros_gz_example_gazebo/environment/ament_prefix_path.sh
[2.512s] -- Installing: /home/benjamin/Documents/seniorProject/ros_ws/install/ros_gz_example_gazebo/share/ros_gz_example_gazebo/environment/ament_prefix_path.dsv
[2.513s] -- Installing: /home/benjamin/Documents/seniorProject/ros_ws/install/ros_gz_example_gazebo/share/ros_gz_example_gazebo/environment/path.sh
[2.513s] -- Installing: /home/benjamin/Documents/seniorProject/ros_ws/install/ros_gz_example_gazebo/share/ros_gz_example_gazebo/environment/path.dsv
[2.513s] -- Installing: /home/benjamin/Documents/seniorProject/ros_ws/install/ros_gz_example_gazebo/share/ros_gz_example_gazebo/local_setup.bash
[2.513s] -- Installing: /home/benjamin/Documents/seniorProject/ros_ws/install/ros_gz_example_gazebo/share/ros_gz_example_gazebo/local_setup.sh
[2.513s] -- Installing: /home/benjamin/Documents/seniorProject/ros_ws/install/ros_gz_example_gazebo/share/ros_gz_example_gazebo/local_setup.zsh
[2.513s] -- Installing: /home/benjamin/Documents/seniorProject/ros_ws/install/ros_gz_example_gazebo/share/ros_gz_example_gazebo/local_setup.dsv
[2.513s] -- Installing: /home/benjamin/Documents/seniorProject/ros_ws/install/ros_gz_example_gazebo/share/ros_gz_example_gazebo/package.dsv
[2.513s] -- Installing: /home/benjamin/Documents/seniorProject/ros_ws/install/ros_gz_example_gazebo/share/ament_index/resource_index/packages/ros_gz_example_gazebo
[2.513s] -- Installing: /home/benjamin/Documents/seniorProject/ros_ws/install/ros_gz_example_gazebo/share/ros_gz_example_gazebo/cmake/ros_gz_example_gazeboConfig.cmake
[2.513s] -- Installing: /home/benjamin/Documents/seniorProject/ros_ws/install/ros_gz_example_gazebo/share/ros_gz_example_gazebo/cmake/ros_gz_example_gazeboConfig-version.cmake
[2.513s] -- Installing: /home/benjamin/Documents/seniorProject/ros_ws/install/ros_gz_example_gazebo/share/ros_gz_example_gazebo/package.xml
[2.514s] Invoked command in '/home/benjamin/Documents/seniorProject/ros_ws/build/ros_gz_example_gazebo' returned '0': CMAKE_PREFIX_PATH=/home/benjamin/Documents/seniorProject/ros_ws/install/ros_gz_example_description:/home/benjamin/Documents/seniorProject/ros_ws/install/ros_gz_example_bringup:/home/benjamin/Documents/seniorProject/ros_ws/install/ros_gz_example_gazebo:/home/benjamin/Documents/seniorProject/ros_ws/install/ros_gz_example_application:/opt/ros/jazzy/opt/gz_sim_vendor:/opt/ros/jazzy/opt/gz_sensors_vendor:/opt/ros/jazzy/opt/gz_physics_vendor:/opt/ros/jazzy/opt/sdformat_vendor:/opt/ros/jazzy/opt/gz_gui_vendor:/opt/ros/jazzy/opt/gz_transport_vendor:/opt/ros/jazzy/opt/gz_rendering_vendor:/opt/ros/jazzy/opt/gz_plugin_vendor:/opt/ros/jazzy/opt/gz_fuel_tools_vendor:/opt/ros/jazzy/opt/gz_msgs_vendor:/opt/ros/jazzy/opt/gz_common_vendor:/opt/ros/jazzy/opt/gz_math_vendor:/opt/ros/jazzy/opt/gz_utils_vendor:/opt/ros/jazzy/opt/gz_tools_vendor:/opt/ros/jazzy/opt/gz_ogre_next_vendor:/opt/ros/jazzy/opt/gz_dartsim_vendor:/opt/ros/jazzy/opt/gz_cmake_vendor:/opt/ros/jazzy DEBUGINFOD_URLS=https://debuginfod.ubuntu.com GZ_SIM_RESOURCE_PATH=/home/benjamin/Documents/seniorProject/ros_ws/install/ros_gz_example_description/share/ros_gz_example_description/models:${GZ_SIM_RESOURCE_PATH} /usr/bin/cmake --install /home/benjamin/Documents/seniorProject/ros_ws/build/ros_gz_example_gazebo
