[0.007s] Invoking command in '/home/benjamin/Documents/seniorProject/ros_ws/build/ros_gz_example_application': CMAKE_PREFIX_PATH=${CMAKE_PREFIX_PATH}:/opt/ros/jazzy DEBUGINFOD_URLS=https://debuginfod.ubuntu.com /usr/bin/cmake /home/benjamin/Documents/seniorProject/ros_ws/src/ros_gz_project_template/ros_gz_example_application -DBUILD_TESTING=ON -DCMAKE_INSTALL_PREFIX=/home/benjamin/Documents/seniorProject/ros_ws/install/ros_gz_example_application
[0.126s] -- The C compiler identification is GNU 13.3.0
[0.212s] -- The CXX compiler identification is GNU 13.3.0
[0.223s] -- Detecting C compiler ABI info
[0.276s] -- Detecting C compiler ABI info - done
[0.281s] -- Check for working C compiler: /usr/bin/cc - skipped
[0.282s] -- Detecting C compile features
[0.282s] -- Detecting C compile features - done
[0.287s] -- Detecting CXX compiler ABI info
[0.342s] -- Detecting CXX compiler ABI info - done
[0.347s] -- Check for working CXX compiler: /usr/bin/c++ - skipped
[0.347s] -- Detecting CXX compile features
[0.348s] -- Detecting CXX compile features - done
[0.354s] -- Found ament_cmake: 2.5.3 (/opt/ros/jazzy/share/ament_cmake/cmake)
[0.438s] -- Found Python3: /usr/bin/python3 (found version "3.12.3") found components: Interpreter 
[0.564s] -- Configuring done (0.6s)
[0.566s] -- Generating done (0.0s)
[0.567s] -- Build files have been written to: /home/benjamin/Documents/seniorProject/ros_ws/build/ros_gz_example_application
[0.572s] Invoked command in '/home/benjamin/Documents/seniorProject/ros_ws/build/ros_gz_example_application' returned '0': CMAKE_PREFIX_PATH=${CMAKE_PREFIX_PATH}:/opt/ros/jazzy DEBUGINFOD_URLS=https://debuginfod.ubuntu.com /usr/bin/cmake /home/benjamin/Documents/seniorProject/ros_ws/src/ros_gz_project_template/ros_gz_example_application -DBUILD_TESTING=ON -DCMAKE_INSTALL_PREFIX=/home/benjamin/Documents/seniorProject/ros_ws/install/ros_gz_example_application
[0.572s] Invoking command in '/home/benjamin/Documents/seniorProject/ros_ws/build/ros_gz_example_application': CMAKE_PREFIX_PATH=${CMAKE_PREFIX_PATH}:/opt/ros/jazzy DEBUGINFOD_URLS=https://debuginfod.ubuntu.com /usr/bin/cmake --build /home/benjamin/Documents/seniorProject/ros_ws/build/ros_gz_example_application -- -j6 -l6
[0.592s] Invoked command in '/home/benjamin/Documents/seniorProject/ros_ws/build/ros_gz_example_application' returned '0': CMAKE_PREFIX_PATH=${CMAKE_PREFIX_PATH}:/opt/ros/jazzy DEBUGINFOD_URLS=https://debuginfod.ubuntu.com /usr/bin/cmake --build /home/benjamin/Documents/seniorProject/ros_ws/build/ros_gz_example_application -- -j6 -l6
[0.596s] Invoking command in '/home/benjamin/Documents/seniorProject/ros_ws/build/ros_gz_example_application': CMAKE_PREFIX_PATH=${CMAKE_PREFIX_PATH}:/opt/ros/jazzy DEBUGINFOD_URLS=https://debuginfod.ubuntu.com /usr/bin/cmake --install /home/benjamin/Documents/seniorProject/ros_ws/build/ros_gz_example_application
[0.602s] -- Install configuration: ""
[0.602s] -- Installing: /home/benjamin/Documents/seniorProject/ros_ws/install/ros_gz_example_application/share/ament_index/resource_index/package_run_dependencies/ros_gz_example_application
[0.602s] -- Installing: /home/benjamin/Documents/seniorProject/ros_ws/install/ros_gz_example_application/share/ament_index/resource_index/parent_prefix_path/ros_gz_example_application
[0.602s] -- Installing: /home/benjamin/Documents/seniorProject/ros_ws/install/ros_gz_example_application/share/ros_gz_example_application/environment/ament_prefix_path.sh
[0.602s] -- Installing: /home/benjamin/Documents/seniorProject/ros_ws/install/ros_gz_example_application/share/ros_gz_example_application/environment/ament_prefix_path.dsv
[0.602s] -- Installing: /home/benjamin/Documents/seniorProject/ros_ws/install/ros_gz_example_application/share/ros_gz_example_application/environment/path.sh
[0.602s] -- Installing: /home/benjamin/Documents/seniorProject/ros_ws/install/ros_gz_example_application/share/ros_gz_example_application/environment/path.dsv
[0.602s] -- Installing: /home/benjamin/Documents/seniorProject/ros_ws/install/ros_gz_example_application/share/ros_gz_example_application/local_setup.bash
[0.603s] -- Installing: /home/benjamin/Documents/seniorProject/ros_ws/install/ros_gz_example_application/share/ros_gz_example_application/local_setup.sh
[0.603s] -- Installing: /home/benjamin/Documents/seniorProject/ros_ws/install/ros_gz_example_application/share/ros_gz_example_application/local_setup.zsh
[0.603s] -- Installing: /home/benjamin/Documents/seniorProject/ros_ws/install/ros_gz_example_application/share/ros_gz_example_application/local_setup.dsv
[0.603s] -- Installing: /home/benjamin/Documents/seniorProject/ros_ws/install/ros_gz_example_application/share/ros_gz_example_application/package.dsv
[0.603s] -- Installing: /home/benjamin/Documents/seniorProject/ros_ws/install/ros_gz_example_application/share/ament_index/resource_index/packages/ros_gz_example_application
[0.603s] -- Installing: /home/benjamin/Documents/seniorProject/ros_ws/install/ros_gz_example_application/share/ros_gz_example_application/cmake/ros_gz_example_applicationConfig.cmake
[0.604s] -- Installing: /home/benjamin/Documents/seniorProject/ros_ws/install/ros_gz_example_application/share/ros_gz_example_application/cmake/ros_gz_example_applicationConfig-version.cmake
[0.604s] -- Installing: /home/benjamin/Documents/seniorProject/ros_ws/install/ros_gz_example_application/share/ros_gz_example_application/package.xml
[0.605s] Invoked command in '/home/benjamin/Documents/seniorProject/ros_ws/build/ros_gz_example_application' returned '0': CMAKE_PREFIX_PATH=${CMAKE_PREFIX_PATH}:/opt/ros/jazzy DEBUGINFOD_URLS=https://debuginfod.ubuntu.com /usr/bin/cmake --install /home/benjamin/Documents/seniorProject/ros_ws/build/ros_gz_example_application
